CRITICAL - 2024-04-30 18:39:25 --> ErrorException: require_once(nav.php): Failed to open stream: No such file or directory
in APPPATH\Views\welcome_message.php on line 12.
 1 APPPATH\Views\welcome_message.php(12): CodeIgniter\Debug\Exceptions->errorHandler(2, 'require_once(nav.php): Failed to open stream: No such file or directory', 'C:\\xampp\\htdocs\\ci-4\\app\\Views\\welcome_message.php', 12)
 2 APPPATH\Views\welcome_message.php(12): require_once()
 3 SYSTEMPATH\View\View.php(228): include('C:\\xampp\\htdocs\\ci-4\\app\\Views\\welcome_message.php')
 4 SYSTEMPATH\View\View.php(231): CodeIgniter\View\View->CodeIgniter\View\{closure}()
 5 SYSTEMPATH\Common.php(1178): CodeIgniter\View\View->render('welcome_message', [], true)
 6 APPPATH\Controllers\Home.php(9): view('welcome_message')
 7 SYSTEMPATH\CodeIgniter.php(943): App\Controllers\Home->index()
 8 SYSTEMPATH\CodeIgniter.php(503): CodeIgniter\CodeIgniter->runController(Object(App\Controllers\Home))
 9 SYSTEMPATH\CodeIgniter.php(361): CodeIgniter\CodeIgniter->handleRequest(null, Object(Config\Cache), false)
10 FCPATH\index.php(79): CodeIgniter\CodeIgniter->run()
CRITICAL - 2024-04-30 18:39:29 --> ErrorException: require_once(nav.php): Failed to open stream: No such file or directory
in APPPATH\Views\welcome_message.php on line 12.
 1 APPPATH\Views\welcome_message.php(12): CodeIgniter\Debug\Exceptions->errorHandler(2, 'require_once(nav.php): Failed to open stream: No such file or directory', 'C:\\xampp\\htdocs\\ci-4\\app\\Views\\welcome_message.php', 12)
 2 APPPATH\Views\welcome_message.php(12): require_once()
 3 SYSTEMPATH\View\View.php(228): include('C:\\xampp\\htdocs\\ci-4\\app\\Views\\welcome_message.php')
 4 SYSTEMPATH\View\View.php(231): CodeIgniter\View\View->CodeIgniter\View\{closure}()
 5 SYSTEMPATH\Common.php(1178): CodeIgniter\View\View->render('welcome_message', [], true)
 6 APPPATH\Controllers\Home.php(9): view('welcome_message')
 7 SYSTEMPATH\CodeIgniter.php(943): App\Controllers\Home->index()
 8 SYSTEMPATH\CodeIgniter.php(503): CodeIgniter\CodeIgniter->runController(Object(App\Controllers\Home))
 9 SYSTEMPATH\CodeIgniter.php(361): CodeIgniter\CodeIgniter->handleRequest(null, Object(Config\Cache), false)
10 FCPATH\index.php(79): CodeIgniter\CodeIgniter->run()
CRITICAL - 2024-04-30 18:39:30 --> ErrorException: require_once(nav.php): Failed to open stream: No such file or directory
in APPPATH\Views\welcome_message.php on line 12.
 1 APPPATH\Views\welcome_message.php(12): CodeIgniter\Debug\Exceptions->errorHandler(2, 'require_once(nav.php): Failed to open stream: No such file or directory', 'C:\\xampp\\htdocs\\ci-4\\app\\Views\\welcome_message.php', 12)
 2 APPPATH\Views\welcome_message.php(12): require_once()
 3 SYSTEMPATH\View\View.php(228): include('C:\\xampp\\htdocs\\ci-4\\app\\Views\\welcome_message.php')
 4 SYSTEMPATH\View\View.php(231): CodeIgniter\View\View->CodeIgniter\View\{closure}()
 5 SYSTEMPATH\Common.php(1178): CodeIgniter\View\View->render('welcome_message', [], true)
 6 APPPATH\Controllers\Home.php(9): view('welcome_message')
 7 SYSTEMPATH\CodeIgniter.php(943): App\Controllers\Home->index()
 8 SYSTEMPATH\CodeIgniter.php(503): CodeIgniter\CodeIgniter->runController(Object(App\Controllers\Home))
 9 SYSTEMPATH\CodeIgniter.php(361): CodeIgniter\CodeIgniter->handleRequest(null, Object(Config\Cache), false)
10 FCPATH\index.php(79): CodeIgniter\CodeIgniter->run()
CRITICAL - 2024-04-30 18:39:31 --> ErrorException: require_once(nav.php): Failed to open stream: No such file or directory
in APPPATH\Views\welcome_message.php on line 12.
 1 APPPATH\Views\welcome_message.php(12): CodeIgniter\Debug\Exceptions->errorHandler(2, 'require_once(nav.php): Failed to open stream: No such file or directory', 'C:\\xampp\\htdocs\\ci-4\\app\\Views\\welcome_message.php', 12)
 2 APPPATH\Views\welcome_message.php(12): require_once()
 3 SYSTEMPATH\View\View.php(228): include('C:\\xampp\\htdocs\\ci-4\\app\\Views\\welcome_message.php')
 4 SYSTEMPATH\View\View.php(231): CodeIgniter\View\View->CodeIgniter\View\{closure}()
 5 SYSTEMPATH\Common.php(1178): CodeIgniter\View\View->render('welcome_message', [], true)
 6 APPPATH\Controllers\Home.php(9): view('welcome_message')
 7 SYSTEMPATH\CodeIgniter.php(943): App\Controllers\Home->index()
 8 SYSTEMPATH\CodeIgniter.php(503): CodeIgniter\CodeIgniter->runController(Object(App\Controllers\Home))
 9 SYSTEMPATH\CodeIgniter.php(361): CodeIgniter\CodeIgniter->handleRequest(null, Object(Config\Cache), false)
10 FCPATH\index.php(79): CodeIgniter\CodeIgniter->run()
CRITICAL - 2024-04-30 18:39:33 --> ErrorException: require_once(nav.php): Failed to open stream: No such file or directory
in APPPATH\Views\welcome_message.php on line 12.
 1 APPPATH\Views\welcome_message.php(12): CodeIgniter\Debug\Exceptions->errorHandler(2, 'require_once(nav.php): Failed to open stream: No such file or directory', 'C:\\xampp\\htdocs\\ci-4\\app\\Views\\welcome_message.php', 12)
 2 APPPATH\Views\welcome_message.php(12): require_once()
 3 SYSTEMPATH\View\View.php(228): include('C:\\xampp\\htdocs\\ci-4\\app\\Views\\welcome_message.php')
 4 SYSTEMPATH\View\View.php(231): CodeIgniter\View\View->CodeIgniter\View\{closure}()
 5 SYSTEMPATH\Common.php(1178): CodeIgniter\View\View->render('welcome_message', [], true)
 6 APPPATH\Controllers\Home.php(9): view('welcome_message')
 7 SYSTEMPATH\CodeIgniter.php(943): App\Controllers\Home->index()
 8 SYSTEMPATH\CodeIgniter.php(503): CodeIgniter\CodeIgniter->runController(Object(App\Controllers\Home))
 9 SYSTEMPATH\CodeIgniter.php(361): CodeIgniter\CodeIgniter->handleRequest(null, Object(Config\Cache), false)
10 FCPATH\index.php(79): CodeIgniter\CodeIgniter->run()
CRITICAL - 2024-04-30 18:39:34 --> ErrorException: require_once(nav.php): Failed to open stream: No such file or directory
in APPPATH\Views\welcome_message.php on line 12.
 1 APPPATH\Views\welcome_message.php(12): CodeIgniter\Debug\Exceptions->errorHandler(2, 'require_once(nav.php): Failed to open stream: No such file or directory', 'C:\\xampp\\htdocs\\ci-4\\app\\Views\\welcome_message.php', 12)
 2 APPPATH\Views\welcome_message.php(12): require_once()
 3 SYSTEMPATH\View\View.php(228): include('C:\\xampp\\htdocs\\ci-4\\app\\Views\\welcome_message.php')
 4 SYSTEMPATH\View\View.php(231): CodeIgniter\View\View->CodeIgniter\View\{closure}()
 5 SYSTEMPATH\Common.php(1178): CodeIgniter\View\View->render('welcome_message', [], true)
 6 APPPATH\Controllers\Home.php(9): view('welcome_message')
 7 SYSTEMPATH\CodeIgniter.php(943): App\Controllers\Home->index()
 8 SYSTEMPATH\CodeIgniter.php(503): CodeIgniter\CodeIgniter->runController(Object(App\Controllers\Home))
 9 SYSTEMPATH\CodeIgniter.php(361): CodeIgniter\CodeIgniter->handleRequest(null, Object(Config\Cache), false)
10 FCPATH\index.php(79): CodeIgniter\CodeIgniter->run()
CRITICAL - 2024-04-30 18:40:39 --> ErrorException: require_once(nav.php): Failed to open stream: No such file or directory
in APPPATH\Views\welcome_message.php on line 12.
 1 APPPATH\Views\welcome_message.php(12): CodeIgniter\Debug\Exceptions->errorHandler(2, 'require_once(nav.php): Failed to open stream: No such file or directory', 'C:\\xampp\\htdocs\\ci-4\\app\\Views\\welcome_message.php', 12)
 2 APPPATH\Views\welcome_message.php(12): require_once()
 3 SYSTEMPATH\View\View.php(228): include('C:\\xampp\\htdocs\\ci-4\\app\\Views\\welcome_message.php')
 4 SYSTEMPATH\View\View.php(231): CodeIgniter\View\View->CodeIgniter\View\{closure}()
 5 SYSTEMPATH\Common.php(1178): CodeIgniter\View\View->render('welcome_message', [], true)
 6 APPPATH\Controllers\Home.php(9): view('welcome_message')
 7 SYSTEMPATH\CodeIgniter.php(943): App\Controllers\Home->index()
 8 SYSTEMPATH\CodeIgniter.php(503): CodeIgniter\CodeIgniter->runController(Object(App\Controllers\Home))
 9 SYSTEMPATH\CodeIgniter.php(361): CodeIgniter\CodeIgniter->handleRequest(null, Object(Config\Cache), false)
10 FCPATH\index.php(79): CodeIgniter\CodeIgniter->run()
CRITICAL - 2024-04-30 18:40:41 --> ErrorException: require_once(nav.php): Failed to open stream: No such file or directory
in APPPATH\Views\welcome_message.php on line 12.
 1 APPPATH\Views\welcome_message.php(12): CodeIgniter\Debug\Exceptions->errorHandler(2, 'require_once(nav.php): Failed to open stream: No such file or directory', 'C:\\xampp\\htdocs\\ci-4\\app\\Views\\welcome_message.php', 12)
 2 APPPATH\Views\welcome_message.php(12): require_once()
 3 SYSTEMPATH\View\View.php(228): include('C:\\xampp\\htdocs\\ci-4\\app\\Views\\welcome_message.php')
 4 SYSTEMPATH\View\View.php(231): CodeIgniter\View\View->CodeIgniter\View\{closure}()
 5 SYSTEMPATH\Common.php(1178): CodeIgniter\View\View->render('welcome_message', [], true)
 6 APPPATH\Controllers\Home.php(9): view('welcome_message')
 7 SYSTEMPATH\CodeIgniter.php(943): App\Controllers\Home->index()
 8 SYSTEMPATH\CodeIgniter.php(503): CodeIgniter\CodeIgniter->runController(Object(App\Controllers\Home))
 9 SYSTEMPATH\CodeIgniter.php(361): CodeIgniter\CodeIgniter->handleRequest(null, Object(Config\Cache), false)
10 FCPATH\index.php(79): CodeIgniter\CodeIgniter->run()
CRITICAL - 2024-04-30 18:40:41 --> ErrorException: require_once(nav.php): Failed to open stream: No such file or directory
in APPPATH\Views\welcome_message.php on line 12.
 1 APPPATH\Views\welcome_message.php(12): CodeIgniter\Debug\Exceptions->errorHandler(2, 'require_once(nav.php): Failed to open stream: No such file or directory', 'C:\\xampp\\htdocs\\ci-4\\app\\Views\\welcome_message.php', 12)
 2 APPPATH\Views\welcome_message.php(12): require_once()
 3 SYSTEMPATH\View\View.php(228): include('C:\\xampp\\htdocs\\ci-4\\app\\Views\\welcome_message.php')
 4 SYSTEMPATH\View\View.php(231): CodeIgniter\View\View->CodeIgniter\View\{closure}()
 5 SYSTEMPATH\Common.php(1178): CodeIgniter\View\View->render('welcome_message', [], true)
 6 APPPATH\Controllers\Home.php(9): view('welcome_message')
 7 SYSTEMPATH\CodeIgniter.php(943): App\Controllers\Home->index()
 8 SYSTEMPATH\CodeIgniter.php(503): CodeIgniter\CodeIgniter->runController(Object(App\Controllers\Home))
 9 SYSTEMPATH\CodeIgniter.php(361): CodeIgniter\CodeIgniter->handleRequest(null, Object(Config\Cache), false)
10 FCPATH\index.php(79): CodeIgniter\CodeIgniter->run()
CRITICAL - 2024-04-30 18:40:42 --> ErrorException: require_once(nav.php): Failed to open stream: No such file or directory
in APPPATH\Views\welcome_message.php on line 12.
 1 APPPATH\Views\welcome_message.php(12): CodeIgniter\Debug\Exceptions->errorHandler(2, 'require_once(nav.php): Failed to open stream: No such file or directory', 'C:\\xampp\\htdocs\\ci-4\\app\\Views\\welcome_message.php', 12)
 2 APPPATH\Views\welcome_message.php(12): require_once()
 3 SYSTEMPATH\View\View.php(228): include('C:\\xampp\\htdocs\\ci-4\\app\\Views\\welcome_message.php')
 4 SYSTEMPATH\View\View.php(231): CodeIgniter\View\View->CodeIgniter\View\{closure}()
 5 SYSTEMPATH\Common.php(1178): CodeIgniter\View\View->render('welcome_message', [], true)
 6 APPPATH\Controllers\Home.php(9): view('welcome_message')
 7 SYSTEMPATH\CodeIgniter.php(943): App\Controllers\Home->index()
 8 SYSTEMPATH\CodeIgniter.php(503): CodeIgniter\CodeIgniter->runController(Object(App\Controllers\Home))
 9 SYSTEMPATH\CodeIgniter.php(361): CodeIgniter\CodeIgniter->handleRequest(null, Object(Config\Cache), false)
10 FCPATH\index.php(79): CodeIgniter\CodeIgniter->run()
CRITICAL - 2024-04-30 18:40:42 --> ErrorException: require_once(nav.php): Failed to open stream: No such file or directory
in APPPATH\Views\welcome_message.php on line 12.
 1 APPPATH\Views\welcome_message.php(12): CodeIgniter\Debug\Exceptions->errorHandler(2, 'require_once(nav.php): Failed to open stream: No such file or directory', 'C:\\xampp\\htdocs\\ci-4\\app\\Views\\welcome_message.php', 12)
 2 APPPATH\Views\welcome_message.php(12): require_once()
 3 SYSTEMPATH\View\View.php(228): include('C:\\xampp\\htdocs\\ci-4\\app\\Views\\welcome_message.php')
 4 SYSTEMPATH\View\View.php(231): CodeIgniter\View\View->CodeIgniter\View\{closure}()
 5 SYSTEMPATH\Common.php(1178): CodeIgniter\View\View->render('welcome_message', [], true)
 6 APPPATH\Controllers\Home.php(9): view('welcome_message')
 7 SYSTEMPATH\CodeIgniter.php(943): App\Controllers\Home->index()
 8 SYSTEMPATH\CodeIgniter.php(503): CodeIgniter\CodeIgniter->runController(Object(App\Controllers\Home))
 9 SYSTEMPATH\CodeIgniter.php(361): CodeIgniter\CodeIgniter->handleRequest(null, Object(Config\Cache), false)
10 FCPATH\index.php(79): CodeIgniter\CodeIgniter->run()
CRITICAL - 2024-04-30 18:40:42 --> ErrorException: require_once(nav.php): Failed to open stream: No such file or directory
in APPPATH\Views\welcome_message.php on line 12.
 1 APPPATH\Views\welcome_message.php(12): CodeIgniter\Debug\Exceptions->errorHandler(2, 'require_once(nav.php): Failed to open stream: No such file or directory', 'C:\\xampp\\htdocs\\ci-4\\app\\Views\\welcome_message.php', 12)
 2 APPPATH\Views\welcome_message.php(12): require_once()
 3 SYSTEMPATH\View\View.php(228): include('C:\\xampp\\htdocs\\ci-4\\app\\Views\\welcome_message.php')
 4 SYSTEMPATH\View\View.php(231): CodeIgniter\View\View->CodeIgniter\View\{closure}()
 5 SYSTEMPATH\Common.php(1178): CodeIgniter\View\View->render('welcome_message', [], true)
 6 APPPATH\Controllers\Home.php(9): view('welcome_message')
 7 SYSTEMPATH\CodeIgniter.php(943): App\Controllers\Home->index()
 8 SYSTEMPATH\CodeIgniter.php(503): CodeIgniter\CodeIgniter->runController(Object(App\Controllers\Home))
 9 SYSTEMPATH\CodeIgniter.php(361): CodeIgniter\CodeIgniter->handleRequest(null, Object(Config\Cache), false)
10 FCPATH\index.php(79): CodeIgniter\CodeIgniter->run()
CRITICAL - 2024-04-30 18:40:42 --> ErrorException: require_once(nav.php): Failed to open stream: No such file or directory
in APPPATH\Views\welcome_message.php on line 12.
 1 APPPATH\Views\welcome_message.php(12): CodeIgniter\Debug\Exceptions->errorHandler(2, 'require_once(nav.php): Failed to open stream: No such file or directory', 'C:\\xampp\\htdocs\\ci-4\\app\\Views\\welcome_message.php', 12)
 2 APPPATH\Views\welcome_message.php(12): require_once()
 3 SYSTEMPATH\View\View.php(228): include('C:\\xampp\\htdocs\\ci-4\\app\\Views\\welcome_message.php')
 4 SYSTEMPATH\View\View.php(231): CodeIgniter\View\View->CodeIgniter\View\{closure}()
 5 SYSTEMPATH\Common.php(1178): CodeIgniter\View\View->render('welcome_message', [], true)
 6 APPPATH\Controllers\Home.php(9): view('welcome_message')
 7 SYSTEMPATH\CodeIgniter.php(943): App\Controllers\Home->index()
 8 SYSTEMPATH\CodeIgniter.php(503): CodeIgniter\CodeIgniter->runController(Object(App\Controllers\Home))
 9 SYSTEMPATH\CodeIgniter.php(361): CodeIgniter\CodeIgniter->handleRequest(null, Object(Config\Cache), false)
10 FCPATH\index.php(79): CodeIgniter\CodeIgniter->run()
CRITICAL - 2024-04-30 18:40:42 --> ErrorException: require_once(nav.php): Failed to open stream: No such file or directory
in APPPATH\Views\welcome_message.php on line 12.
 1 APPPATH\Views\welcome_message.php(12): CodeIgniter\Debug\Exceptions->errorHandler(2, 'require_once(nav.php): Failed to open stream: No such file or directory', 'C:\\xampp\\htdocs\\ci-4\\app\\Views\\welcome_message.php', 12)
 2 APPPATH\Views\welcome_message.php(12): require_once()
 3 SYSTEMPATH\View\View.php(228): include('C:\\xampp\\htdocs\\ci-4\\app\\Views\\welcome_message.php')
 4 SYSTEMPATH\View\View.php(231): CodeIgniter\View\View->CodeIgniter\View\{closure}()
 5 SYSTEMPATH\Common.php(1178): CodeIgniter\View\View->render('welcome_message', [], true)
 6 APPPATH\Controllers\Home.php(9): view('welcome_message')
 7 SYSTEMPATH\CodeIgniter.php(943): App\Controllers\Home->index()
 8 SYSTEMPATH\CodeIgniter.php(503): CodeIgniter\CodeIgniter->runController(Object(App\Controllers\Home))
 9 SYSTEMPATH\CodeIgniter.php(361): CodeIgniter\CodeIgniter->handleRequest(null, Object(Config\Cache), false)
10 FCPATH\index.php(79): CodeIgniter\CodeIgniter->run()
CRITICAL - 2024-04-30 18:40:43 --> ErrorException: require_once(nav.php): Failed to open stream: No such file or directory
in APPPATH\Views\welcome_message.php on line 12.
 1 APPPATH\Views\welcome_message.php(12): CodeIgniter\Debug\Exceptions->errorHandler(2, 'require_once(nav.php): Failed to open stream: No such file or directory', 'C:\\xampp\\htdocs\\ci-4\\app\\Views\\welcome_message.php', 12)
 2 APPPATH\Views\welcome_message.php(12): require_once()
 3 SYSTEMPATH\View\View.php(228): include('C:\\xampp\\htdocs\\ci-4\\app\\Views\\welcome_message.php')
 4 SYSTEMPATH\View\View.php(231): CodeIgniter\View\View->CodeIgniter\View\{closure}()
 5 SYSTEMPATH\Common.php(1178): CodeIgniter\View\View->render('welcome_message', [], true)
 6 APPPATH\Controllers\Home.php(9): view('welcome_message')
 7 SYSTEMPATH\CodeIgniter.php(943): App\Controllers\Home->index()
 8 SYSTEMPATH\CodeIgniter.php(503): CodeIgniter\CodeIgniter->runController(Object(App\Controllers\Home))
 9 SYSTEMPATH\CodeIgniter.php(361): CodeIgniter\CodeIgniter->handleRequest(null, Object(Config\Cache), false)
10 FCPATH\index.php(79): CodeIgniter\CodeIgniter->run()
CRITICAL - 2024-04-30 18:40:43 --> ErrorException: require_once(nav.php): Failed to open stream: No such file or directory
in APPPATH\Views\welcome_message.php on line 12.
 1 APPPATH\Views\welcome_message.php(12): CodeIgniter\Debug\Exceptions->errorHandler(2, 'require_once(nav.php): Failed to open stream: No such file or directory', 'C:\\xampp\\htdocs\\ci-4\\app\\Views\\welcome_message.php', 12)
 2 APPPATH\Views\welcome_message.php(12): require_once()
 3 SYSTEMPATH\View\View.php(228): include('C:\\xampp\\htdocs\\ci-4\\app\\Views\\welcome_message.php')
 4 SYSTEMPATH\View\View.php(231): CodeIgniter\View\View->CodeIgniter\View\{closure}()
 5 SYSTEMPATH\Common.php(1178): CodeIgniter\View\View->render('welcome_message', [], true)
 6 APPPATH\Controllers\Home.php(9): view('welcome_message')
 7 SYSTEMPATH\CodeIgniter.php(943): App\Controllers\Home->index()
 8 SYSTEMPATH\CodeIgniter.php(503): CodeIgniter\CodeIgniter->runController(Object(App\Controllers\Home))
 9 SYSTEMPATH\CodeIgniter.php(361): CodeIgniter\CodeIgniter->handleRequest(null, Object(Config\Cache), false)
10 FCPATH\index.php(79): CodeIgniter\CodeIgniter->run()
CRITICAL - 2024-04-30 18:40:55 --> ErrorException: require_once(nav.php): Failed to open stream: No such file or directory
in APPPATH\Views\welcome_message.php on line 12.
 1 APPPATH\Views\welcome_message.php(12): CodeIgniter\Debug\Exceptions->errorHandler(2, 'require_once(nav.php): Failed to open stream: No such file or directory', 'C:\\xampp\\htdocs\\ci-4\\app\\Views\\welcome_message.php', 12)
 2 APPPATH\Views\welcome_message.php(12): require_once()
 3 SYSTEMPATH\View\View.php(228): include('C:\\xampp\\htdocs\\ci-4\\app\\Views\\welcome_message.php')
 4 SYSTEMPATH\View\View.php(231): CodeIgniter\View\View->CodeIgniter\View\{closure}()
 5 SYSTEMPATH\Common.php(1178): CodeIgniter\View\View->render('welcome_message', [], true)
 6 APPPATH\Controllers\Home.php(9): view('welcome_message')
 7 SYSTEMPATH\CodeIgniter.php(943): App\Controllers\Home->index()
 8 SYSTEMPATH\CodeIgniter.php(503): CodeIgniter\CodeIgniter->runController(Object(App\Controllers\Home))
 9 SYSTEMPATH\CodeIgniter.php(361): CodeIgniter\CodeIgniter->handleRequest(null, Object(Config\Cache), false)
10 FCPATH\index.php(79): CodeIgniter\CodeIgniter->run()
CRITICAL - 2024-04-30 18:40:56 --> ErrorException: require_once(nav.php): Failed to open stream: No such file or directory
in APPPATH\Views\welcome_message.php on line 12.
 1 APPPATH\Views\welcome_message.php(12): CodeIgniter\Debug\Exceptions->errorHandler(2, 'require_once(nav.php): Failed to open stream: No such file or directory', 'C:\\xampp\\htdocs\\ci-4\\app\\Views\\welcome_message.php', 12)
 2 APPPATH\Views\welcome_message.php(12): require_once()
 3 SYSTEMPATH\View\View.php(228): include('C:\\xampp\\htdocs\\ci-4\\app\\Views\\welcome_message.php')
 4 SYSTEMPATH\View\View.php(231): CodeIgniter\View\View->CodeIgniter\View\{closure}()
 5 SYSTEMPATH\Common.php(1178): CodeIgniter\View\View->render('welcome_message', [], true)
 6 APPPATH\Controllers\Home.php(9): view('welcome_message')
 7 SYSTEMPATH\CodeIgniter.php(943): App\Controllers\Home->index()
 8 SYSTEMPATH\CodeIgniter.php(503): CodeIgniter\CodeIgniter->runController(Object(App\Controllers\Home))
 9 SYSTEMPATH\CodeIgniter.php(361): CodeIgniter\CodeIgniter->handleRequest(null, Object(Config\Cache), false)
10 FCPATH\index.php(79): CodeIgniter\CodeIgniter->run()
CRITICAL - 2024-04-30 18:41:16 --> ErrorException: require_once(nav.php): Failed to open stream: No such file or directory
in APPPATH\Views\welcome_message.php on line 12.
 1 APPPATH\Views\welcome_message.php(12): CodeIgniter\Debug\Exceptions->errorHandler(2, 'require_once(nav.php): Failed to open stream: No such file or directory', 'C:\\xampp\\htdocs\\ci-4\\app\\Views\\welcome_message.php', 12)
 2 APPPATH\Views\welcome_message.php(12): require_once()
 3 SYSTEMPATH\View\View.php(228): include('C:\\xampp\\htdocs\\ci-4\\app\\Views\\welcome_message.php')
 4 SYSTEMPATH\View\View.php(231): CodeIgniter\View\View->CodeIgniter\View\{closure}()
 5 SYSTEMPATH\Common.php(1178): CodeIgniter\View\View->render('welcome_message', [], true)
 6 APPPATH\Controllers\Home.php(9): view('welcome_message')
 7 SYSTEMPATH\CodeIgniter.php(943): App\Controllers\Home->index()
 8 SYSTEMPATH\CodeIgniter.php(503): CodeIgniter\CodeIgniter->runController(Object(App\Controllers\Home))
 9 SYSTEMPATH\CodeIgniter.php(361): CodeIgniter\CodeIgniter->handleRequest(null, Object(Config\Cache), false)
10 FCPATH\index.php(79): CodeIgniter\CodeIgniter->run()
CRITICAL - 2024-04-30 18:41:17 --> ErrorException: require_once(nav.php): Failed to open stream: No such file or directory
in APPPATH\Views\welcome_message.php on line 12.
 1 APPPATH\Views\welcome_message.php(12): CodeIgniter\Debug\Exceptions->errorHandler(2, 'require_once(nav.php): Failed to open stream: No such file or directory', 'C:\\xampp\\htdocs\\ci-4\\app\\Views\\welcome_message.php', 12)
 2 APPPATH\Views\welcome_message.php(12): require_once()
 3 SYSTEMPATH\View\View.php(228): include('C:\\xampp\\htdocs\\ci-4\\app\\Views\\welcome_message.php')
 4 SYSTEMPATH\View\View.php(231): CodeIgniter\View\View->CodeIgniter\View\{closure}()
 5 SYSTEMPATH\Common.php(1178): CodeIgniter\View\View->render('welcome_message', [], true)
 6 APPPATH\Controllers\Home.php(9): view('welcome_message')
 7 SYSTEMPATH\CodeIgniter.php(943): App\Controllers\Home->index()
 8 SYSTEMPATH\CodeIgniter.php(503): CodeIgniter\CodeIgniter->runController(Object(App\Controllers\Home))
 9 SYSTEMPATH\CodeIgniter.php(361): CodeIgniter\CodeIgniter->handleRequest(null, Object(Config\Cache), false)
10 FCPATH\index.php(79): CodeIgniter\CodeIgniter->run()
CRITICAL - 2024-04-30 18:41:54 --> ErrorException: require_once(nav.php): Failed to open stream: No such file or directory
in APPPATH\Views\welcome_message.php on line 12.
 1 APPPATH\Views\welcome_message.php(12): CodeIgniter\Debug\Exceptions->errorHandler(2, 'require_once(nav.php): Failed to open stream: No such file or directory', 'C:\\xampp\\htdocs\\ci-4\\app\\Views\\welcome_message.php', 12)
 2 APPPATH\Views\welcome_message.php(12): require_once()
 3 SYSTEMPATH\View\View.php(228): include('C:\\xampp\\htdocs\\ci-4\\app\\Views\\welcome_message.php')
 4 SYSTEMPATH\View\View.php(231): CodeIgniter\View\View->CodeIgniter\View\{closure}()
 5 SYSTEMPATH\Common.php(1178): CodeIgniter\View\View->render('welcome_message', [], true)
 6 APPPATH\Controllers\Home.php(9): view('welcome_message')
 7 SYSTEMPATH\CodeIgniter.php(943): App\Controllers\Home->index()
 8 SYSTEMPATH\CodeIgniter.php(503): CodeIgniter\CodeIgniter->runController(Object(App\Controllers\Home))
 9 SYSTEMPATH\CodeIgniter.php(361): CodeIgniter\CodeIgniter->handleRequest(null, Object(Config\Cache), false)
10 FCPATH\index.php(79): CodeIgniter\CodeIgniter->run()
CRITICAL - 2024-04-30 18:41:55 --> ErrorException: require_once(nav.php): Failed to open stream: No such file or directory
in APPPATH\Views\welcome_message.php on line 12.
 1 APPPATH\Views\welcome_message.php(12): CodeIgniter\Debug\Exceptions->errorHandler(2, 'require_once(nav.php): Failed to open stream: No such file or directory', 'C:\\xampp\\htdocs\\ci-4\\app\\Views\\welcome_message.php', 12)
 2 APPPATH\Views\welcome_message.php(12): require_once()
 3 SYSTEMPATH\View\View.php(228): include('C:\\xampp\\htdocs\\ci-4\\app\\Views\\welcome_message.php')
 4 SYSTEMPATH\View\View.php(231): CodeIgniter\View\View->CodeIgniter\View\{closure}()
 5 SYSTEMPATH\Common.php(1178): CodeIgniter\View\View->render('welcome_message', [], true)
 6 APPPATH\Controllers\Home.php(9): view('welcome_message')
 7 SYSTEMPATH\CodeIgniter.php(943): App\Controllers\Home->index()
 8 SYSTEMPATH\CodeIgniter.php(503): CodeIgniter\CodeIgniter->runController(Object(App\Controllers\Home))
 9 SYSTEMPATH\CodeIgniter.php(361): CodeIgniter\CodeIgniter->handleRequest(null, Object(Config\Cache), false)
10 FCPATH\index.php(79): CodeIgniter\CodeIgniter->run()
CRITICAL - 2024-04-30 18:41:55 --> ErrorException: require_once(nav.php): Failed to open stream: No such file or directory
in APPPATH\Views\welcome_message.php on line 12.
 1 APPPATH\Views\welcome_message.php(12): CodeIgniter\Debug\Exceptions->errorHandler(2, 'require_once(nav.php): Failed to open stream: No such file or directory', 'C:\\xampp\\htdocs\\ci-4\\app\\Views\\welcome_message.php', 12)
 2 APPPATH\Views\welcome_message.php(12): require_once()
 3 SYSTEMPATH\View\View.php(228): include('C:\\xampp\\htdocs\\ci-4\\app\\Views\\welcome_message.php')
 4 SYSTEMPATH\View\View.php(231): CodeIgniter\View\View->CodeIgniter\View\{closure}()
 5 SYSTEMPATH\Common.php(1178): CodeIgniter\View\View->render('welcome_message', [], true)
 6 APPPATH\Controllers\Home.php(9): view('welcome_message')
 7 SYSTEMPATH\CodeIgniter.php(943): App\Controllers\Home->index()
 8 SYSTEMPATH\CodeIgniter.php(503): CodeIgniter\CodeIgniter->runController(Object(App\Controllers\Home))
 9 SYSTEMPATH\CodeIgniter.php(361): CodeIgniter\CodeIgniter->handleRequest(null, Object(Config\Cache), false)
10 FCPATH\index.php(79): CodeIgniter\CodeIgniter->run()
CRITICAL - 2024-04-30 18:43:23 --> ErrorException: require_once(nav.php): Failed to open stream: No such file or directory
in APPPATH\Views\welcome_message.php on line 12.
 1 APPPATH\Views\welcome_message.php(12): CodeIgniter\Debug\Exceptions->errorHandler(2, 'require_once(nav.php): Failed to open stream: No such file or directory', 'C:\\xampp\\htdocs\\ci-4\\app\\Views\\welcome_message.php', 12)
 2 APPPATH\Views\welcome_message.php(12): require_once()
 3 SYSTEMPATH\View\View.php(228): include('C:\\xampp\\htdocs\\ci-4\\app\\Views\\welcome_message.php')
 4 SYSTEMPATH\View\View.php(231): CodeIgniter\View\View->CodeIgniter\View\{closure}()
 5 SYSTEMPATH\Common.php(1178): CodeIgniter\View\View->render('welcome_message', [], true)
 6 APPPATH\Controllers\Home.php(9): view('welcome_message')
 7 SYSTEMPATH\CodeIgniter.php(943): App\Controllers\Home->index()
 8 SYSTEMPATH\CodeIgniter.php(503): CodeIgniter\CodeIgniter->runController(Object(App\Controllers\Home))
 9 SYSTEMPATH\CodeIgniter.php(361): CodeIgniter\CodeIgniter->handleRequest(null, Object(Config\Cache), false)
10 FCPATH\index.php(79): CodeIgniter\CodeIgniter->run()
CRITICAL - 2024-04-30 18:43:24 --> ErrorException: require_once(nav.php): Failed to open stream: No such file or directory
in APPPATH\Views\welcome_message.php on line 12.
 1 APPPATH\Views\welcome_message.php(12): CodeIgniter\Debug\Exceptions->errorHandler(2, 'require_once(nav.php): Failed to open stream: No such file or directory', 'C:\\xampp\\htdocs\\ci-4\\app\\Views\\welcome_message.php', 12)
 2 APPPATH\Views\welcome_message.php(12): require_once()
 3 SYSTEMPATH\View\View.php(228): include('C:\\xampp\\htdocs\\ci-4\\app\\Views\\welcome_message.php')
 4 SYSTEMPATH\View\View.php(231): CodeIgniter\View\View->CodeIgniter\View\{closure}()
 5 SYSTEMPATH\Common.php(1178): CodeIgniter\View\View->render('welcome_message', [], true)
 6 APPPATH\Controllers\Home.php(9): view('welcome_message')
 7 SYSTEMPATH\CodeIgniter.php(943): App\Controllers\Home->index()
 8 SYSTEMPATH\CodeIgniter.php(503): CodeIgniter\CodeIgniter->runController(Object(App\Controllers\Home))
 9 SYSTEMPATH\CodeIgniter.php(361): CodeIgniter\CodeIgniter->handleRequest(null, Object(Config\Cache), false)
10 FCPATH\index.php(79): CodeIgniter\CodeIgniter->run()
CRITICAL - 2024-04-30 18:43:24 --> ErrorException: require_once(nav.php): Failed to open stream: No such file or directory
in APPPATH\Views\welcome_message.php on line 12.
 1 APPPATH\Views\welcome_message.php(12): CodeIgniter\Debug\Exceptions->errorHandler(2, 'require_once(nav.php): Failed to open stream: No such file or directory', 'C:\\xampp\\htdocs\\ci-4\\app\\Views\\welcome_message.php', 12)
 2 APPPATH\Views\welcome_message.php(12): require_once()
 3 SYSTEMPATH\View\View.php(228): include('C:\\xampp\\htdocs\\ci-4\\app\\Views\\welcome_message.php')
 4 SYSTEMPATH\View\View.php(231): CodeIgniter\View\View->CodeIgniter\View\{closure}()
 5 SYSTEMPATH\Common.php(1178): CodeIgniter\View\View->render('welcome_message', [], true)
 6 APPPATH\Controllers\Home.php(9): view('welcome_message')
 7 SYSTEMPATH\CodeIgniter.php(943): App\Controllers\Home->index()
 8 SYSTEMPATH\CodeIgniter.php(503): CodeIgniter\CodeIgniter->runController(Object(App\Controllers\Home))
 9 SYSTEMPATH\CodeIgniter.php(361): CodeIgniter\CodeIgniter->handleRequest(null, Object(Config\Cache), false)
10 FCPATH\index.php(79): CodeIgniter\CodeIgniter->run()
CRITICAL - 2024-04-30 18:43:24 --> ErrorException: require_once(nav.php): Failed to open stream: No such file or directory
in APPPATH\Views\welcome_message.php on line 12.
 1 APPPATH\Views\welcome_message.php(12): CodeIgniter\Debug\Exceptions->errorHandler(2, 'require_once(nav.php): Failed to open stream: No such file or directory', 'C:\\xampp\\htdocs\\ci-4\\app\\Views\\welcome_message.php', 12)
 2 APPPATH\Views\welcome_message.php(12): require_once()
 3 SYSTEMPATH\View\View.php(228): include('C:\\xampp\\htdocs\\ci-4\\app\\Views\\welcome_message.php')
 4 SYSTEMPATH\View\View.php(231): CodeIgniter\View\View->CodeIgniter\View\{closure}()
 5 SYSTEMPATH\Common.php(1178): CodeIgniter\View\View->render('welcome_message', [], true)
 6 APPPATH\Controllers\Home.php(9): view('welcome_message')
 7 SYSTEMPATH\CodeIgniter.php(943): App\Controllers\Home->index()
 8 SYSTEMPATH\CodeIgniter.php(503): CodeIgniter\CodeIgniter->runController(Object(App\Controllers\Home))
 9 SYSTEMPATH\CodeIgniter.php(361): CodeIgniter\CodeIgniter->handleRequest(null, Object(Config\Cache), false)
10 FCPATH\index.php(79): CodeIgniter\CodeIgniter->run()
CRITICAL - 2024-04-30 18:43:25 --> ErrorException: require_once(nav.php): Failed to open stream: No such file or directory
in APPPATH\Views\welcome_message.php on line 12.
 1 APPPATH\Views\welcome_message.php(12): CodeIgniter\Debug\Exceptions->errorHandler(2, 'require_once(nav.php): Failed to open stream: No such file or directory', 'C:\\xampp\\htdocs\\ci-4\\app\\Views\\welcome_message.php', 12)
 2 APPPATH\Views\welcome_message.php(12): require_once()
 3 SYSTEMPATH\View\View.php(228): include('C:\\xampp\\htdocs\\ci-4\\app\\Views\\welcome_message.php')
 4 SYSTEMPATH\View\View.php(231): CodeIgniter\View\View->CodeIgniter\View\{closure}()
 5 SYSTEMPATH\Common.php(1178): CodeIgniter\View\View->render('welcome_message', [], true)
 6 APPPATH\Controllers\Home.php(9): view('welcome_message')
 7 SYSTEMPATH\CodeIgniter.php(943): App\Controllers\Home->index()
 8 SYSTEMPATH\CodeIgniter.php(503): CodeIgniter\CodeIgniter->runController(Object(App\Controllers\Home))
 9 SYSTEMPATH\CodeIgniter.php(361): CodeIgniter\CodeIgniter->handleRequest(null, Object(Config\Cache), false)
10 FCPATH\index.php(79): CodeIgniter\CodeIgniter->run()
CRITICAL - 2024-04-30 18:43:25 --> ErrorException: require_once(nav.php): Failed to open stream: No such file or directory
in APPPATH\Views\welcome_message.php on line 12.
 1 APPPATH\Views\welcome_message.php(12): CodeIgniter\Debug\Exceptions->errorHandler(2, 'require_once(nav.php): Failed to open stream: No such file or directory', 'C:\\xampp\\htdocs\\ci-4\\app\\Views\\welcome_message.php', 12)
 2 APPPATH\Views\welcome_message.php(12): require_once()
 3 SYSTEMPATH\View\View.php(228): include('C:\\xampp\\htdocs\\ci-4\\app\\Views\\welcome_message.php')
 4 SYSTEMPATH\View\View.php(231): CodeIgniter\View\View->CodeIgniter\View\{closure}()
 5 SYSTEMPATH\Common.php(1178): CodeIgniter\View\View->render('welcome_message', [], true)
 6 APPPATH\Controllers\Home.php(9): view('welcome_message')
 7 SYSTEMPATH\CodeIgniter.php(943): App\Controllers\Home->index()
 8 SYSTEMPATH\CodeIgniter.php(503): CodeIgniter\CodeIgniter->runController(Object(App\Controllers\Home))
 9 SYSTEMPATH\CodeIgniter.php(361): CodeIgniter\CodeIgniter->handleRequest(null, Object(Config\Cache), false)
10 FCPATH\index.php(79): CodeIgniter\CodeIgniter->run()
CRITICAL - 2024-04-30 18:43:26 --> ErrorException: require_once(nav.php): Failed to open stream: No such file or directory
in APPPATH\Views\welcome_message.php on line 12.
 1 APPPATH\Views\welcome_message.php(12): CodeIgniter\Debug\Exceptions->errorHandler(2, 'require_once(nav.php): Failed to open stream: No such file or directory', 'C:\\xampp\\htdocs\\ci-4\\app\\Views\\welcome_message.php', 12)
 2 APPPATH\Views\welcome_message.php(12): require_once()
 3 SYSTEMPATH\View\View.php(228): include('C:\\xampp\\htdocs\\ci-4\\app\\Views\\welcome_message.php')
 4 SYSTEMPATH\View\View.php(231): CodeIgniter\View\View->CodeIgniter\View\{closure}()
 5 SYSTEMPATH\Common.php(1178): CodeIgniter\View\View->render('welcome_message', [], true)
 6 APPPATH\Controllers\Home.php(9): view('welcome_message')
 7 SYSTEMPATH\CodeIgniter.php(943): App\Controllers\Home->index()
 8 SYSTEMPATH\CodeIgniter.php(503): CodeIgniter\CodeIgniter->runController(Object(App\Controllers\Home))
 9 SYSTEMPATH\CodeIgniter.php(361): CodeIgniter\CodeIgniter->handleRequest(null, Object(Config\Cache), false)
10 FCPATH\index.php(79): CodeIgniter\CodeIgniter->run()
CRITICAL - 2024-04-30 18:43:28 --> ErrorException: require_once(nav.php): Failed to open stream: No such file or directory
in APPPATH\Views\welcome_message.php on line 12.
 1 APPPATH\Views\welcome_message.php(12): CodeIgniter\Debug\Exceptions->errorHandler(2, 'require_once(nav.php): Failed to open stream: No such file or directory', 'C:\\xampp\\htdocs\\ci-4\\app\\Views\\welcome_message.php', 12)
 2 APPPATH\Views\welcome_message.php(12): require_once()
 3 SYSTEMPATH\View\View.php(228): include('C:\\xampp\\htdocs\\ci-4\\app\\Views\\welcome_message.php')
 4 SYSTEMPATH\View\View.php(231): CodeIgniter\View\View->CodeIgniter\View\{closure}()
 5 SYSTEMPATH\Common.php(1178): CodeIgniter\View\View->render('welcome_message', [], true)
 6 APPPATH\Controllers\Home.php(9): view('welcome_message')
 7 SYSTEMPATH\CodeIgniter.php(943): App\Controllers\Home->index()
 8 SYSTEMPATH\CodeIgniter.php(503): CodeIgniter\CodeIgniter->runController(Object(App\Controllers\Home))
 9 SYSTEMPATH\CodeIgniter.php(361): CodeIgniter\CodeIgniter->handleRequest(null, Object(Config\Cache), false)
10 FCPATH\index.php(79): CodeIgniter\CodeIgniter->run()
CRITICAL - 2024-04-30 18:43:29 --> ErrorException: require_once(nav.php): Failed to open stream: No such file or directory
in APPPATH\Views\welcome_message.php on line 12.
 1 APPPATH\Views\welcome_message.php(12): CodeIgniter\Debug\Exceptions->errorHandler(2, 'require_once(nav.php): Failed to open stream: No such file or directory', 'C:\\xampp\\htdocs\\ci-4\\app\\Views\\welcome_message.php', 12)
 2 APPPATH\Views\welcome_message.php(12): require_once()
 3 SYSTEMPATH\View\View.php(228): include('C:\\xampp\\htdocs\\ci-4\\app\\Views\\welcome_message.php')
 4 SYSTEMPATH\View\View.php(231): CodeIgniter\View\View->CodeIgniter\View\{closure}()
 5 SYSTEMPATH\Common.php(1178): CodeIgniter\View\View->render('welcome_message', [], true)
 6 APPPATH\Controllers\Home.php(9): view('welcome_message')
 7 SYSTEMPATH\CodeIgniter.php(943): App\Controllers\Home->index()
 8 SYSTEMPATH\CodeIgniter.php(503): CodeIgniter\CodeIgniter->runController(Object(App\Controllers\Home))
 9 SYSTEMPATH\CodeIgniter.php(361): CodeIgniter\CodeIgniter->handleRequest(null, Object(Config\Cache), false)
10 FCPATH\index.php(79): CodeIgniter\CodeIgniter->run()
CRITICAL - 2024-04-30 18:43:30 --> ErrorException: require_once(nav.php): Failed to open stream: No such file or directory
in APPPATH\Views\welcome_message.php on line 12.
 1 APPPATH\Views\welcome_message.php(12): CodeIgniter\Debug\Exceptions->errorHandler(2, 'require_once(nav.php): Failed to open stream: No such file or directory', 'C:\\xampp\\htdocs\\ci-4\\app\\Views\\welcome_message.php', 12)
 2 APPPATH\Views\welcome_message.php(12): require_once()
 3 SYSTEMPATH\View\View.php(228): include('C:\\xampp\\htdocs\\ci-4\\app\\Views\\welcome_message.php')
 4 SYSTEMPATH\View\View.php(231): CodeIgniter\View\View->CodeIgniter\View\{closure}()
 5 SYSTEMPATH\Common.php(1178): CodeIgniter\View\View->render('welcome_message', [], true)
 6 APPPATH\Controllers\Home.php(9): view('welcome_message')
 7 SYSTEMPATH\CodeIgniter.php(943): App\Controllers\Home->index()
 8 SYSTEMPATH\CodeIgniter.php(503): CodeIgniter\CodeIgniter->runController(Object(App\Controllers\Home))
 9 SYSTEMPATH\CodeIgniter.php(361): CodeIgniter\CodeIgniter->handleRequest(null, Object(Config\Cache), false)
10 FCPATH\index.php(79): CodeIgniter\CodeIgniter->run()
CRITICAL - 2024-04-30 18:43:35 --> ErrorException: require_once(nav.php): Failed to open stream: No such file or directory
in APPPATH\Views\welcome_message.php on line 12.
 1 APPPATH\Views\welcome_message.php(12): CodeIgniter\Debug\Exceptions->errorHandler(2, 'require_once(nav.php): Failed to open stream: No such file or directory', 'C:\\xampp\\htdocs\\ci-4\\app\\Views\\welcome_message.php', 12)
 2 APPPATH\Views\welcome_message.php(12): require_once()
 3 SYSTEMPATH\View\View.php(228): include('C:\\xampp\\htdocs\\ci-4\\app\\Views\\welcome_message.php')
 4 SYSTEMPATH\View\View.php(231): CodeIgniter\View\View->CodeIgniter\View\{closure}()
 5 SYSTEMPATH\Common.php(1178): CodeIgniter\View\View->render('welcome_message', [], true)
 6 APPPATH\Controllers\Home.php(9): view('welcome_message')
 7 SYSTEMPATH\CodeIgniter.php(943): App\Controllers\Home->index()
 8 SYSTEMPATH\CodeIgniter.php(503): CodeIgniter\CodeIgniter->runController(Object(App\Controllers\Home))
 9 SYSTEMPATH\CodeIgniter.php(361): CodeIgniter\CodeIgniter->handleRequest(null, Object(Config\Cache), false)
10 FCPATH\index.php(79): CodeIgniter\CodeIgniter->run()
CRITICAL - 2024-04-30 18:43:43 --> ErrorException: require_once(nav.php): Failed to open stream: No such file or directory
in APPPATH\Views\welcome_message.php on line 12.
 1 APPPATH\Views\welcome_message.php(12): CodeIgniter\Debug\Exceptions->errorHandler(2, 'require_once(nav.php): Failed to open stream: No such file or directory', 'C:\\xampp\\htdocs\\ci-4\\app\\Views\\welcome_message.php', 12)
 2 APPPATH\Views\welcome_message.php(12): require_once()
 3 SYSTEMPATH\View\View.php(228): include('C:\\xampp\\htdocs\\ci-4\\app\\Views\\welcome_message.php')
 4 SYSTEMPATH\View\View.php(231): CodeIgniter\View\View->CodeIgniter\View\{closure}()
 5 SYSTEMPATH\Common.php(1178): CodeIgniter\View\View->render('welcome_message', [], true)
 6 APPPATH\Controllers\Home.php(9): view('welcome_message')
 7 SYSTEMPATH\CodeIgniter.php(943): App\Controllers\Home->index()
 8 SYSTEMPATH\CodeIgniter.php(503): CodeIgniter\CodeIgniter->runController(Object(App\Controllers\Home))
 9 SYSTEMPATH\CodeIgniter.php(361): CodeIgniter\CodeIgniter->handleRequest(null, Object(Config\Cache), false)
10 FCPATH\index.php(79): CodeIgniter\CodeIgniter->run()
CRITICAL - 2024-04-30 18:48:17 --> ErrorException: require_once(nav.php): Failed to open stream: No such file or directory
in APPPATH\Views\welcome_message.php on line 12.
 1 APPPATH\Views\welcome_message.php(12): CodeIgniter\Debug\Exceptions->errorHandler(2, 'require_once(nav.php): Failed to open stream: No such file or directory', 'C:\\xampp\\htdocs\\ci-4\\app\\Views\\welcome_message.php', 12)
 2 APPPATH\Views\welcome_message.php(12): require_once()
 3 SYSTEMPATH\View\View.php(228): include('C:\\xampp\\htdocs\\ci-4\\app\\Views\\welcome_message.php')
 4 SYSTEMPATH\View\View.php(231): CodeIgniter\View\View->CodeIgniter\View\{closure}()
 5 SYSTEMPATH\Common.php(1178): CodeIgniter\View\View->render('welcome_message', [], true)
 6 APPPATH\Controllers\Home.php(9): view('welcome_message')
 7 SYSTEMPATH\CodeIgniter.php(943): App\Controllers\Home->index()
 8 SYSTEMPATH\CodeIgniter.php(503): CodeIgniter\CodeIgniter->runController(Object(App\Controllers\Home))
 9 SYSTEMPATH\CodeIgniter.php(361): CodeIgniter\CodeIgniter->handleRequest(null, Object(Config\Cache), false)
10 FCPATH\index.php(79): CodeIgniter\CodeIgniter->run()
CRITICAL - 2024-04-30 18:48:51 --> ErrorException: require_once(nav.php): Failed to open stream: No such file or directory
in APPPATH\Views\welcome_message.php on line 12.
 1 APPPATH\Views\welcome_message.php(12): CodeIgniter\Debug\Exceptions->errorHandler(2, 'require_once(nav.php): Failed to open stream: No such file or directory', 'C:\\xampp\\htdocs\\ci-4\\app\\Views\\welcome_message.php', 12)
 2 APPPATH\Views\welcome_message.php(12): require_once()
 3 SYSTEMPATH\View\View.php(228): include('C:\\xampp\\htdocs\\ci-4\\app\\Views\\welcome_message.php')
 4 SYSTEMPATH\View\View.php(231): CodeIgniter\View\View->CodeIgniter\View\{closure}()
 5 SYSTEMPATH\Common.php(1178): CodeIgniter\View\View->render('welcome_message', [], true)
 6 APPPATH\Controllers\Home.php(9): view('welcome_message')
 7 SYSTEMPATH\CodeIgniter.php(943): App\Controllers\Home->index()
 8 SYSTEMPATH\CodeIgniter.php(503): CodeIgniter\CodeIgniter->runController(Object(App\Controllers\Home))
 9 SYSTEMPATH\CodeIgniter.php(361): CodeIgniter\CodeIgniter->handleRequest(null, Object(Config\Cache), false)
10 FCPATH\index.php(79): CodeIgniter\CodeIgniter->run()
CRITICAL - 2024-04-30 18:48:58 --> ErrorException: require_once(nav.php): Failed to open stream: No such file or directory
in APPPATH\Views\welcome_message.php on line 12.
 1 APPPATH\Views\welcome_message.php(12): CodeIgniter\Debug\Exceptions->errorHandler(2, 'require_once(nav.php): Failed to open stream: No such file or directory', 'C:\\xampp\\htdocs\\ci-4\\app\\Views\\welcome_message.php', 12)
 2 APPPATH\Views\welcome_message.php(12): require_once()
 3 SYSTEMPATH\View\View.php(228): include('C:\\xampp\\htdocs\\ci-4\\app\\Views\\welcome_message.php')
 4 SYSTEMPATH\View\View.php(231): CodeIgniter\View\View->CodeIgniter\View\{closure}()
 5 SYSTEMPATH\Common.php(1178): CodeIgniter\View\View->render('welcome_message', [], true)
 6 APPPATH\Controllers\Home.php(9): view('welcome_message')
 7 SYSTEMPATH\CodeIgniter.php(943): App\Controllers\Home->index()
 8 SYSTEMPATH\CodeIgniter.php(503): CodeIgniter\CodeIgniter->runController(Object(App\Controllers\Home))
 9 SYSTEMPATH\CodeIgniter.php(361): CodeIgniter\CodeIgniter->handleRequest(null, Object(Config\Cache), false)
10 FCPATH\index.php(79): CodeIgniter\CodeIgniter->run()
CRITICAL - 2024-04-30 18:49:00 --> ErrorException: require_once(nav.php): Failed to open stream: No such file or directory
in APPPATH\Views\welcome_message.php on line 12.
 1 APPPATH\Views\welcome_message.php(12): CodeIgniter\Debug\Exceptions->errorHandler(2, 'require_once(nav.php): Failed to open stream: No such file or directory', 'C:\\xampp\\htdocs\\ci-4\\app\\Views\\welcome_message.php', 12)
 2 APPPATH\Views\welcome_message.php(12): require_once()
 3 SYSTEMPATH\View\View.php(228): include('C:\\xampp\\htdocs\\ci-4\\app\\Views\\welcome_message.php')
 4 SYSTEMPATH\View\View.php(231): CodeIgniter\View\View->CodeIgniter\View\{closure}()
 5 SYSTEMPATH\Common.php(1178): CodeIgniter\View\View->render('welcome_message', [], true)
 6 APPPATH\Controllers\Home.php(9): view('welcome_message')
 7 SYSTEMPATH\CodeIgniter.php(943): App\Controllers\Home->index()
 8 SYSTEMPATH\CodeIgniter.php(503): CodeIgniter\CodeIgniter->runController(Object(App\Controllers\Home))
 9 SYSTEMPATH\CodeIgniter.php(361): CodeIgniter\CodeIgniter->handleRequest(null, Object(Config\Cache), false)
10 FCPATH\index.php(79): CodeIgniter\CodeIgniter->run()
CRITICAL - 2024-04-30 18:52:51 --> ErrorException: require_once(nav.php): Failed to open stream: No such file or directory
in APPPATH\Views\welcome_message.php on line 12.
 1 APPPATH\Views\welcome_message.php(12): CodeIgniter\Debug\Exceptions->errorHandler(2, 'require_once(nav.php): Failed to open stream: No such file or directory', 'C:\\xampp\\htdocs\\ci-4\\app\\Views\\welcome_message.php', 12)
 2 APPPATH\Views\welcome_message.php(12): require_once()
 3 SYSTEMPATH\View\View.php(228): include('C:\\xampp\\htdocs\\ci-4\\app\\Views\\welcome_message.php')
 4 SYSTEMPATH\View\View.php(231): CodeIgniter\View\View->CodeIgniter\View\{closure}()
 5 SYSTEMPATH\Common.php(1178): CodeIgniter\View\View->render('welcome_message', [], true)
 6 APPPATH\Controllers\Home.php(9): view('welcome_message')
 7 SYSTEMPATH\CodeIgniter.php(943): App\Controllers\Home->index()
 8 SYSTEMPATH\CodeIgniter.php(503): CodeIgniter\CodeIgniter->runController(Object(App\Controllers\Home))
 9 SYSTEMPATH\CodeIgniter.php(361): CodeIgniter\CodeIgniter->handleRequest(null, Object(Config\Cache), false)
10 FCPATH\index.php(79): CodeIgniter\CodeIgniter->run()
CRITICAL - 2024-04-30 18:55:28 --> Error: Call to undefined function validation_errors()
in APPPATH\Views\welcome_message.php on line 19.
 1 SYSTEMPATH\View\View.php(228): include()
 2 SYSTEMPATH\View\View.php(231): CodeIgniter\View\View->CodeIgniter\View\{closure}()
 3 SYSTEMPATH\Common.php(1178): CodeIgniter\View\View->render('welcome_message', [], true)
 4 APPPATH\Controllers\Home.php(9): view('welcome_message')
 5 SYSTEMPATH\CodeIgniter.php(943): App\Controllers\Home->index()
 6 SYSTEMPATH\CodeIgniter.php(503): CodeIgniter\CodeIgniter->runController(Object(App\Controllers\Home))
 7 SYSTEMPATH\CodeIgniter.php(361): CodeIgniter\CodeIgniter->handleRequest(null, Object(Config\Cache), false)
 8 FCPATH\index.php(79): CodeIgniter\CodeIgniter->run()
CRITICAL - 2024-04-30 18:56:00 --> Error: Call to undefined function validation_errors()
in APPPATH\Views\welcome_message.php on line 19.
 1 SYSTEMPATH\View\View.php(228): include()
 2 SYSTEMPATH\View\View.php(231): CodeIgniter\View\View->CodeIgniter\View\{closure}()
 3 SYSTEMPATH\Common.php(1178): CodeIgniter\View\View->render('welcome_message', [], true)
 4 APPPATH\Controllers\Home.php(9): view('welcome_message')
 5 SYSTEMPATH\CodeIgniter.php(943): App\Controllers\Home->index()
 6 SYSTEMPATH\CodeIgniter.php(503): CodeIgniter\CodeIgniter->runController(Object(App\Controllers\Home))
 7 SYSTEMPATH\CodeIgniter.php(361): CodeIgniter\CodeIgniter->handleRequest(null, Object(Config\Cache), false)
 8 FCPATH\index.php(79): CodeIgniter\CodeIgniter->run()
CRITICAL - 2024-04-30 18:56:28 --> ErrorException: Undefined property: CodeIgniter\View\View::$session
in APPPATH\Views\welcome_message.php on line 20.
 1 APPPATH\Views\welcome_message.php(20): CodeIgniter\Debug\Exceptions->errorHandler(2, 'Undefined property: CodeIgniter\\View\\View::$session', 'C:\\xampp\\htdocs\\ci-4\\app\\Views\\welcome_message.php', 20)
 2 SYSTEMPATH\View\View.php(228): include('C:\\xampp\\htdocs\\ci-4\\app\\Views\\welcome_message.php')
 3 SYSTEMPATH\View\View.php(231): CodeIgniter\View\View->CodeIgniter\View\{closure}()
 4 SYSTEMPATH\Common.php(1178): CodeIgniter\View\View->render('welcome_message', [], true)
 5 APPPATH\Controllers\Home.php(9): view('welcome_message')
 6 SYSTEMPATH\CodeIgniter.php(943): App\Controllers\Home->index()
 7 SYSTEMPATH\CodeIgniter.php(503): CodeIgniter\CodeIgniter->runController(Object(App\Controllers\Home))
 8 SYSTEMPATH\CodeIgniter.php(361): CodeIgniter\CodeIgniter->handleRequest(null, Object(Config\Cache), false)
 9 FCPATH\index.php(79): CodeIgniter\CodeIgniter->run()
CRITICAL - 2024-04-30 19:06:54 --> Error: Call to undefined function set_value()
in APPPATH\Views\ragistration.php on line 24.
 1 SYSTEMPATH\View\View.php(228): include()
 2 SYSTEMPATH\View\View.php(231): CodeIgniter\View\View->CodeIgniter\View\{closure}()
 3 SYSTEMPATH\Common.php(1178): CodeIgniter\View\View->render('ragistration', [], true)
 4 APPPATH\Controllers\Home.php(9): view('ragistration')
 5 SYSTEMPATH\CodeIgniter.php(943): App\Controllers\Home->index()
 6 SYSTEMPATH\CodeIgniter.php(503): CodeIgniter\CodeIgniter->runController(Object(App\Controllers\Home))
 7 SYSTEMPATH\CodeIgniter.php(361): CodeIgniter\CodeIgniter->handleRequest(null, Object(Config\Cache), false)
 8 FCPATH\index.php(79): CodeIgniter\CodeIgniter->run()
CRITICAL - 2024-04-30 19:27:17 --> ParseError: syntax error, unexpected token "use", expecting "{"
in APPPATH\Controllers\Home.php on line 13.
 1 SYSTEMPATH\Autoloader\Autoloader.php(290): CodeIgniter\Autoloader\Autoloader->includeFile('C:\\xampp\\htdocs\\ci-4\\app\\Controllers\\Home.php')
 2 SYSTEMPATH\Autoloader\Autoloader.php(266): CodeIgniter\Autoloader\Autoloader->loadInNamespace('App\\Controllers\\Home')
 3 [internal function]: CodeIgniter\Autoloader\Autoloader->loadClass('App\\Controllers\\Home')
 4 SYSTEMPATH\CodeIgniter.php(901): class_exists('\\App\\Controllers\\Home', true)
 5 SYSTEMPATH\CodeIgniter.php(490): CodeIgniter\CodeIgniter->startController()
 6 SYSTEMPATH\CodeIgniter.php(361): CodeIgniter\CodeIgniter->handleRequest(null, Object(Config\Cache), false)
 7 FCPATH\index.php(79): CodeIgniter\CodeIgniter->run()
CRITICAL - 2024-04-30 19:27:52 --> ParseError: syntax error, unexpected token "use", expecting "{"
in APPPATH\Controllers\Home.php on line 13.
 1 SYSTEMPATH\Autoloader\Autoloader.php(290): CodeIgniter\Autoloader\Autoloader->includeFile('C:\\xampp\\htdocs\\ci-4\\app\\Controllers\\Home.php')
 2 SYSTEMPATH\Autoloader\Autoloader.php(266): CodeIgniter\Autoloader\Autoloader->loadInNamespace('App\\Controllers\\Home')
 3 [internal function]: CodeIgniter\Autoloader\Autoloader->loadClass('App\\Controllers\\Home')
 4 SYSTEMPATH\CodeIgniter.php(901): class_exists('\\App\\Controllers\\Home', true)
 5 SYSTEMPATH\CodeIgniter.php(490): CodeIgniter\CodeIgniter->startController()
 6 SYSTEMPATH\CodeIgniter.php(361): CodeIgniter\CodeIgniter->handleRequest(null, Object(Config\Cache), false)
 7 FCPATH\index.php(79): CodeIgniter\CodeIgniter->run()
CRITICAL - 2024-04-30 19:27:54 --> ParseError: syntax error, unexpected token "use", expecting "{"
in APPPATH\Controllers\Home.php on line 13.
 1 SYSTEMPATH\Autoloader\Autoloader.php(290): CodeIgniter\Autoloader\Autoloader->includeFile('C:\\xampp\\htdocs\\ci-4\\app\\Controllers\\Home.php')
 2 SYSTEMPATH\Autoloader\Autoloader.php(266): CodeIgniter\Autoloader\Autoloader->loadInNamespace('App\\Controllers\\Home')
 3 [internal function]: CodeIgniter\Autoloader\Autoloader->loadClass('App\\Controllers\\Home')
 4 SYSTEMPATH\CodeIgniter.php(901): class_exists('\\App\\Controllers\\Home', true)
 5 SYSTEMPATH\CodeIgniter.php(490): CodeIgniter\CodeIgniter->startController()
 6 SYSTEMPATH\CodeIgniter.php(361): CodeIgniter\CodeIgniter->handleRequest(null, Object(Config\Cache), false)
 7 FCPATH\index.php(79): CodeIgniter\CodeIgniter->run()
CRITICAL - 2024-04-30 19:27:55 --> ParseError: syntax error, unexpected token "use", expecting "{"
in APPPATH\Controllers\Home.php on line 13.
 1 SYSTEMPATH\Autoloader\Autoloader.php(290): CodeIgniter\Autoloader\Autoloader->includeFile('C:\\xampp\\htdocs\\ci-4\\app\\Controllers\\Home.php')
 2 SYSTEMPATH\Autoloader\Autoloader.php(266): CodeIgniter\Autoloader\Autoloader->loadInNamespace('App\\Controllers\\Home')
 3 [internal function]: CodeIgniter\Autoloader\Autoloader->loadClass('App\\Controllers\\Home')
 4 SYSTEMPATH\CodeIgniter.php(901): class_exists('\\App\\Controllers\\Home', true)
 5 SYSTEMPATH\CodeIgniter.php(490): CodeIgniter\CodeIgniter->startController()
 6 SYSTEMPATH\CodeIgniter.php(361): CodeIgniter\CodeIgniter->handleRequest(null, Object(Config\Cache), false)
 7 FCPATH\index.php(79): CodeIgniter\CodeIgniter->run()
CRITICAL - 2024-04-30 19:27:55 --> ParseError: syntax error, unexpected token "use", expecting "{"
in APPPATH\Controllers\Home.php on line 13.
 1 SYSTEMPATH\Autoloader\Autoloader.php(290): CodeIgniter\Autoloader\Autoloader->includeFile('C:\\xampp\\htdocs\\ci-4\\app\\Controllers\\Home.php')
 2 SYSTEMPATH\Autoloader\Autoloader.php(266): CodeIgniter\Autoloader\Autoloader->loadInNamespace('App\\Controllers\\Home')
 3 [internal function]: CodeIgniter\Autoloader\Autoloader->loadClass('App\\Controllers\\Home')
 4 SYSTEMPATH\CodeIgniter.php(901): class_exists('\\App\\Controllers\\Home', true)
 5 SYSTEMPATH\CodeIgniter.php(490): CodeIgniter\CodeIgniter->startController()
 6 SYSTEMPATH\CodeIgniter.php(361): CodeIgniter\CodeIgniter->handleRequest(null, Object(Config\Cache), false)
 7 FCPATH\index.php(79): CodeIgniter\CodeIgniter->run()
CRITICAL - 2024-04-30 19:27:56 --> ParseError: syntax error, unexpected token "use", expecting "{"
in APPPATH\Controllers\Home.php on line 13.
 1 SYSTEMPATH\Autoloader\Autoloader.php(290): CodeIgniter\Autoloader\Autoloader->includeFile('C:\\xampp\\htdocs\\ci-4\\app\\Controllers\\Home.php')
 2 SYSTEMPATH\Autoloader\Autoloader.php(266): CodeIgniter\Autoloader\Autoloader->loadInNamespace('App\\Controllers\\Home')
 3 [internal function]: CodeIgniter\Autoloader\Autoloader->loadClass('App\\Controllers\\Home')
 4 SYSTEMPATH\CodeIgniter.php(901): class_exists('\\App\\Controllers\\Home', true)
 5 SYSTEMPATH\CodeIgniter.php(490): CodeIgniter\CodeIgniter->startController()
 6 SYSTEMPATH\CodeIgniter.php(361): CodeIgniter\CodeIgniter->handleRequest(null, Object(Config\Cache), false)
 7 FCPATH\index.php(79): CodeIgniter\CodeIgniter->run()
CRITICAL - 2024-04-30 19:28:27 --> ParseError: syntax error, unexpected token "use", expecting "{"
in APPPATH\Controllers\Home.php on line 13.
 1 SYSTEMPATH\Autoloader\Autoloader.php(290): CodeIgniter\Autoloader\Autoloader->includeFile('C:\\xampp\\htdocs\\ci-4\\app\\Controllers\\Home.php')
 2 SYSTEMPATH\Autoloader\Autoloader.php(266): CodeIgniter\Autoloader\Autoloader->loadInNamespace('App\\Controllers\\Home')
 3 [internal function]: CodeIgniter\Autoloader\Autoloader->loadClass('App\\Controllers\\Home')
 4 SYSTEMPATH\CodeIgniter.php(901): class_exists('\\App\\Controllers\\Home', true)
 5 SYSTEMPATH\CodeIgniter.php(490): CodeIgniter\CodeIgniter->startController()
 6 SYSTEMPATH\CodeIgniter.php(361): CodeIgniter\CodeIgniter->handleRequest(null, Object(Config\Cache), false)
 7 FCPATH\index.php(79): CodeIgniter\CodeIgniter->run()
CRITICAL - 2024-04-30 19:28:28 --> ParseError: syntax error, unexpected token "use", expecting "{"
in APPPATH\Controllers\Home.php on line 13.
 1 SYSTEMPATH\Autoloader\Autoloader.php(290): CodeIgniter\Autoloader\Autoloader->includeFile('C:\\xampp\\htdocs\\ci-4\\app\\Controllers\\Home.php')
 2 SYSTEMPATH\Autoloader\Autoloader.php(266): CodeIgniter\Autoloader\Autoloader->loadInNamespace('App\\Controllers\\Home')
 3 [internal function]: CodeIgniter\Autoloader\Autoloader->loadClass('App\\Controllers\\Home')
 4 SYSTEMPATH\CodeIgniter.php(901): class_exists('\\App\\Controllers\\Home', true)
 5 SYSTEMPATH\CodeIgniter.php(490): CodeIgniter\CodeIgniter->startController()
 6 SYSTEMPATH\CodeIgniter.php(361): CodeIgniter\CodeIgniter->handleRequest(null, Object(Config\Cache), false)
 7 FCPATH\index.php(79): CodeIgniter\CodeIgniter->run()
CRITICAL - 2024-04-30 19:28:28 --> ParseError: syntax error, unexpected token "use", expecting "{"
in APPPATH\Controllers\Home.php on line 13.
 1 SYSTEMPATH\Autoloader\Autoloader.php(290): CodeIgniter\Autoloader\Autoloader->includeFile('C:\\xampp\\htdocs\\ci-4\\app\\Controllers\\Home.php')
 2 SYSTEMPATH\Autoloader\Autoloader.php(266): CodeIgniter\Autoloader\Autoloader->loadInNamespace('App\\Controllers\\Home')
 3 [internal function]: CodeIgniter\Autoloader\Autoloader->loadClass('App\\Controllers\\Home')
 4 SYSTEMPATH\CodeIgniter.php(901): class_exists('\\App\\Controllers\\Home', true)
 5 SYSTEMPATH\CodeIgniter.php(490): CodeIgniter\CodeIgniter->startController()
 6 SYSTEMPATH\CodeIgniter.php(361): CodeIgniter\CodeIgniter->handleRequest(null, Object(Config\Cache), false)
 7 FCPATH\index.php(79): CodeIgniter\CodeIgniter->run()
