CRITICAL - 2024-05-13 05:53:38 --> TypeError: CodeIgniter\BaseModel::transformDataToArray(): Return value must be of type array, string returned
in SYSTEMPATH\BaseModel.php on line 1804.
 1 SYSTEMPATH\BaseModel.php(956): CodeIgniter\BaseModel->transformDataToArray('roli', 'update')
 2 SYSTEMPATH\Model.php(812): CodeIgniter\BaseModel->update([...], 'roli')
 3 APPPATH\Controllers\Home.php(362): CodeIgniter\Model->update('26', 'roli', Object(CodeIgniter\HTTP\RedirectResponse))
 4 SYSTEMPATH\CodeIgniter.php(943): App\Controllers\Home->change_password()
 5 SYSTEMPATH\CodeIgniter.php(503): CodeIgniter\CodeIgniter->runController(Object(App\Controllers\Home))
 6 SYSTEMPATH\CodeIgniter.php(361): CodeIgniter\CodeIgniter->handleRequest(null, Object(Config\Cache), false)
 7 FCPATH\index.php(79): CodeIgniter\CodeIgniter->run()
CRITICAL - 2024-05-13 05:55:04 --> TypeError: CodeIgniter\BaseModel::transformDataToArray(): Return value must be of type array, string returned
in SYSTEMPATH\BaseModel.php on line 1804.
 1 SYSTEMPATH\BaseModel.php(956): CodeIgniter\BaseModel->transformDataToArray('roli', 'update')
 2 SYSTEMPATH\Model.php(812): CodeIgniter\BaseModel->update([...], 'roli')
 3 APPPATH\Controllers\Home.php(362): CodeIgniter\Model->update('26', 'roli', Object(CodeIgniter\HTTP\RedirectResponse))
 4 SYSTEMPATH\CodeIgniter.php(943): App\Controllers\Home->change_password()
 5 SYSTEMPATH\CodeIgniter.php(503): CodeIgniter\CodeIgniter->runController(Object(App\Controllers\Home))
 6 SYSTEMPATH\CodeIgniter.php(361): CodeIgniter\CodeIgniter->handleRequest(null, Object(Config\Cache), false)
 7 FCPATH\index.php(79): CodeIgniter\CodeIgniter->run()
CRITICAL - 2024-05-13 05:59:25 --> ParseError: syntax error, unexpected token ","
in APPPATH\Controllers\Home.php on line 478.
 1 SYSTEMPATH\Autoloader\Autoloader.php(290): CodeIgniter\Autoloader\Autoloader->includeFile('C:\\xampp\\htdocs\\ci-4\\app\\Controllers\\Home.php')
 2 SYSTEMPATH\Autoloader\Autoloader.php(266): CodeIgniter\Autoloader\Autoloader->loadInNamespace('App\\Controllers\\Home')
 3 [internal function]: CodeIgniter\Autoloader\Autoloader->loadClass('App\\Controllers\\Home')
 4 SYSTEMPATH\CodeIgniter.php(901): class_exists('\\App\\Controllers\\Home', true)
 5 SYSTEMPATH\CodeIgniter.php(490): CodeIgniter\CodeIgniter->startController()
 6 SYSTEMPATH\CodeIgniter.php(361): CodeIgniter\CodeIgniter->handleRequest(null, Object(Config\Cache), false)
 7 FCPATH\index.php(79): CodeIgniter\CodeIgniter->run()
CRITICAL - 2024-05-13 06:36:50 --> ErrorException: include(public\uploads\image\image3.jpg): Failed to open stream: No such file or directory
in APPPATH\Views\home.php on line 72.
 1 APPPATH\Views\home.php(72): CodeIgniter\Debug\Exceptions->errorHandler(2, 'include(public\\uploads\\image\\image3.jpg): Failed to open stream: No such file or directory', 'C:\\xampp\\htdocs\\ci-4\\app\\Views\\home.php', 72)
 2 APPPATH\Views\home.php(72): include()
 3 SYSTEMPATH\View\View.php(228): include('C:\\xampp\\htdocs\\ci-4\\app\\Views\\home.php')
 4 SYSTEMPATH\View\View.php(231): CodeIgniter\View\View->CodeIgniter\View\{closure}()
 5 SYSTEMPATH\Common.php(1178): CodeIgniter\View\View->render('home', [], true)
 6 APPPATH\Controllers\Home.php(16): view('home', [...])
 7 SYSTEMPATH\CodeIgniter.php(943): App\Controllers\Home->index()
 8 SYSTEMPATH\CodeIgniter.php(503): CodeIgniter\CodeIgniter->runController(Object(App\Controllers\Home))
 9 SYSTEMPATH\CodeIgniter.php(361): CodeIgniter\CodeIgniter->handleRequest(null, Object(Config\Cache), false)
10 FCPATH\index.php(79): CodeIgniter\CodeIgniter->run()
CRITICAL - 2024-05-13 06:37:53 --> ErrorException: include(.\public\uploads\image\image3.jpg): Failed to open stream: No such file or directory
in APPPATH\Views\home.php on line 72.
 1 APPPATH\Views\home.php(72): CodeIgniter\Debug\Exceptions->errorHandler(2, 'include(.\\public\\uploads\\image\\image3.jpg): Failed to open stream: No such file or directory', 'C:\\xampp\\htdocs\\ci-4\\app\\Views\\home.php', 72)
 2 APPPATH\Views\home.php(72): include()
 3 SYSTEMPATH\View\View.php(228): include('C:\\xampp\\htdocs\\ci-4\\app\\Views\\home.php')
 4 SYSTEMPATH\View\View.php(231): CodeIgniter\View\View->CodeIgniter\View\{closure}()
 5 SYSTEMPATH\Common.php(1178): CodeIgniter\View\View->render('home', [], true)
 6 APPPATH\Controllers\Home.php(16): view('home', [...])
 7 SYSTEMPATH\CodeIgniter.php(943): App\Controllers\Home->index()
 8 SYSTEMPATH\CodeIgniter.php(503): CodeIgniter\CodeIgniter->runController(Object(App\Controllers\Home))
 9 SYSTEMPATH\CodeIgniter.php(361): CodeIgniter\CodeIgniter->handleRequest(null, Object(Config\Cache), false)
10 FCPATH\index.php(79): CodeIgniter\CodeIgniter->run()
CRITICAL - 2024-05-13 06:37:54 --> ErrorException: include(.\public\uploads\image\image3.jpg): Failed to open stream: No such file or directory
in APPPATH\Views\home.php on line 72.
 1 APPPATH\Views\home.php(72): CodeIgniter\Debug\Exceptions->errorHandler(2, 'include(.\\public\\uploads\\image\\image3.jpg): Failed to open stream: No such file or directory', 'C:\\xampp\\htdocs\\ci-4\\app\\Views\\home.php', 72)
 2 APPPATH\Views\home.php(72): include()
 3 SYSTEMPATH\View\View.php(228): include('C:\\xampp\\htdocs\\ci-4\\app\\Views\\home.php')
 4 SYSTEMPATH\View\View.php(231): CodeIgniter\View\View->CodeIgniter\View\{closure}()
 5 SYSTEMPATH\Common.php(1178): CodeIgniter\View\View->render('home', [], true)
 6 APPPATH\Controllers\Home.php(16): view('home', [...])
 7 SYSTEMPATH\CodeIgniter.php(943): App\Controllers\Home->index()
 8 SYSTEMPATH\CodeIgniter.php(503): CodeIgniter\CodeIgniter->runController(Object(App\Controllers\Home))
 9 SYSTEMPATH\CodeIgniter.php(361): CodeIgniter\CodeIgniter->handleRequest(null, Object(Config\Cache), false)
10 FCPATH\index.php(79): CodeIgniter\CodeIgniter->run()
CRITICAL - 2024-05-13 06:37:56 --> ErrorException: include(.\public\uploads\image\image3.jpg): Failed to open stream: No such file or directory
in APPPATH\Views\home.php on line 72.
 1 APPPATH\Views\home.php(72): CodeIgniter\Debug\Exceptions->errorHandler(2, 'include(.\\public\\uploads\\image\\image3.jpg): Failed to open stream: No such file or directory', 'C:\\xampp\\htdocs\\ci-4\\app\\Views\\home.php', 72)
 2 APPPATH\Views\home.php(72): include()
 3 SYSTEMPATH\View\View.php(228): include('C:\\xampp\\htdocs\\ci-4\\app\\Views\\home.php')
 4 SYSTEMPATH\View\View.php(231): CodeIgniter\View\View->CodeIgniter\View\{closure}()
 5 SYSTEMPATH\Common.php(1178): CodeIgniter\View\View->render('home', [], true)
 6 APPPATH\Controllers\Home.php(16): view('home', [...])
 7 SYSTEMPATH\CodeIgniter.php(943): App\Controllers\Home->index()
 8 SYSTEMPATH\CodeIgniter.php(503): CodeIgniter\CodeIgniter->runController(Object(App\Controllers\Home))
 9 SYSTEMPATH\CodeIgniter.php(361): CodeIgniter\CodeIgniter->handleRequest(null, Object(Config\Cache), false)
10 FCPATH\index.php(79): CodeIgniter\CodeIgniter->run()
CRITICAL - 2024-05-13 06:38:10 --> ErrorException: include(\public\uploads\image\image3.jpg): Failed to open stream: No such file or directory
in APPPATH\Views\home.php on line 72.
 1 APPPATH\Views\home.php(72): CodeIgniter\Debug\Exceptions->errorHandler(2, 'include(\\public\\uploads\\image\\image3.jpg): Failed to open stream: No such file or directory', 'C:\\xampp\\htdocs\\ci-4\\app\\Views\\home.php', 72)
 2 APPPATH\Views\home.php(72): include()
 3 SYSTEMPATH\View\View.php(228): include('C:\\xampp\\htdocs\\ci-4\\app\\Views\\home.php')
 4 SYSTEMPATH\View\View.php(231): CodeIgniter\View\View->CodeIgniter\View\{closure}()
 5 SYSTEMPATH\Common.php(1178): CodeIgniter\View\View->render('home', [], true)
 6 APPPATH\Controllers\Home.php(16): view('home', [...])
 7 SYSTEMPATH\CodeIgniter.php(943): App\Controllers\Home->index()
 8 SYSTEMPATH\CodeIgniter.php(503): CodeIgniter\CodeIgniter->runController(Object(App\Controllers\Home))
 9 SYSTEMPATH\CodeIgniter.php(361): CodeIgniter\CodeIgniter->handleRequest(null, Object(Config\Cache), false)
10 FCPATH\index.php(79): CodeIgniter\CodeIgniter->run()
CRITICAL - 2024-05-13 06:39:11 --> ErrorException: include(public\uploads\image\image3.jpg): Failed to open stream: No such file or directory
in APPPATH\Views\home.php on line 72.
 1 APPPATH\Views\home.php(72): CodeIgniter\Debug\Exceptions->errorHandler(2, 'include(public\\uploads\\image\\image3.jpg): Failed to open stream: No such file or directory', 'C:\\xampp\\htdocs\\ci-4\\app\\Views\\home.php', 72)
 2 APPPATH\Views\home.php(72): include()
 3 SYSTEMPATH\View\View.php(228): include('C:\\xampp\\htdocs\\ci-4\\app\\Views\\home.php')
 4 SYSTEMPATH\View\View.php(231): CodeIgniter\View\View->CodeIgniter\View\{closure}()
 5 SYSTEMPATH\Common.php(1178): CodeIgniter\View\View->render('home', [], true)
 6 APPPATH\Controllers\Home.php(16): view('home', [...])
 7 SYSTEMPATH\CodeIgniter.php(943): App\Controllers\Home->index()
 8 SYSTEMPATH\CodeIgniter.php(503): CodeIgniter\CodeIgniter->runController(Object(App\Controllers\Home))
 9 SYSTEMPATH\CodeIgniter.php(361): CodeIgniter\CodeIgniter->handleRequest(null, Object(Config\Cache), false)
10 FCPATH\index.php(79): CodeIgniter\CodeIgniter->run()
CRITICAL - 2024-05-13 06:40:14 --> ErrorException: include(public\uploads\image\image3.jpg): Failed to open stream: No such file or directory
in APPPATH\Views\home.php on line 72.
 1 APPPATH\Views\home.php(72): CodeIgniter\Debug\Exceptions->errorHandler(2, 'include(public\\uploads\\image\\image3.jpg): Failed to open stream: No such file or directory', 'C:\\xampp\\htdocs\\ci-4\\app\\Views\\home.php', 72)
 2 APPPATH\Views\home.php(72): include()
 3 SYSTEMPATH\View\View.php(228): include('C:\\xampp\\htdocs\\ci-4\\app\\Views\\home.php')
 4 SYSTEMPATH\View\View.php(231): CodeIgniter\View\View->CodeIgniter\View\{closure}()
 5 SYSTEMPATH\Common.php(1178): CodeIgniter\View\View->render('home', [], true)
 6 APPPATH\Controllers\Home.php(16): view('home', [...])
 7 SYSTEMPATH\CodeIgniter.php(943): App\Controllers\Home->index()
 8 SYSTEMPATH\CodeIgniter.php(503): CodeIgniter\CodeIgniter->runController(Object(App\Controllers\Home))
 9 SYSTEMPATH\CodeIgniter.php(361): CodeIgniter\CodeIgniter->handleRequest(null, Object(Config\Cache), false)
10 FCPATH\index.php(79): CodeIgniter\CodeIgniter->run()
CRITICAL - 2024-05-13 07:37:19 --> ErrorException: include(include/nav.php): Failed to open stream: No such file or directory
in APPPATH\Views\include\footer.php on line 60.
 1 APPPATH\Views\include\footer.php(60): CodeIgniter\Debug\Exceptions->errorHandler(2, 'include(include/nav.php): Failed to open stream: No such file or directory', 'C:\\xampp\\htdocs\\ci-4\\app\\Views\\include\\footer.php', 60)
 2 APPPATH\Views\include\footer.php(60): include()
 3 APPPATH\Views\home.php(114): include('C:\\xampp\\htdocs\\ci-4\\app\\Views\\include\\footer.php')
 4 SYSTEMPATH\View\View.php(228): include('C:\\xampp\\htdocs\\ci-4\\app\\Views\\home.php')
 5 SYSTEMPATH\View\View.php(231): CodeIgniter\View\View->CodeIgniter\View\{closure}()
 6 SYSTEMPATH\Common.php(1178): CodeIgniter\View\View->render('home', [], true)
 7 APPPATH\Controllers\Home.php(16): view('home', [...])
 8 SYSTEMPATH\CodeIgniter.php(943): App\Controllers\Home->index()
 9 SYSTEMPATH\CodeIgniter.php(503): CodeIgniter\CodeIgniter->runController(Object(App\Controllers\Home))
10 SYSTEMPATH\CodeIgniter.php(361): CodeIgniter\CodeIgniter->handleRequest(null, Object(Config\Cache), false)
11 FCPATH\index.php(79): CodeIgniter\CodeIgniter->run()
