CRITICAL - 2024-05-11 05:41:01 --> ErrorException: Undefined variable $validation
in APPPATH\Controllers\Home.php on line 307.
 1 APPPATH\Controllers\Home.php(307): CodeIgniter\Debug\Exceptions->errorHandler(2, 'Undefined variable $validation', 'C:\\xampp\\htdocs\\ci-4\\app\\Controllers\\Home.php', 307)
 2 SYSTEMPATH\CodeIgniter.php(943): App\Controllers\Home->profileUpdate()
 3 SYSTEMPATH\CodeIgniter.php(503): CodeIgniter\CodeIgniter->runController(Object(App\Controllers\Home))
 4 SYSTEMPATH\CodeIgniter.php(361): CodeIgniter\CodeIgniter->handleRequest(null, Object(Config\Cache), false)
 5 FCPATH\index.php(79): CodeIgniter\CodeIgniter->run()
CRITICAL - 2024-05-11 05:41:03 --> ErrorException: Undefined variable $validation
in APPPATH\Controllers\Home.php on line 307.
 1 APPPATH\Controllers\Home.php(307): CodeIgniter\Debug\Exceptions->errorHandler(2, 'Undefined variable $validation', 'C:\\xampp\\htdocs\\ci-4\\app\\Controllers\\Home.php', 307)
 2 SYSTEMPATH\CodeIgniter.php(943): App\Controllers\Home->profileUpdate()
 3 SYSTEMPATH\CodeIgniter.php(503): CodeIgniter\CodeIgniter->runController(Object(App\Controllers\Home))
 4 SYSTEMPATH\CodeIgniter.php(361): CodeIgniter\CodeIgniter->handleRequest(null, Object(Config\Cache), false)
 5 FCPATH\index.php(79): CodeIgniter\CodeIgniter->run()
CRITICAL - 2024-05-11 05:41:32 --> Error: Class "App\Controllers\UserModel" not found
in APPPATH\Controllers\Home.php on line 288.
 1 SYSTEMPATH\CodeIgniter.php(943): App\Controllers\Home->profileUpdate()
 2 SYSTEMPATH\CodeIgniter.php(503): CodeIgniter\CodeIgniter->runController(Object(App\Controllers\Home))
 3 SYSTEMPATH\CodeIgniter.php(361): CodeIgniter\CodeIgniter->handleRequest(null, Object(Config\Cache), false)
 4 FCPATH\index.php(79): CodeIgniter\CodeIgniter->run()
CRITICAL - 2024-05-11 05:42:01 --> Error: Class "App\Controllers\UserModel" not found
in APPPATH\Controllers\Home.php on line 288.
 1 SYSTEMPATH\CodeIgniter.php(943): App\Controllers\Home->profileUpdate()
 2 SYSTEMPATH\CodeIgniter.php(503): CodeIgniter\CodeIgniter->runController(Object(App\Controllers\Home))
 3 SYSTEMPATH\CodeIgniter.php(361): CodeIgniter\CodeIgniter->handleRequest(null, Object(Config\Cache), false)
 4 FCPATH\index.php(79): CodeIgniter\CodeIgniter->run()
CRITICAL - 2024-05-11 06:44:45 --> CodeIgniter\Database\Exceptions\DataException: There is no data to update.
in SYSTEMPATH\BaseModel.php on line 1778.
 1 SYSTEMPATH\BaseModel.php(1778): CodeIgniter\Database\Exceptions\DataException::forEmptyDataset('update')
 2 SYSTEMPATH\BaseModel.php(956): CodeIgniter\BaseModel->transformDataToArray(null, 'update')
 3 SYSTEMPATH\Model.php(812): CodeIgniter\BaseModel->update([...], null)
 4 APPPATH\Controllers\Home.php(334): CodeIgniter\Model->update('26')
 5 SYSTEMPATH\CodeIgniter.php(943): App\Controllers\Home->chenge_password()
 6 SYSTEMPATH\CodeIgniter.php(503): CodeIgniter\CodeIgniter->runController(Object(App\Controllers\Home))
 7 SYSTEMPATH\CodeIgniter.php(361): CodeIgniter\CodeIgniter->handleRequest(null, Object(Config\Cache), false)
 8 FCPATH\index.php(79): CodeIgniter\CodeIgniter->run()
CRITICAL - 2024-05-11 06:45:13 --> CodeIgniter\Database\Exceptions\DataException: There is no data to update.
in SYSTEMPATH\BaseModel.php on line 1778.
 1 SYSTEMPATH\BaseModel.php(1778): CodeIgniter\Database\Exceptions\DataException::forEmptyDataset('update')
 2 SYSTEMPATH\BaseModel.php(956): CodeIgniter\BaseModel->transformDataToArray(null, 'update')
 3 SYSTEMPATH\Model.php(812): CodeIgniter\BaseModel->update([...], null)
 4 APPPATH\Controllers\Home.php(334): CodeIgniter\Model->update('26')
 5 SYSTEMPATH\CodeIgniter.php(943): App\Controllers\Home->chenge_password()
 6 SYSTEMPATH\CodeIgniter.php(503): CodeIgniter\CodeIgniter->runController(Object(App\Controllers\Home))
 7 SYSTEMPATH\CodeIgniter.php(361): CodeIgniter\CodeIgniter->handleRequest(null, Object(Config\Cache), false)
 8 FCPATH\index.php(79): CodeIgniter\CodeIgniter->run()
CRITICAL - 2024-05-11 06:45:25 --> CodeIgniter\Database\Exceptions\DataException: There is no data to update.
in SYSTEMPATH\BaseModel.php on line 1778.
 1 SYSTEMPATH\BaseModel.php(1778): CodeIgniter\Database\Exceptions\DataException::forEmptyDataset('update')
 2 SYSTEMPATH\BaseModel.php(956): CodeIgniter\BaseModel->transformDataToArray(null, 'update')
 3 SYSTEMPATH\Model.php(812): CodeIgniter\BaseModel->update([...], null)
 4 APPPATH\Controllers\Home.php(334): CodeIgniter\Model->update('26')
 5 SYSTEMPATH\CodeIgniter.php(943): App\Controllers\Home->chenge_password()
 6 SYSTEMPATH\CodeIgniter.php(503): CodeIgniter\CodeIgniter->runController(Object(App\Controllers\Home))
 7 SYSTEMPATH\CodeIgniter.php(361): CodeIgniter\CodeIgniter->handleRequest(null, Object(Config\Cache), false)
 8 FCPATH\index.php(79): CodeIgniter\CodeIgniter->run()
CRITICAL - 2024-05-11 06:45:39 --> ErrorException: Undefined variable $data
in APPPATH\Controllers\Home.php on line 335.
 1 APPPATH\Controllers\Home.php(335): CodeIgniter\Debug\Exceptions->errorHandler(2, 'Undefined variable $data', 'C:\\xampp\\htdocs\\ci-4\\app\\Controllers\\Home.php', 335)
 2 SYSTEMPATH\CodeIgniter.php(943): App\Controllers\Home->chenge_password()
 3 SYSTEMPATH\CodeIgniter.php(503): CodeIgniter\CodeIgniter->runController(Object(App\Controllers\Home))
 4 SYSTEMPATH\CodeIgniter.php(361): CodeIgniter\CodeIgniter->handleRequest(null, Object(Config\Cache), false)
 5 FCPATH\index.php(79): CodeIgniter\CodeIgniter->run()
CRITICAL - 2024-05-11 06:45:53 --> CodeIgniter\View\Exceptions\ViewException: Invalid file: "chenge_password.php"
in SYSTEMPATH\Exceptions\FrameworkException.php on line 39.
 1 SYSTEMPATH\View\View.php(216): CodeIgniter\Exceptions\FrameworkException::forInvalidFile('chenge_password.php')
 2 SYSTEMPATH\Common.php(1178): CodeIgniter\View\View->render('chenge_password', [], true)
 3 APPPATH\Controllers\Home.php(335): view('chenge_password')
 4 SYSTEMPATH\CodeIgniter.php(943): App\Controllers\Home->chenge_password()
 5 SYSTEMPATH\CodeIgniter.php(503): CodeIgniter\CodeIgniter->runController(Object(App\Controllers\Home))
 6 SYSTEMPATH\CodeIgniter.php(361): CodeIgniter\CodeIgniter->handleRequest(null, Object(Config\Cache), false)
 7 FCPATH\index.php(79): CodeIgniter\CodeIgniter->run()
CRITICAL - 2024-05-11 06:47:58 --> CodeIgniter\Database\Exceptions\DataException: There is no data to update.
in SYSTEMPATH\BaseModel.php on line 1778.
 1 SYSTEMPATH\BaseModel.php(1778): CodeIgniter\Database\Exceptions\DataException::forEmptyDataset('update')
 2 SYSTEMPATH\BaseModel.php(956): CodeIgniter\BaseModel->transformDataToArray(null, 'update')
 3 SYSTEMPATH\Model.php(812): CodeIgniter\BaseModel->update([...], null)
 4 APPPATH\Controllers\Home.php(334): CodeIgniter\Model->update('26')
 5 SYSTEMPATH\CodeIgniter.php(943): App\Controllers\Home->change_password()
 6 SYSTEMPATH\CodeIgniter.php(503): CodeIgniter\CodeIgniter->runController(Object(App\Controllers\Home))
 7 SYSTEMPATH\CodeIgniter.php(361): CodeIgniter\CodeIgniter->handleRequest(null, Object(Config\Cache), false)
 8 FCPATH\index.php(79): CodeIgniter\CodeIgniter->run()
CRITICAL - 2024-05-11 07:14:09 --> BadMethodCallException: Call to undefined method App\Models\UsersModel::updatePassword
in SYSTEMPATH\Model.php on line 879.
 1 APPPATH\Controllers\Home.php(358): CodeIgniter\Model->__call('updatePassword', [...])
 2 SYSTEMPATH\CodeIgniter.php(943): App\Controllers\Home->change_password()
 3 SYSTEMPATH\CodeIgniter.php(503): CodeIgniter\CodeIgniter->runController(Object(App\Controllers\Home))
 4 SYSTEMPATH\CodeIgniter.php(361): CodeIgniter\CodeIgniter->handleRequest(null, Object(Config\Cache), false)
 5 FCPATH\index.php(79): CodeIgniter\CodeIgniter->run()
CRITICAL - 2024-05-11 07:30:50 --> BadMethodCallException: Call to undefined method App\Models\UsersModel::updatePassword
in SYSTEMPATH\Model.php on line 879.
 1 APPPATH\Controllers\Home.php(358): CodeIgniter\Model->__call('updatePassword', [...])
 2 SYSTEMPATH\CodeIgniter.php(943): App\Controllers\Home->change_password()
 3 SYSTEMPATH\CodeIgniter.php(503): CodeIgniter\CodeIgniter->runController(Object(App\Controllers\Home))
 4 SYSTEMPATH\CodeIgniter.php(361): CodeIgniter\CodeIgniter->handleRequest(null, Object(Config\Cache), false)
 5 FCPATH\index.php(79): CodeIgniter\CodeIgniter->run()
CRITICAL - 2024-05-11 07:30:54 --> BadMethodCallException: Call to undefined method App\Models\UsersModel::updatePassword
in SYSTEMPATH\Model.php on line 879.
 1 APPPATH\Controllers\Home.php(358): CodeIgniter\Model->__call('updatePassword', [...])
 2 SYSTEMPATH\CodeIgniter.php(943): App\Controllers\Home->change_password()
 3 SYSTEMPATH\CodeIgniter.php(503): CodeIgniter\CodeIgniter->runController(Object(App\Controllers\Home))
 4 SYSTEMPATH\CodeIgniter.php(361): CodeIgniter\CodeIgniter->handleRequest(null, Object(Config\Cache), false)
 5 FCPATH\index.php(79): CodeIgniter\CodeIgniter->run()
CRITICAL - 2024-05-11 07:33:30 --> TypeError: CodeIgniter\BaseModel::transformDataToArray(): Return value must be of type array, string returned
in SYSTEMPATH\BaseModel.php on line 1804.
 1 SYSTEMPATH\BaseModel.php(956): CodeIgniter\BaseModel->transformDataToArray('roli', 'update')
 2 SYSTEMPATH\Model.php(812): CodeIgniter\BaseModel->update([...], 'roli')
 3 APPPATH\Controllers\Home.php(363): CodeIgniter\Model->update('26', 'roli')
 4 SYSTEMPATH\CodeIgniter.php(943): App\Controllers\Home->change_password()
 5 SYSTEMPATH\CodeIgniter.php(503): CodeIgniter\CodeIgniter->runController(Object(App\Controllers\Home))
 6 SYSTEMPATH\CodeIgniter.php(361): CodeIgniter\CodeIgniter->handleRequest(null, Object(Config\Cache), false)
 7 FCPATH\index.php(79): CodeIgniter\CodeIgniter->run()
CRITICAL - 2024-05-11 07:41:00 --> BadMethodCallException: Call to undefined method App\Models\UsersModel::updatePassword
in SYSTEMPATH\Model.php on line 879.
 1 APPPATH\Controllers\Home.php(357): CodeIgniter\Model->__call('updatePassword', [...])
 2 SYSTEMPATH\CodeIgniter.php(943): App\Controllers\Home->change_password()
 3 SYSTEMPATH\CodeIgniter.php(503): CodeIgniter\CodeIgniter->runController(Object(App\Controllers\Home))
 4 SYSTEMPATH\CodeIgniter.php(361): CodeIgniter\CodeIgniter->handleRequest(null, Object(Config\Cache), false)
 5 FCPATH\index.php(79): CodeIgniter\CodeIgniter->run()
CRITICAL - 2024-05-11 07:41:19 --> TypeError: CodeIgniter\BaseModel::transformDataToArray(): Return value must be of type array, string returned
in SYSTEMPATH\BaseModel.php on line 1804.
 1 SYSTEMPATH\BaseModel.php(956): CodeIgniter\BaseModel->transformDataToArray('roli', 'update')
 2 SYSTEMPATH\Model.php(812): CodeIgniter\BaseModel->update([...], 'roli')
 3 APPPATH\Controllers\Home.php(357): CodeIgniter\Model->update('26', 'roli')
 4 SYSTEMPATH\CodeIgniter.php(943): App\Controllers\Home->change_password()
 5 SYSTEMPATH\CodeIgniter.php(503): CodeIgniter\CodeIgniter->runController(Object(App\Controllers\Home))
 6 SYSTEMPATH\CodeIgniter.php(361): CodeIgniter\CodeIgniter->handleRequest(null, Object(Config\Cache), false)
 7 FCPATH\index.php(79): CodeIgniter\CodeIgniter->run()
CRITICAL - 2024-05-11 07:42:56 --> TypeError: CodeIgniter\BaseModel::transformDataToArray(): Return value must be of type array, string returned
in SYSTEMPATH\BaseModel.php on line 1804.
 1 SYSTEMPATH\BaseModel.php(956): CodeIgniter\BaseModel->transformDataToArray('roli', 'update')
 2 SYSTEMPATH\Model.php(812): CodeIgniter\BaseModel->update([...], 'roli')
 3 APPPATH\Controllers\Home.php(362): CodeIgniter\Model->update('26', 'roli')
 4 SYSTEMPATH\CodeIgniter.php(943): App\Controllers\Home->change_password()
 5 SYSTEMPATH\CodeIgniter.php(503): CodeIgniter\CodeIgniter->runController(Object(App\Controllers\Home))
 6 SYSTEMPATH\CodeIgniter.php(361): CodeIgniter\CodeIgniter->handleRequest(null, Object(Config\Cache), false)
 7 FCPATH\index.php(79): CodeIgniter\CodeIgniter->run()
CRITICAL - 2024-05-11 07:44:57 --> TypeError: CodeIgniter\BaseModel::transformDataToArray(): Return value must be of type array, string returned
in SYSTEMPATH\BaseModel.php on line 1804.
 1 SYSTEMPATH\BaseModel.php(956): CodeIgniter\BaseModel->transformDataToArray('roli', 'update')
 2 SYSTEMPATH\Model.php(812): CodeIgniter\BaseModel->update([...], 'roli')
 3 APPPATH\Controllers\Home.php(362): CodeIgniter\Model->update('26', 'roli', Object(CodeIgniter\HTTP\RedirectResponse))
 4 SYSTEMPATH\CodeIgniter.php(943): App\Controllers\Home->change_password()
 5 SYSTEMPATH\CodeIgniter.php(503): CodeIgniter\CodeIgniter->runController(Object(App\Controllers\Home))
 6 SYSTEMPATH\CodeIgniter.php(361): CodeIgniter\CodeIgniter->handleRequest(null, Object(Config\Cache), false)
 7 FCPATH\index.php(79): CodeIgniter\CodeIgniter->run()
CRITICAL - 2024-05-11 07:45:05 --> TypeError: CodeIgniter\BaseModel::transformDataToArray(): Return value must be of type array, string returned
in SYSTEMPATH\BaseModel.php on line 1804.
 1 SYSTEMPATH\BaseModel.php(956): CodeIgniter\BaseModel->transformDataToArray('roli', 'update')
 2 SYSTEMPATH\Model.php(812): CodeIgniter\BaseModel->update([...], 'roli')
 3 APPPATH\Controllers\Home.php(362): CodeIgniter\Model->update('26', 'roli', Object(CodeIgniter\HTTP\RedirectResponse))
 4 SYSTEMPATH\CodeIgniter.php(943): App\Controllers\Home->change_password()
 5 SYSTEMPATH\CodeIgniter.php(503): CodeIgniter\CodeIgniter->runController(Object(App\Controllers\Home))
 6 SYSTEMPATH\CodeIgniter.php(361): CodeIgniter\CodeIgniter->handleRequest(null, Object(Config\Cache), false)
 7 FCPATH\index.php(79): CodeIgniter\CodeIgniter->run()
CRITICAL - 2024-05-11 07:51:17 --> ParseError: Unclosed '{' on line 7
in APPPATH\Controllers\Home.php on line 412.
 1 SYSTEMPATH\Autoloader\Autoloader.php(290): CodeIgniter\Autoloader\Autoloader->includeFile('C:\\xampp\\htdocs\\ci-4\\app\\Controllers\\Home.php')
 2 SYSTEMPATH\Autoloader\Autoloader.php(266): CodeIgniter\Autoloader\Autoloader->loadInNamespace('App\\Controllers\\Home')
 3 [internal function]: CodeIgniter\Autoloader\Autoloader->loadClass('App\\Controllers\\Home')
 4 SYSTEMPATH\CodeIgniter.php(901): class_exists('\\App\\Controllers\\Home', true)
 5 SYSTEMPATH\CodeIgniter.php(490): CodeIgniter\CodeIgniter->startController()
 6 SYSTEMPATH\CodeIgniter.php(361): CodeIgniter\CodeIgniter->handleRequest(null, Object(Config\Cache), false)
 7 FCPATH\index.php(79): CodeIgniter\CodeIgniter->run()
CRITICAL - 2024-05-11 07:53:10 --> ParseError: Unclosed '{' on line 7
in APPPATH\Controllers\Home.php on line 412.
 1 SYSTEMPATH\Autoloader\Autoloader.php(290): CodeIgniter\Autoloader\Autoloader->includeFile('C:\\xampp\\htdocs\\ci-4\\app\\Controllers\\Home.php')
 2 SYSTEMPATH\Autoloader\Autoloader.php(266): CodeIgniter\Autoloader\Autoloader->loadInNamespace('App\\Controllers\\Home')
 3 [internal function]: CodeIgniter\Autoloader\Autoloader->loadClass('App\\Controllers\\Home')
 4 SYSTEMPATH\CodeIgniter.php(901): class_exists('\\App\\Controllers\\Home', true)
 5 SYSTEMPATH\CodeIgniter.php(490): CodeIgniter\CodeIgniter->startController()
 6 SYSTEMPATH\CodeIgniter.php(361): CodeIgniter\CodeIgniter->handleRequest(null, Object(Config\Cache), false)
 7 FCPATH\index.php(79): CodeIgniter\CodeIgniter->run()
