CRITICAL - 2024-05-10 06:35:40 --> CodeIgniter\Validation\Exceptions\ValidationException: "is_vedio" is not a valid rule.
in SYSTEMPATH\Validation\Validation.php on line 336.
 1 SYSTEMPATH\Validation\Validation.php(336): CodeIgniter\Validation\Exceptions\ValidationException::forRuleNotFound('is_vedio')
 2 SYSTEMPATH\Validation\Validation.php(200): CodeIgniter\Validation\Validation->processRules('userfile', 'vedio file', null, [...], [...])
 3 SYSTEMPATH\Controller.php(154): CodeIgniter\Validation\Validation->run()
 4 APPPATH\Controllers\Home.php(240): CodeIgniter\Controller->validate([...])
 5 SYSTEMPATH\CodeIgniter.php(943): App\Controllers\Home->uploadvedio()
 6 SYSTEMPATH\CodeIgniter.php(503): CodeIgniter\CodeIgniter->runController(Object(App\Controllers\Home))
 7 SYSTEMPATH\CodeIgniter.php(361): CodeIgniter\CodeIgniter->handleRequest(null, Object(Config\Cache), false)
 8 FCPATH\index.php(79): CodeIgniter\CodeIgniter->run()
CRITICAL - 2024-05-10 06:36:19 --> CodeIgniter\Validation\Exceptions\ValidationException: "is_vedio" is not a valid rule.
in SYSTEMPATH\Validation\Validation.php on line 336.
 1 SYSTEMPATH\Validation\Validation.php(336): CodeIgniter\Validation\Exceptions\ValidationException::forRuleNotFound('is_vedio')
 2 SYSTEMPATH\Validation\Validation.php(200): CodeIgniter\Validation\Validation->processRules('userfile', 'vedio file', null, [...], [...])
 3 SYSTEMPATH\Controller.php(154): CodeIgniter\Validation\Validation->run()
 4 APPPATH\Controllers\Home.php(240): CodeIgniter\Controller->validate([...])
 5 SYSTEMPATH\CodeIgniter.php(943): App\Controllers\Home->uploadvedio()
 6 SYSTEMPATH\CodeIgniter.php(503): CodeIgniter\CodeIgniter->runController(Object(App\Controllers\Home))
 7 SYSTEMPATH\CodeIgniter.php(361): CodeIgniter\CodeIgniter->handleRequest(null, Object(Config\Cache), false)
 8 FCPATH\index.php(79): CodeIgniter\CodeIgniter->run()
CRITICAL - 2024-05-10 06:39:10 --> CodeIgniter\Validation\Exceptions\ValidationException: "is_allowed_mime_in" is not a valid rule.
in SYSTEMPATH\Validation\Validation.php on line 336.
 1 SYSTEMPATH\Validation\Validation.php(336): CodeIgniter\Validation\Exceptions\ValidationException::forRuleNotFound('is_allowed_mime_in')
 2 SYSTEMPATH\Validation\Validation.php(200): CodeIgniter\Validation\Validation->processRules('userfile', 'File', null, [...], [...])
 3 SYSTEMPATH\Controller.php(154): CodeIgniter\Validation\Validation->run()
 4 APPPATH\Controllers\Home.php(274): CodeIgniter\Controller->validate([...])
 5 SYSTEMPATH\CodeIgniter.php(943): App\Controllers\Home->upload()
 6 SYSTEMPATH\CodeIgniter.php(503): CodeIgniter\CodeIgniter->runController(Object(App\Controllers\Home))
 7 SYSTEMPATH\CodeIgniter.php(361): CodeIgniter\CodeIgniter->handleRequest(null, Object(Config\Cache), false)
 8 FCPATH\index.php(79): CodeIgniter\CodeIgniter->run()
CRITICAL - 2024-05-10 07:06:15 --> CodeIgniter\Validation\Exceptions\ValidationException: "is_mime" is not a valid rule.
in SYSTEMPATH\Validation\Validation.php on line 336.
 1 SYSTEMPATH\Validation\Validation.php(336): CodeIgniter\Validation\Exceptions\ValidationException::forRuleNotFound('is_mime')
 2 SYSTEMPATH\Validation\Validation.php(200): CodeIgniter\Validation\Validation->processRules('userfile', 'File', null, [...], [...])
 3 SYSTEMPATH\Controller.php(154): CodeIgniter\Validation\Validation->run()
 4 APPPATH\Controllers\Home.php(274): CodeIgniter\Controller->validate([...])
 5 SYSTEMPATH\CodeIgniter.php(943): App\Controllers\Home->upload()
 6 SYSTEMPATH\CodeIgniter.php(503): CodeIgniter\CodeIgniter->runController(Object(App\Controllers\Home))
 7 SYSTEMPATH\CodeIgniter.php(361): CodeIgniter\CodeIgniter->handleRequest(null, Object(Config\Cache), false)
 8 FCPATH\index.php(79): CodeIgniter\CodeIgniter->run()
CRITICAL - 2024-05-10 07:06:21 --> CodeIgniter\Validation\Exceptions\ValidationException: "is_mime" is not a valid rule.
in SYSTEMPATH\Validation\Validation.php on line 336.
 1 SYSTEMPATH\Validation\Validation.php(336): CodeIgniter\Validation\Exceptions\ValidationException::forRuleNotFound('is_mime')
 2 SYSTEMPATH\Validation\Validation.php(200): CodeIgniter\Validation\Validation->processRules('userfile', 'File', null, [...], [...])
 3 SYSTEMPATH\Controller.php(154): CodeIgniter\Validation\Validation->run()
 4 APPPATH\Controllers\Home.php(274): CodeIgniter\Controller->validate([...])
 5 SYSTEMPATH\CodeIgniter.php(943): App\Controllers\Home->upload()
 6 SYSTEMPATH\CodeIgniter.php(503): CodeIgniter\CodeIgniter->runController(Object(App\Controllers\Home))
 7 SYSTEMPATH\CodeIgniter.php(361): CodeIgniter\CodeIgniter->handleRequest(null, Object(Config\Cache), false)
 8 FCPATH\index.php(79): CodeIgniter\CodeIgniter->run()
CRITICAL - 2024-05-10 07:08:47 --> CodeIgniter\Validation\Exceptions\ValidationException: "is_mime" is not a valid rule.
in SYSTEMPATH\Validation\Validation.php on line 336.
 1 SYSTEMPATH\Validation\Validation.php(336): CodeIgniter\Validation\Exceptions\ValidationException::forRuleNotFound('is_mime')
 2 SYSTEMPATH\Validation\Validation.php(200): CodeIgniter\Validation\Validation->processRules('userfile', 'File', null, [...], [...])
 3 SYSTEMPATH\Controller.php(154): CodeIgniter\Validation\Validation->run()
 4 APPPATH\Controllers\Home.php(274): CodeIgniter\Controller->validate([...])
 5 SYSTEMPATH\CodeIgniter.php(943): App\Controllers\Home->upload()
 6 SYSTEMPATH\CodeIgniter.php(503): CodeIgniter\CodeIgniter->runController(Object(App\Controllers\Home))
 7 SYSTEMPATH\CodeIgniter.php(361): CodeIgniter\CodeIgniter->handleRequest(null, Object(Config\Cache), false)
 8 FCPATH\index.php(79): CodeIgniter\CodeIgniter->run()
CRITICAL - 2024-05-10 07:08:52 --> CodeIgniter\Validation\Exceptions\ValidationException: "is_mime" is not a valid rule.
in SYSTEMPATH\Validation\Validation.php on line 336.
 1 SYSTEMPATH\Validation\Validation.php(336): CodeIgniter\Validation\Exceptions\ValidationException::forRuleNotFound('is_mime')
 2 SYSTEMPATH\Validation\Validation.php(200): CodeIgniter\Validation\Validation->processRules('userfile', 'File', null, [...], [...])
 3 SYSTEMPATH\Controller.php(154): CodeIgniter\Validation\Validation->run()
 4 APPPATH\Controllers\Home.php(274): CodeIgniter\Controller->validate([...])
 5 SYSTEMPATH\CodeIgniter.php(943): App\Controllers\Home->upload()
 6 SYSTEMPATH\CodeIgniter.php(503): CodeIgniter\CodeIgniter->runController(Object(App\Controllers\Home))
 7 SYSTEMPATH\CodeIgniter.php(361): CodeIgniter\CodeIgniter->handleRequest(null, Object(Config\Cache), false)
 8 FCPATH\index.php(79): CodeIgniter\CodeIgniter->run()
CRITICAL - 2024-05-10 07:09:08 --> CodeIgniter\Validation\Exceptions\ValidationException: "is_mime" is not a valid rule.
in SYSTEMPATH\Validation\Validation.php on line 336.
 1 SYSTEMPATH\Validation\Validation.php(336): CodeIgniter\Validation\Exceptions\ValidationException::forRuleNotFound('is_mime')
 2 SYSTEMPATH\Validation\Validation.php(200): CodeIgniter\Validation\Validation->processRules('userfile', 'vedio file', null, [...], [...])
 3 SYSTEMPATH\Controller.php(154): CodeIgniter\Validation\Validation->run()
 4 APPPATH\Controllers\Home.php(240): CodeIgniter\Controller->validate([...])
 5 SYSTEMPATH\CodeIgniter.php(943): App\Controllers\Home->uploadvedio()
 6 SYSTEMPATH\CodeIgniter.php(503): CodeIgniter\CodeIgniter->runController(Object(App\Controllers\Home))
 7 SYSTEMPATH\CodeIgniter.php(361): CodeIgniter\CodeIgniter->handleRequest(null, Object(Config\Cache), false)
 8 FCPATH\index.php(79): CodeIgniter\CodeIgniter->run()
CRITICAL - 2024-05-10 07:10:40 --> CodeIgniter\Validation\Exceptions\ValidationException: "vedio" is not a valid rule.
in SYSTEMPATH\Validation\Validation.php on line 336.
 1 SYSTEMPATH\Validation\Validation.php(336): CodeIgniter\Validation\Exceptions\ValidationException::forRuleNotFound('vedio')
 2 SYSTEMPATH\Validation\Validation.php(200): CodeIgniter\Validation\Validation->processRules('userfile', 'vedio file', null, [...], [...])
 3 SYSTEMPATH\Controller.php(154): CodeIgniter\Validation\Validation->run()
 4 APPPATH\Controllers\Home.php(240): CodeIgniter\Controller->validate([...])
 5 SYSTEMPATH\CodeIgniter.php(943): App\Controllers\Home->uploadvedio()
 6 SYSTEMPATH\CodeIgniter.php(503): CodeIgniter\CodeIgniter->runController(Object(App\Controllers\Home))
 7 SYSTEMPATH\CodeIgniter.php(361): CodeIgniter\CodeIgniter->handleRequest(null, Object(Config\Cache), false)
 8 FCPATH\index.php(79): CodeIgniter\CodeIgniter->run()
CRITICAL - 2024-05-10 07:25:12 --> CodeIgniter\Validation\Exceptions\ValidationException: "is_mime" is not a valid rule.
in SYSTEMPATH\Validation\Validation.php on line 336.
 1 SYSTEMPATH\Validation\Validation.php(336): CodeIgniter\Validation\Exceptions\ValidationException::forRuleNotFound('is_mime')
 2 SYSTEMPATH\Validation\Validation.php(200): CodeIgniter\Validation\Validation->processRules('userfile', 'video file', null, [...], [...])
 3 SYSTEMPATH\Controller.php(154): CodeIgniter\Validation\Validation->run()
 4 APPPATH\Controllers\Home.php(237): CodeIgniter\Controller->validate([...])
 5 SYSTEMPATH\CodeIgniter.php(943): App\Controllers\Home->uploadvideo()
 6 SYSTEMPATH\CodeIgniter.php(503): CodeIgniter\CodeIgniter->runController(Object(App\Controllers\Home))
 7 SYSTEMPATH\CodeIgniter.php(361): CodeIgniter\CodeIgniter->handleRequest(null, Object(Config\Cache), false)
 8 FCPATH\index.php(79): CodeIgniter\CodeIgniter->run()
CRITICAL - 2024-05-10 07:34:42 --> ErrorException: Cannot redeclare App\Controllers\Home::upload()
in APPPATH\Controllers\Home.php on line 254.
 1 [internal function]: CodeIgniter\Debug\Exceptions->shutdownHandler()
CRITICAL - 2024-05-10 07:34:49 --> ErrorException: Cannot redeclare App\Controllers\Home::upload()
in APPPATH\Controllers\Home.php on line 254.
 1 [internal function]: CodeIgniter\Debug\Exceptions->shutdownHandler()
CRITICAL - 2024-05-10 07:34:51 --> ErrorException: Cannot redeclare App\Controllers\Home::upload()
in APPPATH\Controllers\Home.php on line 254.
 1 [internal function]: CodeIgniter\Debug\Exceptions->shutdownHandler()
CRITICAL - 2024-05-10 07:42:42 --> ParseError: syntax error, unexpected token ";"
in APPPATH\Views\upload.php on line 25.
 1 SYSTEMPATH\View\View.php(231): CodeIgniter\View\View->CodeIgniter\View\{closure}()
 2 SYSTEMPATH\Common.php(1178): CodeIgniter\View\View->render('upload', [], true)
 3 APPPATH\Controllers\Home.php(215): view('upload', [...])
 4 SYSTEMPATH\CodeIgniter.php(943): App\Controllers\Home->upload()
 5 SYSTEMPATH\CodeIgniter.php(503): CodeIgniter\CodeIgniter->runController(Object(App\Controllers\Home))
 6 SYSTEMPATH\CodeIgniter.php(361): CodeIgniter\CodeIgniter->handleRequest(null, Object(Config\Cache), false)
 7 FCPATH\index.php(79): CodeIgniter\CodeIgniter->run()
CRITICAL - 2024-05-10 07:49:05 --> ErrorException: finfo_file(C:\xampp\tmp\php668D.tmp): Failed to open stream: No such file or directory
in SYSTEMPATH\Files\File.php on line 117.
 1 [internal function]: CodeIgniter\Debug\Exceptions->errorHandler(2, 'finfo_file(C:\\xampp\\tmp\\php668D.tmp): Failed to open stream: No such file or directory', 'C:\\xampp\\htdocs\\ci-4\\system\\Files\\File.php', 117)
 2 SYSTEMPATH\Files\File.php(117): finfo_file(Object(finfo), 'C:\\xampp\\tmp\\php668D.tmp')
 3 APPPATH\Controllers\Home.php(257): CodeIgniter\Files\File->getMimeType()
 4 SYSTEMPATH\CodeIgniter.php(943): App\Controllers\Home->upload()
 5 SYSTEMPATH\CodeIgniter.php(503): CodeIgniter\CodeIgniter->runController(Object(App\Controllers\Home))
 6 SYSTEMPATH\CodeIgniter.php(361): CodeIgniter\CodeIgniter->handleRequest(null, Object(Config\Cache), false)
 7 FCPATH\index.php(79): CodeIgniter\CodeIgniter->run()
CRITICAL - 2024-05-10 09:02:34 --> ErrorException: ini_set(): Session ini settings cannot be changed after headers have already been sent
in SYSTEMPATH\Session\Handlers\FileHandler.php on line 72.
 1 [internal function]: CodeIgniter\Debug\Exceptions->errorHandler(2, 'ini_set(): Session ini settings cannot be changed after headers have already been sent', 'C:\\xampp\\htdocs\\ci-4\\system\\Session\\Handlers\\FileHandler.php', 72)
 2 SYSTEMPATH\Session\Handlers\FileHandler.php(72): ini_set('session.save_path', 'C:\\xampp\\htdocs\\ci-4\\writable\\session')
 3 SYSTEMPATH\Config\Services.php(686): CodeIgniter\Session\Handlers\FileHandler->__construct(Object(Config\Session), '::1')
 4 SYSTEMPATH\Config\BaseService.php(258): CodeIgniter\Config\Services::session(Object(Config\Session), false)
 5 SYSTEMPATH\Config\BaseService.php(199): CodeIgniter\Config\BaseService::__callStatic('session', [...])
 6 SYSTEMPATH\Config\Services.php(664): CodeIgniter\Config\BaseService::getSharedInstance('session', null)
 7 SYSTEMPATH\Config\BaseService.php(258): CodeIgniter\Config\Services::session()
 8 SYSTEMPATH\Common.php(982): CodeIgniter\Config\BaseService::__callStatic('session', [])
 9 APPPATH\Controllers\Home.php(225): session()
10 SYSTEMPATH\CodeIgniter.php(943): App\Controllers\Home->upload()
11 SYSTEMPATH\CodeIgniter.php(503): CodeIgniter\CodeIgniter->runController(Object(App\Controllers\Home))
12 SYSTEMPATH\CodeIgniter.php(361): CodeIgniter\CodeIgniter->handleRequest(null, Object(Config\Cache), false)
13 FCPATH\index.php(79): CodeIgniter\CodeIgniter->run()
CRITICAL - 2024-05-10 09:09:23 --> ParseError: syntax error, unexpected token "<"
in APPPATH\Controllers\Home.php on line 249.
 1 SYSTEMPATH\Autoloader\Autoloader.php(290): CodeIgniter\Autoloader\Autoloader->includeFile('C:\\xampp\\htdocs\\ci-4\\app\\Controllers\\Home.php')
 2 SYSTEMPATH\Autoloader\Autoloader.php(266): CodeIgniter\Autoloader\Autoloader->loadInNamespace('App\\Controllers\\Home')
 3 [internal function]: CodeIgniter\Autoloader\Autoloader->loadClass('App\\Controllers\\Home')
 4 SYSTEMPATH\CodeIgniter.php(901): class_exists('\\App\\Controllers\\Home', true)
 5 SYSTEMPATH\CodeIgniter.php(490): CodeIgniter\CodeIgniter->startController()
 6 SYSTEMPATH\CodeIgniter.php(361): CodeIgniter\CodeIgniter->handleRequest(null, Object(Config\Cache), false)
 7 FCPATH\index.php(79): CodeIgniter\CodeIgniter->run()
CRITICAL - 2024-05-10 10:27:39 --> ErrorException: Array to string conversion
in APPPATH\Views\profile_update.php on line 25.
 1 APPPATH\Views\profile_update.php(25): CodeIgniter\Debug\Exceptions->errorHandler(2, 'Array to string conversion', 'C:\\xampp\\htdocs\\ci-4\\app\\Views\\profile_update.php', 25)
 2 SYSTEMPATH\View\View.php(228): include('C:\\xampp\\htdocs\\ci-4\\app\\Views\\profile_update.php')
 3 SYSTEMPATH\View\View.php(231): CodeIgniter\View\View->CodeIgniter\View\{closure}()
 4 SYSTEMPATH\Common.php(1178): CodeIgniter\View\View->render('profile_update', [], true)
 5 APPPATH\Controllers\Home.php(284): view('profile_update')
 6 SYSTEMPATH\CodeIgniter.php(943): App\Controllers\Home->profile()
 7 SYSTEMPATH\CodeIgniter.php(503): CodeIgniter\CodeIgniter->runController(Object(App\Controllers\Home))
 8 SYSTEMPATH\CodeIgniter.php(361): CodeIgniter\CodeIgniter->handleRequest(null, Object(Config\Cache), false)
 9 FCPATH\index.php(79): CodeIgniter\CodeIgniter->run()
CRITICAL - 2024-05-10 10:28:38 --> ErrorException: Undefined property: CodeIgniter\View\View::$security
in APPPATH\Views\profile_update.php on line 45.
 1 APPPATH\Views\profile_update.php(45): CodeIgniter\Debug\Exceptions->errorHandler(2, 'Undefined property: CodeIgniter\\View\\View::$security', 'C:\\xampp\\htdocs\\ci-4\\app\\Views\\profile_update.php', 45)
 2 SYSTEMPATH\View\View.php(228): include('C:\\xampp\\htdocs\\ci-4\\app\\Views\\profile_update.php')
 3 SYSTEMPATH\View\View.php(231): CodeIgniter\View\View->CodeIgniter\View\{closure}()
 4 SYSTEMPATH\Common.php(1178): CodeIgniter\View\View->render('profile_update', [], true)
 5 APPPATH\Controllers\Home.php(284): view('profile_update')
 6 SYSTEMPATH\CodeIgniter.php(943): App\Controllers\Home->profile()
 7 SYSTEMPATH\CodeIgniter.php(503): CodeIgniter\CodeIgniter->runController(Object(App\Controllers\Home))
 8 SYSTEMPATH\CodeIgniter.php(361): CodeIgniter\CodeIgniter->handleRequest(null, Object(Config\Cache), false)
 9 FCPATH\index.php(79): CodeIgniter\CodeIgniter->run()
CRITICAL - 2024-05-10 10:34:10 --> ErrorException: require_once(nav.php): Failed to open stream: No such file or directory
in APPPATH\Views\profile.php on line 11.
 1 APPPATH\Views\profile.php(11): CodeIgniter\Debug\Exceptions->errorHandler(2, 'require_once(nav.php): Failed to open stream: No such file or directory', 'C:\\xampp\\htdocs\\ci-4\\app\\Views\\profile.php', 11)
 2 APPPATH\Views\profile.php(11): require_once()
 3 SYSTEMPATH\View\View.php(228): include('C:\\xampp\\htdocs\\ci-4\\app\\Views\\profile.php')
 4 SYSTEMPATH\View\View.php(231): CodeIgniter\View\View->CodeIgniter\View\{closure}()
 5 SYSTEMPATH\Common.php(1178): CodeIgniter\View\View->render('profile', [], true)
 6 APPPATH\Controllers\Home.php(293): view('profile')
 7 SYSTEMPATH\CodeIgniter.php(943): App\Controllers\Home->profile()
 8 SYSTEMPATH\CodeIgniter.php(503): CodeIgniter\CodeIgniter->runController(Object(App\Controllers\Home))
 9 SYSTEMPATH\CodeIgniter.php(361): CodeIgniter\CodeIgniter->handleRequest(null, Object(Config\Cache), false)
10 FCPATH\index.php(79): CodeIgniter\CodeIgniter->run()
CRITICAL - 2024-05-10 10:34:46 --> ErrorException: include(nav.php): Failed to open stream: No such file or directory
in APPPATH\Views\profile.php on line 11.
 1 APPPATH\Views\profile.php(11): CodeIgniter\Debug\Exceptions->errorHandler(2, 'include(nav.php): Failed to open stream: No such file or directory', 'C:\\xampp\\htdocs\\ci-4\\app\\Views\\profile.php', 11)
 2 APPPATH\Views\profile.php(11): include()
 3 SYSTEMPATH\View\View.php(228): include('C:\\xampp\\htdocs\\ci-4\\app\\Views\\profile.php')
 4 SYSTEMPATH\View\View.php(231): CodeIgniter\View\View->CodeIgniter\View\{closure}()
 5 SYSTEMPATH\Common.php(1178): CodeIgniter\View\View->render('profile', [], true)
 6 APPPATH\Controllers\Home.php(293): view('profile')
 7 SYSTEMPATH\CodeIgniter.php(943): App\Controllers\Home->profile()
 8 SYSTEMPATH\CodeIgniter.php(503): CodeIgniter\CodeIgniter->runController(Object(App\Controllers\Home))
 9 SYSTEMPATH\CodeIgniter.php(361): CodeIgniter\CodeIgniter->handleRequest(null, Object(Config\Cache), false)
10 FCPATH\index.php(79): CodeIgniter\CodeIgniter->run()
CRITICAL - 2024-05-10 10:35:15 --> ErrorException: Undefined variable $user_data
in APPPATH\Views\profile.php on line 20.
 1 APPPATH\Views\profile.php(20): CodeIgniter\Debug\Exceptions->errorHandler(2, 'Undefined variable $user_data', 'C:\\xampp\\htdocs\\ci-4\\app\\Views\\profile.php', 20)
 2 SYSTEMPATH\View\View.php(228): include('C:\\xampp\\htdocs\\ci-4\\app\\Views\\profile.php')
 3 SYSTEMPATH\View\View.php(231): CodeIgniter\View\View->CodeIgniter\View\{closure}()
 4 SYSTEMPATH\Common.php(1178): CodeIgniter\View\View->render('profile', [], true)
 5 APPPATH\Controllers\Home.php(293): view('profile')
 6 SYSTEMPATH\CodeIgniter.php(943): App\Controllers\Home->profile()
 7 SYSTEMPATH\CodeIgniter.php(503): CodeIgniter\CodeIgniter->runController(Object(App\Controllers\Home))
 8 SYSTEMPATH\CodeIgniter.php(361): CodeIgniter\CodeIgniter->handleRequest(null, Object(Config\Cache), false)
 9 FCPATH\index.php(79): CodeIgniter\CodeIgniter->run()
CRITICAL - 2024-05-10 10:35:32 --> ErrorException: Undefined variable $user_data
in APPPATH\Views\profile.php on line 20.
 1 APPPATH\Views\profile.php(20): CodeIgniter\Debug\Exceptions->errorHandler(2, 'Undefined variable $user_data', 'C:\\xampp\\htdocs\\ci-4\\app\\Views\\profile.php', 20)
 2 SYSTEMPATH\View\View.php(228): include('C:\\xampp\\htdocs\\ci-4\\app\\Views\\profile.php')
 3 SYSTEMPATH\View\View.php(231): CodeIgniter\View\View->CodeIgniter\View\{closure}()
 4 SYSTEMPATH\Common.php(1178): CodeIgniter\View\View->render('profile', [], true)
 5 APPPATH\Controllers\Home.php(293): view('profile')
 6 SYSTEMPATH\CodeIgniter.php(943): App\Controllers\Home->profile()
 7 SYSTEMPATH\CodeIgniter.php(503): CodeIgniter\CodeIgniter->runController(Object(App\Controllers\Home))
 8 SYSTEMPATH\CodeIgniter.php(361): CodeIgniter\CodeIgniter->handleRequest(null, Object(Config\Cache), false)
 9 FCPATH\index.php(79): CodeIgniter\CodeIgniter->run()
CRITICAL - 2024-05-10 11:14:47 --> ParseError: syntax error, unexpected variable "$name", expecting "," or ";"
in APPPATH\Views\profile.php on line 19.
 1 SYSTEMPATH\View\View.php(231): CodeIgniter\View\View->CodeIgniter\View\{closure}()
 2 SYSTEMPATH\Common.php(1178): CodeIgniter\View\View->render('profile', [], true)
 3 APPPATH\Controllers\Home.php(297): view('profile', [...])
 4 SYSTEMPATH\CodeIgniter.php(943): App\Controllers\Home->profile()
 5 SYSTEMPATH\CodeIgniter.php(503): CodeIgniter\CodeIgniter->runController(Object(App\Controllers\Home))
 6 SYSTEMPATH\CodeIgniter.php(361): CodeIgniter\CodeIgniter->handleRequest(null, Object(Config\Cache), false)
 7 FCPATH\index.php(79): CodeIgniter\CodeIgniter->run()
CRITICAL - 2024-05-10 11:15:57 --> ParseError: syntax error, unexpected variable "$name", expecting "," or ";"
in APPPATH\Views\profile.php on line 19.
 1 SYSTEMPATH\View\View.php(231): CodeIgniter\View\View->CodeIgniter\View\{closure}()
 2 SYSTEMPATH\Common.php(1178): CodeIgniter\View\View->render('profile', [], true)
 3 APPPATH\Controllers\Home.php(297): view('profile', [...])
 4 SYSTEMPATH\CodeIgniter.php(943): App\Controllers\Home->profile()
 5 SYSTEMPATH\CodeIgniter.php(503): CodeIgniter\CodeIgniter->runController(Object(App\Controllers\Home))
 6 SYSTEMPATH\CodeIgniter.php(361): CodeIgniter\CodeIgniter->handleRequest(null, Object(Config\Cache), false)
 7 FCPATH\index.php(79): CodeIgniter\CodeIgniter->run()
CRITICAL - 2024-05-10 11:15:58 --> ParseError: syntax error, unexpected variable "$name", expecting "," or ";"
in APPPATH\Views\profile.php on line 19.
 1 SYSTEMPATH\View\View.php(231): CodeIgniter\View\View->CodeIgniter\View\{closure}()
 2 SYSTEMPATH\Common.php(1178): CodeIgniter\View\View->render('profile', [], true)
 3 APPPATH\Controllers\Home.php(297): view('profile', [...])
 4 SYSTEMPATH\CodeIgniter.php(943): App\Controllers\Home->profile()
 5 SYSTEMPATH\CodeIgniter.php(503): CodeIgniter\CodeIgniter->runController(Object(App\Controllers\Home))
 6 SYSTEMPATH\CodeIgniter.php(361): CodeIgniter\CodeIgniter->handleRequest(null, Object(Config\Cache), false)
 7 FCPATH\index.php(79): CodeIgniter\CodeIgniter->run()
CRITICAL - 2024-05-10 11:15:59 --> ParseError: syntax error, unexpected variable "$name", expecting "," or ";"
in APPPATH\Views\profile.php on line 19.
 1 SYSTEMPATH\View\View.php(231): CodeIgniter\View\View->CodeIgniter\View\{closure}()
 2 SYSTEMPATH\Common.php(1178): CodeIgniter\View\View->render('profile', [], true)
 3 APPPATH\Controllers\Home.php(297): view('profile', [...])
 4 SYSTEMPATH\CodeIgniter.php(943): App\Controllers\Home->profile()
 5 SYSTEMPATH\CodeIgniter.php(503): CodeIgniter\CodeIgniter->runController(Object(App\Controllers\Home))
 6 SYSTEMPATH\CodeIgniter.php(361): CodeIgniter\CodeIgniter->handleRequest(null, Object(Config\Cache), false)
 7 FCPATH\index.php(79): CodeIgniter\CodeIgniter->run()
CRITICAL - 2024-05-10 11:27:54 --> ErrorException: Undefined variable $name
in APPPATH\Views\dashboard.php on line 17.
 1 APPPATH\Views\dashboard.php(17): CodeIgniter\Debug\Exceptions->errorHandler(2, 'Undefined variable $name', 'C:\\xampp\\htdocs\\ci-4\\app\\Views\\dashboard.php', 17)
 2 SYSTEMPATH\View\View.php(228): include('C:\\xampp\\htdocs\\ci-4\\app\\Views\\dashboard.php')
 3 SYSTEMPATH\View\View.php(231): CodeIgniter\View\View->CodeIgniter\View\{closure}()
 4 SYSTEMPATH\Common.php(1178): CodeIgniter\View\View->render('dashboard', [], true)
 5 APPPATH\Controllers\Home.php(95): view('dashboard', [...])
 6 SYSTEMPATH\CodeIgniter.php(943): App\Controllers\Home->dashboard()
 7 SYSTEMPATH\CodeIgniter.php(503): CodeIgniter\CodeIgniter->runController(Object(App\Controllers\Home))
 8 SYSTEMPATH\CodeIgniter.php(361): CodeIgniter\CodeIgniter->handleRequest(null, Object(Config\Cache), false)
 9 FCPATH\index.php(79): CodeIgniter\CodeIgniter->run()
CRITICAL - 2024-05-10 11:28:29 --> ErrorException: Array to string conversion
in APPPATH\Views\dashboard.php on line 17.
 1 APPPATH\Views\dashboard.php(17): CodeIgniter\Debug\Exceptions->errorHandler(2, 'Array to string conversion', 'C:\\xampp\\htdocs\\ci-4\\app\\Views\\dashboard.php', 17)
 2 SYSTEMPATH\View\View.php(228): include('C:\\xampp\\htdocs\\ci-4\\app\\Views\\dashboard.php')
 3 SYSTEMPATH\View\View.php(231): CodeIgniter\View\View->CodeIgniter\View\{closure}()
 4 SYSTEMPATH\Common.php(1178): CodeIgniter\View\View->render('dashboard', [], true)
 5 APPPATH\Controllers\Home.php(95): view('dashboard', [...])
 6 SYSTEMPATH\CodeIgniter.php(943): App\Controllers\Home->dashboard()
 7 SYSTEMPATH\CodeIgniter.php(503): CodeIgniter\CodeIgniter->runController(Object(App\Controllers\Home))
 8 SYSTEMPATH\CodeIgniter.php(361): CodeIgniter\CodeIgniter->handleRequest(null, Object(Config\Cache), false)
 9 FCPATH\index.php(79): CodeIgniter\CodeIgniter->run()
CRITICAL - 2024-05-10 11:30:49 --> ErrorException: Undefined variable $Data
in APPPATH\Controllers\Home.php on line 296.
 1 APPPATH\Controllers\Home.php(296): CodeIgniter\Debug\Exceptions->errorHandler(2, 'Undefined variable $Data', 'C:\\xampp\\htdocs\\ci-4\\app\\Controllers\\Home.php', 296)
 2 SYSTEMPATH\CodeIgniter.php(943): App\Controllers\Home->profile()
 3 SYSTEMPATH\CodeIgniter.php(503): CodeIgniter\CodeIgniter->runController(Object(App\Controllers\Home))
 4 SYSTEMPATH\CodeIgniter.php(361): CodeIgniter\CodeIgniter->handleRequest(null, Object(Config\Cache), false)
 5 FCPATH\index.php(79): CodeIgniter\CodeIgniter->run()
CRITICAL - 2024-05-10 11:37:03 --> ParseError: syntax error, unexpected token "=", expecting ")"
in APPPATH\Views\profile_update.php on line 30.
 1 SYSTEMPATH\View\View.php(231): CodeIgniter\View\View->CodeIgniter\View\{closure}()
 2 SYSTEMPATH\Common.php(1178): CodeIgniter\View\View->render('profile_update', [], true)
 3 APPPATH\Controllers\Home.php(282): view('profile_update')
 4 SYSTEMPATH\CodeIgniter.php(943): App\Controllers\Home->profileUpdate()
 5 SYSTEMPATH\CodeIgniter.php(503): CodeIgniter\CodeIgniter->runController(Object(App\Controllers\Home))
 6 SYSTEMPATH\CodeIgniter.php(361): CodeIgniter\CodeIgniter->handleRequest(null, Object(Config\Cache), false)
 7 FCPATH\index.php(79): CodeIgniter\CodeIgniter->run()
CRITICAL - 2024-05-10 11:37:04 --> ParseError: syntax error, unexpected token "=", expecting ")"
in APPPATH\Views\profile_update.php on line 30.
 1 SYSTEMPATH\View\View.php(231): CodeIgniter\View\View->CodeIgniter\View\{closure}()
 2 SYSTEMPATH\Common.php(1178): CodeIgniter\View\View->render('profile_update', [], true)
 3 APPPATH\Controllers\Home.php(282): view('profile_update')
 4 SYSTEMPATH\CodeIgniter.php(943): App\Controllers\Home->profileUpdate()
 5 SYSTEMPATH\CodeIgniter.php(503): CodeIgniter\CodeIgniter->runController(Object(App\Controllers\Home))
 6 SYSTEMPATH\CodeIgniter.php(361): CodeIgniter\CodeIgniter->handleRequest(null, Object(Config\Cache), false)
 7 FCPATH\index.php(79): CodeIgniter\CodeIgniter->run()
CRITICAL - 2024-05-10 11:43:15 --> ParseError: syntax error, unexpected token "else", expecting "function" or "const"
in APPPATH\Controllers\Home.php on line 311.
 1 SYSTEMPATH\Autoloader\Autoloader.php(290): CodeIgniter\Autoloader\Autoloader->includeFile('C:\\xampp\\htdocs\\ci-4\\app\\Controllers\\Home.php')
 2 SYSTEMPATH\Autoloader\Autoloader.php(266): CodeIgniter\Autoloader\Autoloader->loadInNamespace('App\\Controllers\\Home')
 3 [internal function]: CodeIgniter\Autoloader\Autoloader->loadClass('App\\Controllers\\Home')
 4 SYSTEMPATH\CodeIgniter.php(901): class_exists('\\App\\Controllers\\Home', true)
 5 SYSTEMPATH\CodeIgniter.php(490): CodeIgniter\CodeIgniter->startController()
 6 SYSTEMPATH\CodeIgniter.php(361): CodeIgniter\CodeIgniter->handleRequest(null, Object(Config\Cache), false)
 7 FCPATH\index.php(79): CodeIgniter\CodeIgniter->run()
