CRITICAL - 2024-05-16 05:30:33 --> ParseError: syntax error, unexpected end of file, expecting "elseif" or "else" or "endif"
in APPPATH\Views\login.php on line 53.
 1 SYSTEMPATH\View\View.php(231): CodeIgniter\View\View->CodeIgniter\View\{closure}()
 2 SYSTEMPATH\Common.php(1178): CodeIgniter\View\View->render('login', [], true)
 3 APPPATH\Controllers\Home.php(121): view('login')
 4 SYSTEMPATH\CodeIgniter.php(943): App\Controllers\Home->login()
 5 SYSTEMPATH\CodeIgniter.php(503): CodeIgniter\CodeIgniter->runController(Object(App\Controllers\Home))
 6 SYSTEMPATH\CodeIgniter.php(361): CodeIgniter\CodeIgniter->handleRequest(null, Object(Config\Cache), false)
 7 FCPATH\index.php(79): CodeIgniter\CodeIgniter->run()
CRITICAL - 2024-05-16 09:36:12 --> CodeIgniter\View\Exceptions\ViewException: Invalid file: "admin_data.php"
in SYSTEMPATH\Exceptions\FrameworkException.php on line 39.
 1 SYSTEMPATH\View\View.php(216): CodeIgniter\Exceptions\FrameworkException::forInvalidFile('admin_data.php')
 2 SYSTEMPATH\Common.php(1178): CodeIgniter\View\View->render('admin_data', [], true)
 3 APPPATH\Controllers\Home.php(243): view('admin_data', [...])
 4 SYSTEMPATH\CodeIgniter.php(943): App\Controllers\Home->users_data()
 5 SYSTEMPATH\CodeIgniter.php(503): CodeIgniter\CodeIgniter->runController(Object(App\Controllers\Home))
 6 SYSTEMPATH\CodeIgniter.php(361): CodeIgniter\CodeIgniter->handleRequest(null, Object(Config\Cache), false)
 7 FCPATH\index.php(79): CodeIgniter\CodeIgniter->run()
CRITICAL - 2024-05-16 10:02:49 --> CodeIgniter\View\Exceptions\ViewException: Invalid file: "admin_data.php"
in SYSTEMPATH\Exceptions\FrameworkException.php on line 39.
 1 SYSTEMPATH\View\View.php(216): CodeIgniter\Exceptions\FrameworkException::forInvalidFile('admin_data.php')
 2 SYSTEMPATH\Common.php(1178): CodeIgniter\View\View->render('admin_data', [], true)
 3 APPPATH\Controllers\Home.php(291): view('admin_data', [...])
 4 SYSTEMPATH\CodeIgniter.php(943): App\Controllers\Home->admin_data()
 5 SYSTEMPATH\CodeIgniter.php(503): CodeIgniter\CodeIgniter->runController(Object(App\Controllers\Home))
 6 SYSTEMPATH\CodeIgniter.php(361): CodeIgniter\CodeIgniter->handleRequest(null, Object(Config\Cache), false)
 7 FCPATH\index.php(79): CodeIgniter\CodeIgniter->run()
CRITICAL - 2024-05-16 10:04:02 --> CodeIgniter\View\Exceptions\ViewException: Invalid file: "admin_data.php"
in SYSTEMPATH\Exceptions\FrameworkException.php on line 39.
 1 SYSTEMPATH\View\View.php(216): CodeIgniter\Exceptions\FrameworkException::forInvalidFile('admin_data.php')
 2 SYSTEMPATH\Common.php(1178): CodeIgniter\View\View->render('admin_data', [], true)
 3 APPPATH\Controllers\Home.php(291): view('admin_data', [...])
 4 SYSTEMPATH\CodeIgniter.php(943): App\Controllers\Home->admin_data()
 5 SYSTEMPATH\CodeIgniter.php(503): CodeIgniter\CodeIgniter->runController(Object(App\Controllers\Home))
 6 SYSTEMPATH\CodeIgniter.php(361): CodeIgniter\CodeIgniter->handleRequest(null, Object(Config\Cache), false)
 7 FCPATH\index.php(79): CodeIgniter\CodeIgniter->run()
CRITICAL - 2024-05-16 10:04:03 --> CodeIgniter\View\Exceptions\ViewException: Invalid file: "admin_data.php"
in SYSTEMPATH\Exceptions\FrameworkException.php on line 39.
 1 SYSTEMPATH\View\View.php(216): CodeIgniter\Exceptions\FrameworkException::forInvalidFile('admin_data.php')
 2 SYSTEMPATH\Common.php(1178): CodeIgniter\View\View->render('admin_data', [], true)
 3 APPPATH\Controllers\Home.php(291): view('admin_data', [...])
 4 SYSTEMPATH\CodeIgniter.php(943): App\Controllers\Home->admin_data()
 5 SYSTEMPATH\CodeIgniter.php(503): CodeIgniter\CodeIgniter->runController(Object(App\Controllers\Home))
 6 SYSTEMPATH\CodeIgniter.php(361): CodeIgniter\CodeIgniter->handleRequest(null, Object(Config\Cache), false)
 7 FCPATH\index.php(79): CodeIgniter\CodeIgniter->run()
CRITICAL - 2024-05-16 10:04:04 --> CodeIgniter\View\Exceptions\ViewException: Invalid file: "admin_data.php"
in SYSTEMPATH\Exceptions\FrameworkException.php on line 39.
 1 SYSTEMPATH\View\View.php(216): CodeIgniter\Exceptions\FrameworkException::forInvalidFile('admin_data.php')
 2 SYSTEMPATH\Common.php(1178): CodeIgniter\View\View->render('admin_data', [], true)
 3 APPPATH\Controllers\Home.php(291): view('admin_data', [...])
 4 SYSTEMPATH\CodeIgniter.php(943): App\Controllers\Home->admin_data()
 5 SYSTEMPATH\CodeIgniter.php(503): CodeIgniter\CodeIgniter->runController(Object(App\Controllers\Home))
 6 SYSTEMPATH\CodeIgniter.php(361): CodeIgniter\CodeIgniter->handleRequest(null, Object(Config\Cache), false)
 7 FCPATH\index.php(79): CodeIgniter\CodeIgniter->run()
CRITICAL - 2024-05-16 10:09:39 --> ErrorException: Undefined variable $data
in APPPATH\Controllers\Home.php on line 306.
 1 APPPATH\Controllers\Home.php(306): CodeIgniter\Debug\Exceptions->errorHandler(2, 'Undefined variable $data', 'C:\\xampp\\htdocs\\ci-4\\app\\Controllers\\Home.php', 306)
 2 SYSTEMPATH\CodeIgniter.php(943): App\Controllers\Home->admin_data()
 3 SYSTEMPATH\CodeIgniter.php(503): CodeIgniter\CodeIgniter->runController(Object(App\Controllers\Home))
 4 SYSTEMPATH\CodeIgniter.php(361): CodeIgniter\CodeIgniter->handleRequest(null, Object(Config\Cache), false)
 5 FCPATH\index.php(79): CodeIgniter\CodeIgniter->run()
CRITICAL - 2024-05-16 10:11:06 --> ErrorException: Undefined array key "users"
in APPPATH\Controllers\Home.php on line 307.
 1 APPPATH\Controllers\Home.php(307): CodeIgniter\Debug\Exceptions->errorHandler(2, 'Undefined array key "users"', 'C:\\xampp\\htdocs\\ci-4\\app\\Controllers\\Home.php', 307)
 2 SYSTEMPATH\CodeIgniter.php(943): App\Controllers\Home->admin_data()
 3 SYSTEMPATH\CodeIgniter.php(503): CodeIgniter\CodeIgniter->runController(Object(App\Controllers\Home))
 4 SYSTEMPATH\CodeIgniter.php(361): CodeIgniter\CodeIgniter->handleRequest(null, Object(Config\Cache), false)
 5 FCPATH\index.php(79): CodeIgniter\CodeIgniter->run()
CRITICAL - 2024-05-16 10:29:20 --> ErrorException: Undefined variable $users
in APPPATH\Views\users_data.php on line 27.
 1 APPPATH\Views\users_data.php(27): CodeIgniter\Debug\Exceptions->errorHandler(2, 'Undefined variable $users', 'C:\\xampp\\htdocs\\ci-4\\app\\Views\\users_data.php', 27)
 2 SYSTEMPATH\View\View.php(228): include('C:\\xampp\\htdocs\\ci-4\\app\\Views\\users_data.php')
 3 SYSTEMPATH\View\View.php(231): CodeIgniter\View\View->CodeIgniter\View\{closure}()
 4 SYSTEMPATH\Common.php(1178): CodeIgniter\View\View->render('users_data', [], true)
 5 APPPATH\Controllers\Home.php(176): view('users_data')
 6 SYSTEMPATH\CodeIgniter.php(943): App\Controllers\Home->admin_dashboard()
 7 SYSTEMPATH\CodeIgniter.php(503): CodeIgniter\CodeIgniter->runController(Object(App\Controllers\Home))
 8 SYSTEMPATH\CodeIgniter.php(361): CodeIgniter\CodeIgniter->handleRequest(null, Object(Config\Cache), false)
 9 FCPATH\index.php(79): CodeIgniter\CodeIgniter->run()
CRITICAL - 2024-05-16 10:30:21 --> ErrorException: Undefined variable $users
in APPPATH\Views\users_data.php on line 27.
 1 APPPATH\Views\users_data.php(27): CodeIgniter\Debug\Exceptions->errorHandler(2, 'Undefined variable $users', 'C:\\xampp\\htdocs\\ci-4\\app\\Views\\users_data.php', 27)
 2 SYSTEMPATH\View\View.php(228): include('C:\\xampp\\htdocs\\ci-4\\app\\Views\\users_data.php')
 3 SYSTEMPATH\View\View.php(231): CodeIgniter\View\View->CodeIgniter\View\{closure}()
 4 SYSTEMPATH\Common.php(1178): CodeIgniter\View\View->render('users_data', [], true)
 5 APPPATH\Controllers\Home.php(176): view('users_data')
 6 SYSTEMPATH\CodeIgniter.php(943): App\Controllers\Home->admin_dashboard()
 7 SYSTEMPATH\CodeIgniter.php(503): CodeIgniter\CodeIgniter->runController(Object(App\Controllers\Home))
 8 SYSTEMPATH\CodeIgniter.php(361): CodeIgniter\CodeIgniter->handleRequest(null, Object(Config\Cache), false)
 9 FCPATH\index.php(79): CodeIgniter\CodeIgniter->run()
CRITICAL - 2024-05-16 10:30:22 --> ErrorException: Undefined variable $users
in APPPATH\Views\users_data.php on line 27.
 1 APPPATH\Views\users_data.php(27): CodeIgniter\Debug\Exceptions->errorHandler(2, 'Undefined variable $users', 'C:\\xampp\\htdocs\\ci-4\\app\\Views\\users_data.php', 27)
 2 SYSTEMPATH\View\View.php(228): include('C:\\xampp\\htdocs\\ci-4\\app\\Views\\users_data.php')
 3 SYSTEMPATH\View\View.php(231): CodeIgniter\View\View->CodeIgniter\View\{closure}()
 4 SYSTEMPATH\Common.php(1178): CodeIgniter\View\View->render('users_data', [], true)
 5 APPPATH\Controllers\Home.php(176): view('users_data')
 6 SYSTEMPATH\CodeIgniter.php(943): App\Controllers\Home->admin_dashboard()
 7 SYSTEMPATH\CodeIgniter.php(503): CodeIgniter\CodeIgniter->runController(Object(App\Controllers\Home))
 8 SYSTEMPATH\CodeIgniter.php(361): CodeIgniter\CodeIgniter->handleRequest(null, Object(Config\Cache), false)
 9 FCPATH\index.php(79): CodeIgniter\CodeIgniter->run()
CRITICAL - 2024-05-16 10:30:23 --> ErrorException: Undefined variable $users
in APPPATH\Views\users_data.php on line 27.
 1 APPPATH\Views\users_data.php(27): CodeIgniter\Debug\Exceptions->errorHandler(2, 'Undefined variable $users', 'C:\\xampp\\htdocs\\ci-4\\app\\Views\\users_data.php', 27)
 2 SYSTEMPATH\View\View.php(228): include('C:\\xampp\\htdocs\\ci-4\\app\\Views\\users_data.php')
 3 SYSTEMPATH\View\View.php(231): CodeIgniter\View\View->CodeIgniter\View\{closure}()
 4 SYSTEMPATH\Common.php(1178): CodeIgniter\View\View->render('users_data', [], true)
 5 APPPATH\Controllers\Home.php(176): view('users_data')
 6 SYSTEMPATH\CodeIgniter.php(943): App\Controllers\Home->admin_dashboard()
 7 SYSTEMPATH\CodeIgniter.php(503): CodeIgniter\CodeIgniter->runController(Object(App\Controllers\Home))
 8 SYSTEMPATH\CodeIgniter.php(361): CodeIgniter\CodeIgniter->handleRequest(null, Object(Config\Cache), false)
 9 FCPATH\index.php(79): CodeIgniter\CodeIgniter->run()
CRITICAL - 2024-05-16 10:31:19 --> CodeIgniter\View\Exceptions\ViewException: Invalid file: "admin_dashboard.php"
in SYSTEMPATH\Exceptions\FrameworkException.php on line 39.
 1 SYSTEMPATH\View\View.php(216): CodeIgniter\Exceptions\FrameworkException::forInvalidFile('admin_dashboard.php')
 2 SYSTEMPATH\Common.php(1178): CodeIgniter\View\View->render('admin_dashboard', [], true)
 3 APPPATH\Controllers\Home.php(176): view('admin_dashboard')
 4 SYSTEMPATH\CodeIgniter.php(943): App\Controllers\Home->admin_dashboard()
 5 SYSTEMPATH\CodeIgniter.php(503): CodeIgniter\CodeIgniter->runController(Object(App\Controllers\Home))
 6 SYSTEMPATH\CodeIgniter.php(361): CodeIgniter\CodeIgniter->handleRequest(null, Object(Config\Cache), false)
 7 FCPATH\index.php(79): CodeIgniter\CodeIgniter->run()
CRITICAL - 2024-05-16 10:31:57 --> CodeIgniter\View\Exceptions\ViewException: Invalid file: "admin_dashboard.php"
in SYSTEMPATH\Exceptions\FrameworkException.php on line 39.
 1 SYSTEMPATH\View\View.php(216): CodeIgniter\Exceptions\FrameworkException::forInvalidFile('admin_dashboard.php')
 2 SYSTEMPATH\Common.php(1178): CodeIgniter\View\View->render('admin_dashboard', [], true)
 3 APPPATH\Controllers\Home.php(176): view('admin_dashboard')
 4 SYSTEMPATH\CodeIgniter.php(943): App\Controllers\Home->admin_dashboard()
 5 SYSTEMPATH\CodeIgniter.php(503): CodeIgniter\CodeIgniter->runController(Object(App\Controllers\Home))
 6 SYSTEMPATH\CodeIgniter.php(361): CodeIgniter\CodeIgniter->handleRequest(null, Object(Config\Cache), false)
 7 FCPATH\index.php(79): CodeIgniter\CodeIgniter->run()
CRITICAL - 2024-05-16 10:31:58 --> CodeIgniter\View\Exceptions\ViewException: Invalid file: "admin_dashboard.php"
in SYSTEMPATH\Exceptions\FrameworkException.php on line 39.
 1 SYSTEMPATH\View\View.php(216): CodeIgniter\Exceptions\FrameworkException::forInvalidFile('admin_dashboard.php')
 2 SYSTEMPATH\Common.php(1178): CodeIgniter\View\View->render('admin_dashboard', [], true)
 3 APPPATH\Controllers\Home.php(176): view('admin_dashboard')
 4 SYSTEMPATH\CodeIgniter.php(943): App\Controllers\Home->admin_dashboard()
 5 SYSTEMPATH\CodeIgniter.php(503): CodeIgniter\CodeIgniter->runController(Object(App\Controllers\Home))
 6 SYSTEMPATH\CodeIgniter.php(361): CodeIgniter\CodeIgniter->handleRequest(null, Object(Config\Cache), false)
 7 FCPATH\index.php(79): CodeIgniter\CodeIgniter->run()
CRITICAL - 2024-05-16 10:31:59 --> CodeIgniter\View\Exceptions\ViewException: Invalid file: "admin_dashboard.php"
in SYSTEMPATH\Exceptions\FrameworkException.php on line 39.
 1 SYSTEMPATH\View\View.php(216): CodeIgniter\Exceptions\FrameworkException::forInvalidFile('admin_dashboard.php')
 2 SYSTEMPATH\Common.php(1178): CodeIgniter\View\View->render('admin_dashboard', [], true)
 3 APPPATH\Controllers\Home.php(176): view('admin_dashboard')
 4 SYSTEMPATH\CodeIgniter.php(943): App\Controllers\Home->admin_dashboard()
 5 SYSTEMPATH\CodeIgniter.php(503): CodeIgniter\CodeIgniter->runController(Object(App\Controllers\Home))
 6 SYSTEMPATH\CodeIgniter.php(361): CodeIgniter\CodeIgniter->handleRequest(null, Object(Config\Cache), false)
 7 FCPATH\index.php(79): CodeIgniter\CodeIgniter->run()
CRITICAL - 2024-05-16 10:39:06 --> CodeIgniter\View\Exceptions\ViewException: Invalid file: "admin_dashboard.php"
in SYSTEMPATH\Exceptions\FrameworkException.php on line 39.
 1 SYSTEMPATH\View\View.php(216): CodeIgniter\Exceptions\FrameworkException::forInvalidFile('admin_dashboard.php')
 2 SYSTEMPATH\Common.php(1178): CodeIgniter\View\View->render('admin_dashboard', [], true)
 3 APPPATH\Controllers\Home.php(175): view('admin_dashboard')
 4 SYSTEMPATH\CodeIgniter.php(943): App\Controllers\Home->admin_dashboard()
 5 SYSTEMPATH\CodeIgniter.php(503): CodeIgniter\CodeIgniter->runController(Object(App\Controllers\Home))
 6 SYSTEMPATH\CodeIgniter.php(361): CodeIgniter\CodeIgniter->handleRequest(null, Object(Config\Cache), false)
 7 FCPATH\index.php(79): CodeIgniter\CodeIgniter->run()
CRITICAL - 2024-05-16 10:39:07 --> CodeIgniter\View\Exceptions\ViewException: Invalid file: "admin_dashboard.php"
in SYSTEMPATH\Exceptions\FrameworkException.php on line 39.
 1 SYSTEMPATH\View\View.php(216): CodeIgniter\Exceptions\FrameworkException::forInvalidFile('admin_dashboard.php')
 2 SYSTEMPATH\Common.php(1178): CodeIgniter\View\View->render('admin_dashboard', [], true)
 3 APPPATH\Controllers\Home.php(175): view('admin_dashboard')
 4 SYSTEMPATH\CodeIgniter.php(943): App\Controllers\Home->admin_dashboard()
 5 SYSTEMPATH\CodeIgniter.php(503): CodeIgniter\CodeIgniter->runController(Object(App\Controllers\Home))
 6 SYSTEMPATH\CodeIgniter.php(361): CodeIgniter\CodeIgniter->handleRequest(null, Object(Config\Cache), false)
 7 FCPATH\index.php(79): CodeIgniter\CodeIgniter->run()
CRITICAL - 2024-05-16 10:39:08 --> CodeIgniter\View\Exceptions\ViewException: Invalid file: "admin_dashboard.php"
in SYSTEMPATH\Exceptions\FrameworkException.php on line 39.
 1 SYSTEMPATH\View\View.php(216): CodeIgniter\Exceptions\FrameworkException::forInvalidFile('admin_dashboard.php')
 2 SYSTEMPATH\Common.php(1178): CodeIgniter\View\View->render('admin_dashboard', [], true)
 3 APPPATH\Controllers\Home.php(175): view('admin_dashboard')
 4 SYSTEMPATH\CodeIgniter.php(943): App\Controllers\Home->admin_dashboard()
 5 SYSTEMPATH\CodeIgniter.php(503): CodeIgniter\CodeIgniter->runController(Object(App\Controllers\Home))
 6 SYSTEMPATH\CodeIgniter.php(361): CodeIgniter\CodeIgniter->handleRequest(null, Object(Config\Cache), false)
 7 FCPATH\index.php(79): CodeIgniter\CodeIgniter->run()
CRITICAL - 2024-05-16 10:39:08 --> CodeIgniter\View\Exceptions\ViewException: Invalid file: "admin_dashboard.php"
in SYSTEMPATH\Exceptions\FrameworkException.php on line 39.
 1 SYSTEMPATH\View\View.php(216): CodeIgniter\Exceptions\FrameworkException::forInvalidFile('admin_dashboard.php')
 2 SYSTEMPATH\Common.php(1178): CodeIgniter\View\View->render('admin_dashboard', [], true)
 3 APPPATH\Controllers\Home.php(175): view('admin_dashboard')
 4 SYSTEMPATH\CodeIgniter.php(943): App\Controllers\Home->admin_dashboard()
 5 SYSTEMPATH\CodeIgniter.php(503): CodeIgniter\CodeIgniter->runController(Object(App\Controllers\Home))
 6 SYSTEMPATH\CodeIgniter.php(361): CodeIgniter\CodeIgniter->handleRequest(null, Object(Config\Cache), false)
 7 FCPATH\index.php(79): CodeIgniter\CodeIgniter->run()
CRITICAL - 2024-05-16 10:39:09 --> CodeIgniter\View\Exceptions\ViewException: Invalid file: "admin_dashboard.php"
in SYSTEMPATH\Exceptions\FrameworkException.php on line 39.
 1 SYSTEMPATH\View\View.php(216): CodeIgniter\Exceptions\FrameworkException::forInvalidFile('admin_dashboard.php')
 2 SYSTEMPATH\Common.php(1178): CodeIgniter\View\View->render('admin_dashboard', [], true)
 3 APPPATH\Controllers\Home.php(175): view('admin_dashboard')
 4 SYSTEMPATH\CodeIgniter.php(943): App\Controllers\Home->admin_dashboard()
 5 SYSTEMPATH\CodeIgniter.php(503): CodeIgniter\CodeIgniter->runController(Object(App\Controllers\Home))
 6 SYSTEMPATH\CodeIgniter.php(361): CodeIgniter\CodeIgniter->handleRequest(null, Object(Config\Cache), false)
 7 FCPATH\index.php(79): CodeIgniter\CodeIgniter->run()
CRITICAL - 2024-05-16 10:39:09 --> CodeIgniter\View\Exceptions\ViewException: Invalid file: "admin_dashboard.php"
in SYSTEMPATH\Exceptions\FrameworkException.php on line 39.
 1 SYSTEMPATH\View\View.php(216): CodeIgniter\Exceptions\FrameworkException::forInvalidFile('admin_dashboard.php')
 2 SYSTEMPATH\Common.php(1178): CodeIgniter\View\View->render('admin_dashboard', [], true)
 3 APPPATH\Controllers\Home.php(175): view('admin_dashboard')
 4 SYSTEMPATH\CodeIgniter.php(943): App\Controllers\Home->admin_dashboard()
 5 SYSTEMPATH\CodeIgniter.php(503): CodeIgniter\CodeIgniter->runController(Object(App\Controllers\Home))
 6 SYSTEMPATH\CodeIgniter.php(361): CodeIgniter\CodeIgniter->handleRequest(null, Object(Config\Cache), false)
 7 FCPATH\index.php(79): CodeIgniter\CodeIgniter->run()
CRITICAL - 2024-05-16 11:15:52 --> CodeIgniter\View\Exceptions\ViewException: Invalid file: "admin_dashboard.php"
in SYSTEMPATH\Exceptions\FrameworkException.php on line 39.
 1 SYSTEMPATH\View\View.php(216): CodeIgniter\Exceptions\FrameworkException::forInvalidFile('admin_dashboard.php')
 2 SYSTEMPATH\Common.php(1178): CodeIgniter\View\View->render('admin_dashboard', [], true)
 3 APPPATH\Controllers\Home.php(175): view('admin_dashboard', [...])
 4 SYSTEMPATH\CodeIgniter.php(943): App\Controllers\Home->admin_dashboard()
 5 SYSTEMPATH\CodeIgniter.php(503): CodeIgniter\CodeIgniter->runController(Object(App\Controllers\Home))
 6 SYSTEMPATH\CodeIgniter.php(361): CodeIgniter\CodeIgniter->handleRequest(null, Object(Config\Cache), false)
 7 FCPATH\index.php(79): CodeIgniter\CodeIgniter->run()
CRITICAL - 2024-05-16 11:15:54 --> CodeIgniter\View\Exceptions\ViewException: Invalid file: "admin_dashboard.php"
in SYSTEMPATH\Exceptions\FrameworkException.php on line 39.
 1 SYSTEMPATH\View\View.php(216): CodeIgniter\Exceptions\FrameworkException::forInvalidFile('admin_dashboard.php')
 2 SYSTEMPATH\Common.php(1178): CodeIgniter\View\View->render('admin_dashboard', [], true)
 3 APPPATH\Controllers\Home.php(175): view('admin_dashboard', [...])
 4 SYSTEMPATH\CodeIgniter.php(943): App\Controllers\Home->admin_dashboard()
 5 SYSTEMPATH\CodeIgniter.php(503): CodeIgniter\CodeIgniter->runController(Object(App\Controllers\Home))
 6 SYSTEMPATH\CodeIgniter.php(361): CodeIgniter\CodeIgniter->handleRequest(null, Object(Config\Cache), false)
 7 FCPATH\index.php(79): CodeIgniter\CodeIgniter->run()
CRITICAL - 2024-05-16 11:15:55 --> CodeIgniter\View\Exceptions\ViewException: Invalid file: "admin_dashboard.php"
in SYSTEMPATH\Exceptions\FrameworkException.php on line 39.
 1 SYSTEMPATH\View\View.php(216): CodeIgniter\Exceptions\FrameworkException::forInvalidFile('admin_dashboard.php')
 2 SYSTEMPATH\Common.php(1178): CodeIgniter\View\View->render('admin_dashboard', [], true)
 3 APPPATH\Controllers\Home.php(175): view('admin_dashboard', [...])
 4 SYSTEMPATH\CodeIgniter.php(943): App\Controllers\Home->admin_dashboard()
 5 SYSTEMPATH\CodeIgniter.php(503): CodeIgniter\CodeIgniter->runController(Object(App\Controllers\Home))
 6 SYSTEMPATH\CodeIgniter.php(361): CodeIgniter\CodeIgniter->handleRequest(null, Object(Config\Cache), false)
 7 FCPATH\index.php(79): CodeIgniter\CodeIgniter->run()
CRITICAL - 2024-05-16 11:15:55 --> CodeIgniter\View\Exceptions\ViewException: Invalid file: "admin_dashboard.php"
in SYSTEMPATH\Exceptions\FrameworkException.php on line 39.
 1 SYSTEMPATH\View\View.php(216): CodeIgniter\Exceptions\FrameworkException::forInvalidFile('admin_dashboard.php')
 2 SYSTEMPATH\Common.php(1178): CodeIgniter\View\View->render('admin_dashboard', [], true)
 3 APPPATH\Controllers\Home.php(175): view('admin_dashboard', [...])
 4 SYSTEMPATH\CodeIgniter.php(943): App\Controllers\Home->admin_dashboard()
 5 SYSTEMPATH\CodeIgniter.php(503): CodeIgniter\CodeIgniter->runController(Object(App\Controllers\Home))
 6 SYSTEMPATH\CodeIgniter.php(361): CodeIgniter\CodeIgniter->handleRequest(null, Object(Config\Cache), false)
 7 FCPATH\index.php(79): CodeIgniter\CodeIgniter->run()
CRITICAL - 2024-05-16 11:16:06 --> CodeIgniter\View\Exceptions\ViewException: Invalid file: "admin_dashboard.php"
in SYSTEMPATH\Exceptions\FrameworkException.php on line 39.
 1 SYSTEMPATH\View\View.php(216): CodeIgniter\Exceptions\FrameworkException::forInvalidFile('admin_dashboard.php')
 2 SYSTEMPATH\Common.php(1178): CodeIgniter\View\View->render('admin_dashboard', [], true)
 3 APPPATH\Controllers\Home.php(175): view('admin_dashboard', [...])
 4 SYSTEMPATH\CodeIgniter.php(943): App\Controllers\Home->admin_dashboard()
 5 SYSTEMPATH\CodeIgniter.php(503): CodeIgniter\CodeIgniter->runController(Object(App\Controllers\Home))
 6 SYSTEMPATH\CodeIgniter.php(361): CodeIgniter\CodeIgniter->handleRequest(null, Object(Config\Cache), false)
 7 FCPATH\index.php(79): CodeIgniter\CodeIgniter->run()
CRITICAL - 2024-05-16 11:16:07 --> CodeIgniter\View\Exceptions\ViewException: Invalid file: "admin_dashboard.php"
in SYSTEMPATH\Exceptions\FrameworkException.php on line 39.
 1 SYSTEMPATH\View\View.php(216): CodeIgniter\Exceptions\FrameworkException::forInvalidFile('admin_dashboard.php')
 2 SYSTEMPATH\Common.php(1178): CodeIgniter\View\View->render('admin_dashboard', [], true)
 3 APPPATH\Controllers\Home.php(175): view('admin_dashboard', [...])
 4 SYSTEMPATH\CodeIgniter.php(943): App\Controllers\Home->admin_dashboard()
 5 SYSTEMPATH\CodeIgniter.php(503): CodeIgniter\CodeIgniter->runController(Object(App\Controllers\Home))
 6 SYSTEMPATH\CodeIgniter.php(361): CodeIgniter\CodeIgniter->handleRequest(null, Object(Config\Cache), false)
 7 FCPATH\index.php(79): CodeIgniter\CodeIgniter->run()
CRITICAL - 2024-05-16 11:16:07 --> CodeIgniter\View\Exceptions\ViewException: Invalid file: "admin_dashboard.php"
in SYSTEMPATH\Exceptions\FrameworkException.php on line 39.
 1 SYSTEMPATH\View\View.php(216): CodeIgniter\Exceptions\FrameworkException::forInvalidFile('admin_dashboard.php')
 2 SYSTEMPATH\Common.php(1178): CodeIgniter\View\View->render('admin_dashboard', [], true)
 3 APPPATH\Controllers\Home.php(175): view('admin_dashboard', [...])
 4 SYSTEMPATH\CodeIgniter.php(943): App\Controllers\Home->admin_dashboard()
 5 SYSTEMPATH\CodeIgniter.php(503): CodeIgniter\CodeIgniter->runController(Object(App\Controllers\Home))
 6 SYSTEMPATH\CodeIgniter.php(361): CodeIgniter\CodeIgniter->handleRequest(null, Object(Config\Cache), false)
 7 FCPATH\index.php(79): CodeIgniter\CodeIgniter->run()
CRITICAL - 2024-05-16 11:16:08 --> CodeIgniter\View\Exceptions\ViewException: Invalid file: "admin_dashboard.php"
in SYSTEMPATH\Exceptions\FrameworkException.php on line 39.
 1 SYSTEMPATH\View\View.php(216): CodeIgniter\Exceptions\FrameworkException::forInvalidFile('admin_dashboard.php')
 2 SYSTEMPATH\Common.php(1178): CodeIgniter\View\View->render('admin_dashboard', [], true)
 3 APPPATH\Controllers\Home.php(175): view('admin_dashboard', [...])
 4 SYSTEMPATH\CodeIgniter.php(943): App\Controllers\Home->admin_dashboard()
 5 SYSTEMPATH\CodeIgniter.php(503): CodeIgniter\CodeIgniter->runController(Object(App\Controllers\Home))
 6 SYSTEMPATH\CodeIgniter.php(361): CodeIgniter\CodeIgniter->handleRequest(null, Object(Config\Cache), false)
 7 FCPATH\index.php(79): CodeIgniter\CodeIgniter->run()
CRITICAL - 2024-05-16 11:16:08 --> CodeIgniter\View\Exceptions\ViewException: Invalid file: "admin_dashboard.php"
in SYSTEMPATH\Exceptions\FrameworkException.php on line 39.
 1 SYSTEMPATH\View\View.php(216): CodeIgniter\Exceptions\FrameworkException::forInvalidFile('admin_dashboard.php')
 2 SYSTEMPATH\Common.php(1178): CodeIgniter\View\View->render('admin_dashboard', [], true)
 3 APPPATH\Controllers\Home.php(175): view('admin_dashboard', [...])
 4 SYSTEMPATH\CodeIgniter.php(943): App\Controllers\Home->admin_dashboard()
 5 SYSTEMPATH\CodeIgniter.php(503): CodeIgniter\CodeIgniter->runController(Object(App\Controllers\Home))
 6 SYSTEMPATH\CodeIgniter.php(361): CodeIgniter\CodeIgniter->handleRequest(null, Object(Config\Cache), false)
 7 FCPATH\index.php(79): CodeIgniter\CodeIgniter->run()
CRITICAL - 2024-05-16 11:17:48 --> CodeIgniter\View\Exceptions\ViewException: Invalid file: "admin_dashboard.php"
in SYSTEMPATH\Exceptions\FrameworkException.php on line 39.
 1 SYSTEMPATH\View\View.php(216): CodeIgniter\Exceptions\FrameworkException::forInvalidFile('admin_dashboard.php')
 2 SYSTEMPATH\Common.php(1178): CodeIgniter\View\View->render('admin_dashboard', [], true)
 3 APPPATH\Controllers\Home.php(174): view('admin_dashboard')
 4 SYSTEMPATH\CodeIgniter.php(943): App\Controllers\Home->admin_dashboard()
 5 SYSTEMPATH\CodeIgniter.php(503): CodeIgniter\CodeIgniter->runController(Object(App\Controllers\Home))
 6 SYSTEMPATH\CodeIgniter.php(361): CodeIgniter\CodeIgniter->handleRequest(null, Object(Config\Cache), false)
 7 FCPATH\index.php(79): CodeIgniter\CodeIgniter->run()
CRITICAL - 2024-05-16 11:17:49 --> CodeIgniter\View\Exceptions\ViewException: Invalid file: "admin_dashboard.php"
in SYSTEMPATH\Exceptions\FrameworkException.php on line 39.
 1 SYSTEMPATH\View\View.php(216): CodeIgniter\Exceptions\FrameworkException::forInvalidFile('admin_dashboard.php')
 2 SYSTEMPATH\Common.php(1178): CodeIgniter\View\View->render('admin_dashboard', [], true)
 3 APPPATH\Controllers\Home.php(174): view('admin_dashboard')
 4 SYSTEMPATH\CodeIgniter.php(943): App\Controllers\Home->admin_dashboard()
 5 SYSTEMPATH\CodeIgniter.php(503): CodeIgniter\CodeIgniter->runController(Object(App\Controllers\Home))
 6 SYSTEMPATH\CodeIgniter.php(361): CodeIgniter\CodeIgniter->handleRequest(null, Object(Config\Cache), false)
 7 FCPATH\index.php(79): CodeIgniter\CodeIgniter->run()
CRITICAL - 2024-05-16 11:17:49 --> CodeIgniter\View\Exceptions\ViewException: Invalid file: "admin_dashboard.php"
in SYSTEMPATH\Exceptions\FrameworkException.php on line 39.
 1 SYSTEMPATH\View\View.php(216): CodeIgniter\Exceptions\FrameworkException::forInvalidFile('admin_dashboard.php')
 2 SYSTEMPATH\Common.php(1178): CodeIgniter\View\View->render('admin_dashboard', [], true)
 3 APPPATH\Controllers\Home.php(174): view('admin_dashboard')
 4 SYSTEMPATH\CodeIgniter.php(943): App\Controllers\Home->admin_dashboard()
 5 SYSTEMPATH\CodeIgniter.php(503): CodeIgniter\CodeIgniter->runController(Object(App\Controllers\Home))
 6 SYSTEMPATH\CodeIgniter.php(361): CodeIgniter\CodeIgniter->handleRequest(null, Object(Config\Cache), false)
 7 FCPATH\index.php(79): CodeIgniter\CodeIgniter->run()
CRITICAL - 2024-05-16 11:17:50 --> CodeIgniter\View\Exceptions\ViewException: Invalid file: "admin_dashboard.php"
in SYSTEMPATH\Exceptions\FrameworkException.php on line 39.
 1 SYSTEMPATH\View\View.php(216): CodeIgniter\Exceptions\FrameworkException::forInvalidFile('admin_dashboard.php')
 2 SYSTEMPATH\Common.php(1178): CodeIgniter\View\View->render('admin_dashboard', [], true)
 3 APPPATH\Controllers\Home.php(174): view('admin_dashboard')
 4 SYSTEMPATH\CodeIgniter.php(943): App\Controllers\Home->admin_dashboard()
 5 SYSTEMPATH\CodeIgniter.php(503): CodeIgniter\CodeIgniter->runController(Object(App\Controllers\Home))
 6 SYSTEMPATH\CodeIgniter.php(361): CodeIgniter\CodeIgniter->handleRequest(null, Object(Config\Cache), false)
 7 FCPATH\index.php(79): CodeIgniter\CodeIgniter->run()
CRITICAL - 2024-05-16 11:17:50 --> CodeIgniter\View\Exceptions\ViewException: Invalid file: "admin_dashboard.php"
in SYSTEMPATH\Exceptions\FrameworkException.php on line 39.
 1 SYSTEMPATH\View\View.php(216): CodeIgniter\Exceptions\FrameworkException::forInvalidFile('admin_dashboard.php')
 2 SYSTEMPATH\Common.php(1178): CodeIgniter\View\View->render('admin_dashboard', [], true)
 3 APPPATH\Controllers\Home.php(174): view('admin_dashboard')
 4 SYSTEMPATH\CodeIgniter.php(943): App\Controllers\Home->admin_dashboard()
 5 SYSTEMPATH\CodeIgniter.php(503): CodeIgniter\CodeIgniter->runController(Object(App\Controllers\Home))
 6 SYSTEMPATH\CodeIgniter.php(361): CodeIgniter\CodeIgniter->handleRequest(null, Object(Config\Cache), false)
 7 FCPATH\index.php(79): CodeIgniter\CodeIgniter->run()
CRITICAL - 2024-05-16 11:17:51 --> CodeIgniter\View\Exceptions\ViewException: Invalid file: "admin_dashboard.php"
in SYSTEMPATH\Exceptions\FrameworkException.php on line 39.
 1 SYSTEMPATH\View\View.php(216): CodeIgniter\Exceptions\FrameworkException::forInvalidFile('admin_dashboard.php')
 2 SYSTEMPATH\Common.php(1178): CodeIgniter\View\View->render('admin_dashboard', [], true)
 3 APPPATH\Controllers\Home.php(174): view('admin_dashboard')
 4 SYSTEMPATH\CodeIgniter.php(943): App\Controllers\Home->admin_dashboard()
 5 SYSTEMPATH\CodeIgniter.php(503): CodeIgniter\CodeIgniter->runController(Object(App\Controllers\Home))
 6 SYSTEMPATH\CodeIgniter.php(361): CodeIgniter\CodeIgniter->handleRequest(null, Object(Config\Cache), false)
 7 FCPATH\index.php(79): CodeIgniter\CodeIgniter->run()
CRITICAL - 2024-05-16 11:18:37 --> CodeIgniter\View\Exceptions\ViewException: Invalid file: "admin_dashboard.php"
in SYSTEMPATH\Exceptions\FrameworkException.php on line 39.
 1 SYSTEMPATH\View\View.php(216): CodeIgniter\Exceptions\FrameworkException::forInvalidFile('admin_dashboard.php')
 2 SYSTEMPATH\Common.php(1178): CodeIgniter\View\View->render('admin_dashboard', [], true)
 3 APPPATH\Controllers\Home.php(174): view('admin_dashboard')
 4 SYSTEMPATH\CodeIgniter.php(943): App\Controllers\Home->admin_dashboard()
 5 SYSTEMPATH\CodeIgniter.php(503): CodeIgniter\CodeIgniter->runController(Object(App\Controllers\Home))
 6 SYSTEMPATH\CodeIgniter.php(361): CodeIgniter\CodeIgniter->handleRequest(null, Object(Config\Cache), false)
 7 FCPATH\index.php(79): CodeIgniter\CodeIgniter->run()
CRITICAL - 2024-05-16 11:18:38 --> CodeIgniter\View\Exceptions\ViewException: Invalid file: "admin_dashboard.php"
in SYSTEMPATH\Exceptions\FrameworkException.php on line 39.
 1 SYSTEMPATH\View\View.php(216): CodeIgniter\Exceptions\FrameworkException::forInvalidFile('admin_dashboard.php')
 2 SYSTEMPATH\Common.php(1178): CodeIgniter\View\View->render('admin_dashboard', [], true)
 3 APPPATH\Controllers\Home.php(174): view('admin_dashboard')
 4 SYSTEMPATH\CodeIgniter.php(943): App\Controllers\Home->admin_dashboard()
 5 SYSTEMPATH\CodeIgniter.php(503): CodeIgniter\CodeIgniter->runController(Object(App\Controllers\Home))
 6 SYSTEMPATH\CodeIgniter.php(361): CodeIgniter\CodeIgniter->handleRequest(null, Object(Config\Cache), false)
 7 FCPATH\index.php(79): CodeIgniter\CodeIgniter->run()
CRITICAL - 2024-05-16 11:18:38 --> CodeIgniter\View\Exceptions\ViewException: Invalid file: "admin_dashboard.php"
in SYSTEMPATH\Exceptions\FrameworkException.php on line 39.
 1 SYSTEMPATH\View\View.php(216): CodeIgniter\Exceptions\FrameworkException::forInvalidFile('admin_dashboard.php')
 2 SYSTEMPATH\Common.php(1178): CodeIgniter\View\View->render('admin_dashboard', [], true)
 3 APPPATH\Controllers\Home.php(174): view('admin_dashboard')
 4 SYSTEMPATH\CodeIgniter.php(943): App\Controllers\Home->admin_dashboard()
 5 SYSTEMPATH\CodeIgniter.php(503): CodeIgniter\CodeIgniter->runController(Object(App\Controllers\Home))
 6 SYSTEMPATH\CodeIgniter.php(361): CodeIgniter\CodeIgniter->handleRequest(null, Object(Config\Cache), false)
 7 FCPATH\index.php(79): CodeIgniter\CodeIgniter->run()
CRITICAL - 2024-05-16 11:18:38 --> CodeIgniter\View\Exceptions\ViewException: Invalid file: "admin_dashboard.php"
in SYSTEMPATH\Exceptions\FrameworkException.php on line 39.
 1 SYSTEMPATH\View\View.php(216): CodeIgniter\Exceptions\FrameworkException::forInvalidFile('admin_dashboard.php')
 2 SYSTEMPATH\Common.php(1178): CodeIgniter\View\View->render('admin_dashboard', [], true)
 3 APPPATH\Controllers\Home.php(174): view('admin_dashboard')
 4 SYSTEMPATH\CodeIgniter.php(943): App\Controllers\Home->admin_dashboard()
 5 SYSTEMPATH\CodeIgniter.php(503): CodeIgniter\CodeIgniter->runController(Object(App\Controllers\Home))
 6 SYSTEMPATH\CodeIgniter.php(361): CodeIgniter\CodeIgniter->handleRequest(null, Object(Config\Cache), false)
 7 FCPATH\index.php(79): CodeIgniter\CodeIgniter->run()
CRITICAL - 2024-05-16 11:18:38 --> CodeIgniter\View\Exceptions\ViewException: Invalid file: "admin_dashboard.php"
in SYSTEMPATH\Exceptions\FrameworkException.php on line 39.
 1 SYSTEMPATH\View\View.php(216): CodeIgniter\Exceptions\FrameworkException::forInvalidFile('admin_dashboard.php')
 2 SYSTEMPATH\Common.php(1178): CodeIgniter\View\View->render('admin_dashboard', [], true)
 3 APPPATH\Controllers\Home.php(174): view('admin_dashboard')
 4 SYSTEMPATH\CodeIgniter.php(943): App\Controllers\Home->admin_dashboard()
 5 SYSTEMPATH\CodeIgniter.php(503): CodeIgniter\CodeIgniter->runController(Object(App\Controllers\Home))
 6 SYSTEMPATH\CodeIgniter.php(361): CodeIgniter\CodeIgniter->handleRequest(null, Object(Config\Cache), false)
 7 FCPATH\index.php(79): CodeIgniter\CodeIgniter->run()
CRITICAL - 2024-05-16 11:19:04 --> ErrorException: include(include/nav.php): Failed to open stream: No such file or directory
in APPPATH\Views\admin\admin_dashboard.php on line 11.
 1 APPPATH\Views\admin\admin_dashboard.php(11): CodeIgniter\Debug\Exceptions->errorHandler(2, 'include(include/nav.php): Failed to open stream: No such file or directory', 'C:\\xampp\\htdocs\\ci-4\\app\\Views\\admin\\admin_dashboard.php', 11)
 2 APPPATH\Views\admin\admin_dashboard.php(11): include()
 3 SYSTEMPATH\View\View.php(228): include('C:\\xampp\\htdocs\\ci-4\\app\\Views\\admin\\admin_dashboard.php')
 4 SYSTEMPATH\View\View.php(231): CodeIgniter\View\View->CodeIgniter\View\{closure}()
 5 SYSTEMPATH\Common.php(1178): CodeIgniter\View\View->render('admin/admin_dashboard', [], true)
 6 APPPATH\Controllers\Home.php(174): view('admin/admin_dashboard')
 7 SYSTEMPATH\CodeIgniter.php(943): App\Controllers\Home->admin_dashboard()
 8 SYSTEMPATH\CodeIgniter.php(503): CodeIgniter\CodeIgniter->runController(Object(App\Controllers\Home))
 9 SYSTEMPATH\CodeIgniter.php(361): CodeIgniter\CodeIgniter->handleRequest(null, Object(Config\Cache), false)
10 FCPATH\index.php(79): CodeIgniter\CodeIgniter->run()
CRITICAL - 2024-05-16 11:19:40 --> ErrorException: include(include/nav.php): Failed to open stream: No such file or directory
in APPPATH\Views\admin\admin_dashboard.php on line 11.
 1 APPPATH\Views\admin\admin_dashboard.php(11): CodeIgniter\Debug\Exceptions->errorHandler(2, 'include(include/nav.php): Failed to open stream: No such file or directory', 'C:\\xampp\\htdocs\\ci-4\\app\\Views\\admin\\admin_dashboard.php', 11)
 2 APPPATH\Views\admin\admin_dashboard.php(11): include()
 3 SYSTEMPATH\View\View.php(228): include('C:\\xampp\\htdocs\\ci-4\\app\\Views\\admin\\admin_dashboard.php')
 4 SYSTEMPATH\View\View.php(231): CodeIgniter\View\View->CodeIgniter\View\{closure}()
 5 SYSTEMPATH\Common.php(1178): CodeIgniter\View\View->render('admin/admin_dashboard', [], true)
 6 APPPATH\Controllers\Home.php(174): view('admin/admin_dashboard')
 7 SYSTEMPATH\CodeIgniter.php(943): App\Controllers\Home->admin_dashboard()
 8 SYSTEMPATH\CodeIgniter.php(503): CodeIgniter\CodeIgniter->runController(Object(App\Controllers\Home))
 9 SYSTEMPATH\CodeIgniter.php(361): CodeIgniter\CodeIgniter->handleRequest(null, Object(Config\Cache), false)
10 FCPATH\index.php(79): CodeIgniter\CodeIgniter->run()
CRITICAL - 2024-05-16 11:19:42 --> ErrorException: include(include/nav.php): Failed to open stream: No such file or directory
in APPPATH\Views\admin\admin_dashboard.php on line 11.
 1 APPPATH\Views\admin\admin_dashboard.php(11): CodeIgniter\Debug\Exceptions->errorHandler(2, 'include(include/nav.php): Failed to open stream: No such file or directory', 'C:\\xampp\\htdocs\\ci-4\\app\\Views\\admin\\admin_dashboard.php', 11)
 2 APPPATH\Views\admin\admin_dashboard.php(11): include()
 3 SYSTEMPATH\View\View.php(228): include('C:\\xampp\\htdocs\\ci-4\\app\\Views\\admin\\admin_dashboard.php')
 4 SYSTEMPATH\View\View.php(231): CodeIgniter\View\View->CodeIgniter\View\{closure}()
 5 SYSTEMPATH\Common.php(1178): CodeIgniter\View\View->render('admin/admin_dashboard', [], true)
 6 APPPATH\Controllers\Home.php(174): view('admin/admin_dashboard')
 7 SYSTEMPATH\CodeIgniter.php(943): App\Controllers\Home->admin_dashboard()
 8 SYSTEMPATH\CodeIgniter.php(503): CodeIgniter\CodeIgniter->runController(Object(App\Controllers\Home))
 9 SYSTEMPATH\CodeIgniter.php(361): CodeIgniter\CodeIgniter->handleRequest(null, Object(Config\Cache), false)
10 FCPATH\index.php(79): CodeIgniter\CodeIgniter->run()
CRITICAL - 2024-05-16 11:19:42 --> ErrorException: include(include/nav.php): Failed to open stream: No such file or directory
in APPPATH\Views\admin\admin_dashboard.php on line 11.
 1 APPPATH\Views\admin\admin_dashboard.php(11): CodeIgniter\Debug\Exceptions->errorHandler(2, 'include(include/nav.php): Failed to open stream: No such file or directory', 'C:\\xampp\\htdocs\\ci-4\\app\\Views\\admin\\admin_dashboard.php', 11)
 2 APPPATH\Views\admin\admin_dashboard.php(11): include()
 3 SYSTEMPATH\View\View.php(228): include('C:\\xampp\\htdocs\\ci-4\\app\\Views\\admin\\admin_dashboard.php')
 4 SYSTEMPATH\View\View.php(231): CodeIgniter\View\View->CodeIgniter\View\{closure}()
 5 SYSTEMPATH\Common.php(1178): CodeIgniter\View\View->render('admin/admin_dashboard', [], true)
 6 APPPATH\Controllers\Home.php(174): view('admin/admin_dashboard')
 7 SYSTEMPATH\CodeIgniter.php(943): App\Controllers\Home->admin_dashboard()
 8 SYSTEMPATH\CodeIgniter.php(503): CodeIgniter\CodeIgniter->runController(Object(App\Controllers\Home))
 9 SYSTEMPATH\CodeIgniter.php(361): CodeIgniter\CodeIgniter->handleRequest(null, Object(Config\Cache), false)
10 FCPATH\index.php(79): CodeIgniter\CodeIgniter->run()
CRITICAL - 2024-05-16 11:19:42 --> ErrorException: include(include/nav.php): Failed to open stream: No such file or directory
in APPPATH\Views\admin\admin_dashboard.php on line 11.
 1 APPPATH\Views\admin\admin_dashboard.php(11): CodeIgniter\Debug\Exceptions->errorHandler(2, 'include(include/nav.php): Failed to open stream: No such file or directory', 'C:\\xampp\\htdocs\\ci-4\\app\\Views\\admin\\admin_dashboard.php', 11)
 2 APPPATH\Views\admin\admin_dashboard.php(11): include()
 3 SYSTEMPATH\View\View.php(228): include('C:\\xampp\\htdocs\\ci-4\\app\\Views\\admin\\admin_dashboard.php')
 4 SYSTEMPATH\View\View.php(231): CodeIgniter\View\View->CodeIgniter\View\{closure}()
 5 SYSTEMPATH\Common.php(1178): CodeIgniter\View\View->render('admin/admin_dashboard', [], true)
 6 APPPATH\Controllers\Home.php(174): view('admin/admin_dashboard')
 7 SYSTEMPATH\CodeIgniter.php(943): App\Controllers\Home->admin_dashboard()
 8 SYSTEMPATH\CodeIgniter.php(503): CodeIgniter\CodeIgniter->runController(Object(App\Controllers\Home))
 9 SYSTEMPATH\CodeIgniter.php(361): CodeIgniter\CodeIgniter->handleRequest(null, Object(Config\Cache), false)
10 FCPATH\index.php(79): CodeIgniter\CodeIgniter->run()
CRITICAL - 2024-05-16 11:19:42 --> ErrorException: include(include/nav.php): Failed to open stream: No such file or directory
in APPPATH\Views\admin\admin_dashboard.php on line 11.
 1 APPPATH\Views\admin\admin_dashboard.php(11): CodeIgniter\Debug\Exceptions->errorHandler(2, 'include(include/nav.php): Failed to open stream: No such file or directory', 'C:\\xampp\\htdocs\\ci-4\\app\\Views\\admin\\admin_dashboard.php', 11)
 2 APPPATH\Views\admin\admin_dashboard.php(11): include()
 3 SYSTEMPATH\View\View.php(228): include('C:\\xampp\\htdocs\\ci-4\\app\\Views\\admin\\admin_dashboard.php')
 4 SYSTEMPATH\View\View.php(231): CodeIgniter\View\View->CodeIgniter\View\{closure}()
 5 SYSTEMPATH\Common.php(1178): CodeIgniter\View\View->render('admin/admin_dashboard', [], true)
 6 APPPATH\Controllers\Home.php(174): view('admin/admin_dashboard')
 7 SYSTEMPATH\CodeIgniter.php(943): App\Controllers\Home->admin_dashboard()
 8 SYSTEMPATH\CodeIgniter.php(503): CodeIgniter\CodeIgniter->runController(Object(App\Controllers\Home))
 9 SYSTEMPATH\CodeIgniter.php(361): CodeIgniter\CodeIgniter->handleRequest(null, Object(Config\Cache), false)
10 FCPATH\index.php(79): CodeIgniter\CodeIgniter->run()
CRITICAL - 2024-05-16 11:21:12 --> ErrorException: include(include/footer.php): Failed to open stream: No such file or directory
in APPPATH\Views\admin\admin_dashboard.php on line 25.
 1 APPPATH\Views\admin\admin_dashboard.php(25): CodeIgniter\Debug\Exceptions->errorHandler(2, 'include(include/footer.php): Failed to open stream: No such file or directory', 'C:\\xampp\\htdocs\\ci-4\\app\\Views\\admin\\admin_dashboard.php', 25)
 2 APPPATH\Views\admin\admin_dashboard.php(25): include()
 3 SYSTEMPATH\View\View.php(228): include('C:\\xampp\\htdocs\\ci-4\\app\\Views\\admin\\admin_dashboard.php')
 4 SYSTEMPATH\View\View.php(231): CodeIgniter\View\View->CodeIgniter\View\{closure}()
 5 SYSTEMPATH\Common.php(1178): CodeIgniter\View\View->render('admin/admin_dashboard', [], true)
 6 APPPATH\Controllers\Home.php(174): view('admin/admin_dashboard')
 7 SYSTEMPATH\CodeIgniter.php(943): App\Controllers\Home->admin_dashboard()
 8 SYSTEMPATH\CodeIgniter.php(503): CodeIgniter\CodeIgniter->runController(Object(App\Controllers\Home))
 9 SYSTEMPATH\CodeIgniter.php(361): CodeIgniter\CodeIgniter->handleRequest(null, Object(Config\Cache), false)
10 FCPATH\index.php(79): CodeIgniter\CodeIgniter->run()
CRITICAL - 2024-05-16 11:21:14 --> ErrorException: include(include/footer.php): Failed to open stream: No such file or directory
in APPPATH\Views\admin\admin_dashboard.php on line 25.
 1 APPPATH\Views\admin\admin_dashboard.php(25): CodeIgniter\Debug\Exceptions->errorHandler(2, 'include(include/footer.php): Failed to open stream: No such file or directory', 'C:\\xampp\\htdocs\\ci-4\\app\\Views\\admin\\admin_dashboard.php', 25)
 2 APPPATH\Views\admin\admin_dashboard.php(25): include()
 3 SYSTEMPATH\View\View.php(228): include('C:\\xampp\\htdocs\\ci-4\\app\\Views\\admin\\admin_dashboard.php')
 4 SYSTEMPATH\View\View.php(231): CodeIgniter\View\View->CodeIgniter\View\{closure}()
 5 SYSTEMPATH\Common.php(1178): CodeIgniter\View\View->render('admin/admin_dashboard', [], true)
 6 APPPATH\Controllers\Home.php(174): view('admin/admin_dashboard')
 7 SYSTEMPATH\CodeIgniter.php(943): App\Controllers\Home->admin_dashboard()
 8 SYSTEMPATH\CodeIgniter.php(503): CodeIgniter\CodeIgniter->runController(Object(App\Controllers\Home))
 9 SYSTEMPATH\CodeIgniter.php(361): CodeIgniter\CodeIgniter->handleRequest(null, Object(Config\Cache), false)
10 FCPATH\index.php(79): CodeIgniter\CodeIgniter->run()
CRITICAL - 2024-05-16 11:21:53 --> ErrorException: include(./include/nav.php): Failed to open stream: No such file or directory
in APPPATH\Views\admin\admin_dashboard.php on line 11.
 1 APPPATH\Views\admin\admin_dashboard.php(11): CodeIgniter\Debug\Exceptions->errorHandler(2, 'include(./include/nav.php): Failed to open stream: No such file or directory', 'C:\\xampp\\htdocs\\ci-4\\app\\Views\\admin\\admin_dashboard.php', 11)
 2 APPPATH\Views\admin\admin_dashboard.php(11): include()
 3 SYSTEMPATH\View\View.php(228): include('C:\\xampp\\htdocs\\ci-4\\app\\Views\\admin\\admin_dashboard.php')
 4 SYSTEMPATH\View\View.php(231): CodeIgniter\View\View->CodeIgniter\View\{closure}()
 5 SYSTEMPATH\Common.php(1178): CodeIgniter\View\View->render('admin/admin_dashboard', [], true)
 6 APPPATH\Controllers\Home.php(174): view('admin/admin_dashboard')
 7 SYSTEMPATH\CodeIgniter.php(943): App\Controllers\Home->admin_dashboard()
 8 SYSTEMPATH\CodeIgniter.php(503): CodeIgniter\CodeIgniter->runController(Object(App\Controllers\Home))
 9 SYSTEMPATH\CodeIgniter.php(361): CodeIgniter\CodeIgniter->handleRequest(null, Object(Config\Cache), false)
10 FCPATH\index.php(79): CodeIgniter\CodeIgniter->run()
CRITICAL - 2024-05-16 11:22:50 --> ErrorException: include(/../include/nav.php): Failed to open stream: No such file or directory
in APPPATH\Views\admin\admin_dashboard.php on line 11.
 1 APPPATH\Views\admin\admin_dashboard.php(11): CodeIgniter\Debug\Exceptions->errorHandler(2, 'include(/../include/nav.php): Failed to open stream: No such file or directory', 'C:\\xampp\\htdocs\\ci-4\\app\\Views\\admin\\admin_dashboard.php', 11)
 2 APPPATH\Views\admin\admin_dashboard.php(11): include()
 3 SYSTEMPATH\View\View.php(228): include('C:\\xampp\\htdocs\\ci-4\\app\\Views\\admin\\admin_dashboard.php')
 4 SYSTEMPATH\View\View.php(231): CodeIgniter\View\View->CodeIgniter\View\{closure}()
 5 SYSTEMPATH\Common.php(1178): CodeIgniter\View\View->render('admin/admin_dashboard', [], true)
 6 APPPATH\Controllers\Home.php(174): view('admin/admin_dashboard')
 7 SYSTEMPATH\CodeIgniter.php(943): App\Controllers\Home->admin_dashboard()
 8 SYSTEMPATH\CodeIgniter.php(503): CodeIgniter\CodeIgniter->runController(Object(App\Controllers\Home))
 9 SYSTEMPATH\CodeIgniter.php(361): CodeIgniter\CodeIgniter->handleRequest(null, Object(Config\Cache), false)
10 FCPATH\index.php(79): CodeIgniter\CodeIgniter->run()
CRITICAL - 2024-05-16 11:22:51 --> ErrorException: include(/../include/nav.php): Failed to open stream: No such file or directory
in APPPATH\Views\admin\admin_dashboard.php on line 11.
 1 APPPATH\Views\admin\admin_dashboard.php(11): CodeIgniter\Debug\Exceptions->errorHandler(2, 'include(/../include/nav.php): Failed to open stream: No such file or directory', 'C:\\xampp\\htdocs\\ci-4\\app\\Views\\admin\\admin_dashboard.php', 11)
 2 APPPATH\Views\admin\admin_dashboard.php(11): include()
 3 SYSTEMPATH\View\View.php(228): include('C:\\xampp\\htdocs\\ci-4\\app\\Views\\admin\\admin_dashboard.php')
 4 SYSTEMPATH\View\View.php(231): CodeIgniter\View\View->CodeIgniter\View\{closure}()
 5 SYSTEMPATH\Common.php(1178): CodeIgniter\View\View->render('admin/admin_dashboard', [], true)
 6 APPPATH\Controllers\Home.php(174): view('admin/admin_dashboard')
 7 SYSTEMPATH\CodeIgniter.php(943): App\Controllers\Home->admin_dashboard()
 8 SYSTEMPATH\CodeIgniter.php(503): CodeIgniter\CodeIgniter->runController(Object(App\Controllers\Home))
 9 SYSTEMPATH\CodeIgniter.php(361): CodeIgniter\CodeIgniter->handleRequest(null, Object(Config\Cache), false)
10 FCPATH\index.php(79): CodeIgniter\CodeIgniter->run()
CRITICAL - 2024-05-16 11:22:51 --> ErrorException: include(/../include/nav.php): Failed to open stream: No such file or directory
in APPPATH\Views\admin\admin_dashboard.php on line 11.
 1 APPPATH\Views\admin\admin_dashboard.php(11): CodeIgniter\Debug\Exceptions->errorHandler(2, 'include(/../include/nav.php): Failed to open stream: No such file or directory', 'C:\\xampp\\htdocs\\ci-4\\app\\Views\\admin\\admin_dashboard.php', 11)
 2 APPPATH\Views\admin\admin_dashboard.php(11): include()
 3 SYSTEMPATH\View\View.php(228): include('C:\\xampp\\htdocs\\ci-4\\app\\Views\\admin\\admin_dashboard.php')
 4 SYSTEMPATH\View\View.php(231): CodeIgniter\View\View->CodeIgniter\View\{closure}()
 5 SYSTEMPATH\Common.php(1178): CodeIgniter\View\View->render('admin/admin_dashboard', [], true)
 6 APPPATH\Controllers\Home.php(174): view('admin/admin_dashboard')
 7 SYSTEMPATH\CodeIgniter.php(943): App\Controllers\Home->admin_dashboard()
 8 SYSTEMPATH\CodeIgniter.php(503): CodeIgniter\CodeIgniter->runController(Object(App\Controllers\Home))
 9 SYSTEMPATH\CodeIgniter.php(361): CodeIgniter\CodeIgniter->handleRequest(null, Object(Config\Cache), false)
10 FCPATH\index.php(79): CodeIgniter\CodeIgniter->run()
CRITICAL - 2024-05-16 11:22:51 --> ErrorException: include(/../include/nav.php): Failed to open stream: No such file or directory
in APPPATH\Views\admin\admin_dashboard.php on line 11.
 1 APPPATH\Views\admin\admin_dashboard.php(11): CodeIgniter\Debug\Exceptions->errorHandler(2, 'include(/../include/nav.php): Failed to open stream: No such file or directory', 'C:\\xampp\\htdocs\\ci-4\\app\\Views\\admin\\admin_dashboard.php', 11)
 2 APPPATH\Views\admin\admin_dashboard.php(11): include()
 3 SYSTEMPATH\View\View.php(228): include('C:\\xampp\\htdocs\\ci-4\\app\\Views\\admin\\admin_dashboard.php')
 4 SYSTEMPATH\View\View.php(231): CodeIgniter\View\View->CodeIgniter\View\{closure}()
 5 SYSTEMPATH\Common.php(1178): CodeIgniter\View\View->render('admin/admin_dashboard', [], true)
 6 APPPATH\Controllers\Home.php(174): view('admin/admin_dashboard')
 7 SYSTEMPATH\CodeIgniter.php(943): App\Controllers\Home->admin_dashboard()
 8 SYSTEMPATH\CodeIgniter.php(503): CodeIgniter\CodeIgniter->runController(Object(App\Controllers\Home))
 9 SYSTEMPATH\CodeIgniter.php(361): CodeIgniter\CodeIgniter->handleRequest(null, Object(Config\Cache), false)
10 FCPATH\index.php(79): CodeIgniter\CodeIgniter->run()
CRITICAL - 2024-05-16 11:24:23 --> ErrorException: include(../nav.php): Failed to open stream: No such file or directory
in APPPATH\Views\admin\admin_dashboard.php on line 11.
 1 APPPATH\Views\admin\admin_dashboard.php(11): CodeIgniter\Debug\Exceptions->errorHandler(2, 'include(../nav.php): Failed to open stream: No such file or directory', 'C:\\xampp\\htdocs\\ci-4\\app\\Views\\admin\\admin_dashboard.php', 11)
 2 APPPATH\Views\admin\admin_dashboard.php(11): include()
 3 SYSTEMPATH\View\View.php(228): include('C:\\xampp\\htdocs\\ci-4\\app\\Views\\admin\\admin_dashboard.php')
 4 SYSTEMPATH\View\View.php(231): CodeIgniter\View\View->CodeIgniter\View\{closure}()
 5 SYSTEMPATH\Common.php(1178): CodeIgniter\View\View->render('admin/admin_dashboard', [], true)
 6 APPPATH\Controllers\Home.php(174): view('admin/admin_dashboard')
 7 SYSTEMPATH\CodeIgniter.php(943): App\Controllers\Home->admin_dashboard()
 8 SYSTEMPATH\CodeIgniter.php(503): CodeIgniter\CodeIgniter->runController(Object(App\Controllers\Home))
 9 SYSTEMPATH\CodeIgniter.php(361): CodeIgniter\CodeIgniter->handleRequest(null, Object(Config\Cache), false)
10 FCPATH\index.php(79): CodeIgniter\CodeIgniter->run()
CRITICAL - 2024-05-16 11:24:25 --> ErrorException: include(../nav.php): Failed to open stream: No such file or directory
in APPPATH\Views\admin\admin_dashboard.php on line 11.
 1 APPPATH\Views\admin\admin_dashboard.php(11): CodeIgniter\Debug\Exceptions->errorHandler(2, 'include(../nav.php): Failed to open stream: No such file or directory', 'C:\\xampp\\htdocs\\ci-4\\app\\Views\\admin\\admin_dashboard.php', 11)
 2 APPPATH\Views\admin\admin_dashboard.php(11): include()
 3 SYSTEMPATH\View\View.php(228): include('C:\\xampp\\htdocs\\ci-4\\app\\Views\\admin\\admin_dashboard.php')
 4 SYSTEMPATH\View\View.php(231): CodeIgniter\View\View->CodeIgniter\View\{closure}()
 5 SYSTEMPATH\Common.php(1178): CodeIgniter\View\View->render('admin/admin_dashboard', [], true)
 6 APPPATH\Controllers\Home.php(174): view('admin/admin_dashboard')
 7 SYSTEMPATH\CodeIgniter.php(943): App\Controllers\Home->admin_dashboard()
 8 SYSTEMPATH\CodeIgniter.php(503): CodeIgniter\CodeIgniter->runController(Object(App\Controllers\Home))
 9 SYSTEMPATH\CodeIgniter.php(361): CodeIgniter\CodeIgniter->handleRequest(null, Object(Config\Cache), false)
10 FCPATH\index.php(79): CodeIgniter\CodeIgniter->run()
CRITICAL - 2024-05-16 11:24:25 --> ErrorException: include(../nav.php): Failed to open stream: No such file or directory
in APPPATH\Views\admin\admin_dashboard.php on line 11.
 1 APPPATH\Views\admin\admin_dashboard.php(11): CodeIgniter\Debug\Exceptions->errorHandler(2, 'include(../nav.php): Failed to open stream: No such file or directory', 'C:\\xampp\\htdocs\\ci-4\\app\\Views\\admin\\admin_dashboard.php', 11)
 2 APPPATH\Views\admin\admin_dashboard.php(11): include()
 3 SYSTEMPATH\View\View.php(228): include('C:\\xampp\\htdocs\\ci-4\\app\\Views\\admin\\admin_dashboard.php')
 4 SYSTEMPATH\View\View.php(231): CodeIgniter\View\View->CodeIgniter\View\{closure}()
 5 SYSTEMPATH\Common.php(1178): CodeIgniter\View\View->render('admin/admin_dashboard', [], true)
 6 APPPATH\Controllers\Home.php(174): view('admin/admin_dashboard')
 7 SYSTEMPATH\CodeIgniter.php(943): App\Controllers\Home->admin_dashboard()
 8 SYSTEMPATH\CodeIgniter.php(503): CodeIgniter\CodeIgniter->runController(Object(App\Controllers\Home))
 9 SYSTEMPATH\CodeIgniter.php(361): CodeIgniter\CodeIgniter->handleRequest(null, Object(Config\Cache), false)
10 FCPATH\index.php(79): CodeIgniter\CodeIgniter->run()
CRITICAL - 2024-05-16 11:24:25 --> ErrorException: include(../nav.php): Failed to open stream: No such file or directory
in APPPATH\Views\admin\admin_dashboard.php on line 11.
 1 APPPATH\Views\admin\admin_dashboard.php(11): CodeIgniter\Debug\Exceptions->errorHandler(2, 'include(../nav.php): Failed to open stream: No such file or directory', 'C:\\xampp\\htdocs\\ci-4\\app\\Views\\admin\\admin_dashboard.php', 11)
 2 APPPATH\Views\admin\admin_dashboard.php(11): include()
 3 SYSTEMPATH\View\View.php(228): include('C:\\xampp\\htdocs\\ci-4\\app\\Views\\admin\\admin_dashboard.php')
 4 SYSTEMPATH\View\View.php(231): CodeIgniter\View\View->CodeIgniter\View\{closure}()
 5 SYSTEMPATH\Common.php(1178): CodeIgniter\View\View->render('admin/admin_dashboard', [], true)
 6 APPPATH\Controllers\Home.php(174): view('admin/admin_dashboard')
 7 SYSTEMPATH\CodeIgniter.php(943): App\Controllers\Home->admin_dashboard()
 8 SYSTEMPATH\CodeIgniter.php(503): CodeIgniter\CodeIgniter->runController(Object(App\Controllers\Home))
 9 SYSTEMPATH\CodeIgniter.php(361): CodeIgniter\CodeIgniter->handleRequest(null, Object(Config\Cache), false)
10 FCPATH\index.php(79): CodeIgniter\CodeIgniter->run()
CRITICAL - 2024-05-16 11:24:26 --> ErrorException: include(../nav.php): Failed to open stream: No such file or directory
in APPPATH\Views\admin\admin_dashboard.php on line 11.
 1 APPPATH\Views\admin\admin_dashboard.php(11): CodeIgniter\Debug\Exceptions->errorHandler(2, 'include(../nav.php): Failed to open stream: No such file or directory', 'C:\\xampp\\htdocs\\ci-4\\app\\Views\\admin\\admin_dashboard.php', 11)
 2 APPPATH\Views\admin\admin_dashboard.php(11): include()
 3 SYSTEMPATH\View\View.php(228): include('C:\\xampp\\htdocs\\ci-4\\app\\Views\\admin\\admin_dashboard.php')
 4 SYSTEMPATH\View\View.php(231): CodeIgniter\View\View->CodeIgniter\View\{closure}()
 5 SYSTEMPATH\Common.php(1178): CodeIgniter\View\View->render('admin/admin_dashboard', [], true)
 6 APPPATH\Controllers\Home.php(174): view('admin/admin_dashboard')
 7 SYSTEMPATH\CodeIgniter.php(943): App\Controllers\Home->admin_dashboard()
 8 SYSTEMPATH\CodeIgniter.php(503): CodeIgniter\CodeIgniter->runController(Object(App\Controllers\Home))
 9 SYSTEMPATH\CodeIgniter.php(361): CodeIgniter\CodeIgniter->handleRequest(null, Object(Config\Cache), false)
10 FCPATH\index.php(79): CodeIgniter\CodeIgniter->run()
CRITICAL - 2024-05-16 11:25:11 --> ErrorException: include(views/include/nav.php): Failed to open stream: No such file or directory
in APPPATH\Views\admin\admin_dashboard.php on line 12.
 1 APPPATH\Views\admin\admin_dashboard.php(12): CodeIgniter\Debug\Exceptions->errorHandler(2, 'include(views/include/nav.php): Failed to open stream: No such file or directory', 'C:\\xampp\\htdocs\\ci-4\\app\\Views\\admin\\admin_dashboard.php', 12)
 2 APPPATH\Views\admin\admin_dashboard.php(12): include()
 3 SYSTEMPATH\View\View.php(228): include('C:\\xampp\\htdocs\\ci-4\\app\\Views\\admin\\admin_dashboard.php')
 4 SYSTEMPATH\View\View.php(231): CodeIgniter\View\View->CodeIgniter\View\{closure}()
 5 SYSTEMPATH\Common.php(1178): CodeIgniter\View\View->render('admin/admin_dashboard', [], true)
 6 APPPATH\Controllers\Home.php(174): view('admin/admin_dashboard')
 7 SYSTEMPATH\CodeIgniter.php(943): App\Controllers\Home->admin_dashboard()
 8 SYSTEMPATH\CodeIgniter.php(503): CodeIgniter\CodeIgniter->runController(Object(App\Controllers\Home))
 9 SYSTEMPATH\CodeIgniter.php(361): CodeIgniter\CodeIgniter->handleRequest(null, Object(Config\Cache), false)
10 FCPATH\index.php(79): CodeIgniter\CodeIgniter->run()
CRITICAL - 2024-05-16 11:25:13 --> ErrorException: include(views/include/nav.php): Failed to open stream: No such file or directory
in APPPATH\Views\admin\admin_dashboard.php on line 12.
 1 APPPATH\Views\admin\admin_dashboard.php(12): CodeIgniter\Debug\Exceptions->errorHandler(2, 'include(views/include/nav.php): Failed to open stream: No such file or directory', 'C:\\xampp\\htdocs\\ci-4\\app\\Views\\admin\\admin_dashboard.php', 12)
 2 APPPATH\Views\admin\admin_dashboard.php(12): include()
 3 SYSTEMPATH\View\View.php(228): include('C:\\xampp\\htdocs\\ci-4\\app\\Views\\admin\\admin_dashboard.php')
 4 SYSTEMPATH\View\View.php(231): CodeIgniter\View\View->CodeIgniter\View\{closure}()
 5 SYSTEMPATH\Common.php(1178): CodeIgniter\View\View->render('admin/admin_dashboard', [], true)
 6 APPPATH\Controllers\Home.php(174): view('admin/admin_dashboard')
 7 SYSTEMPATH\CodeIgniter.php(943): App\Controllers\Home->admin_dashboard()
 8 SYSTEMPATH\CodeIgniter.php(503): CodeIgniter\CodeIgniter->runController(Object(App\Controllers\Home))
 9 SYSTEMPATH\CodeIgniter.php(361): CodeIgniter\CodeIgniter->handleRequest(null, Object(Config\Cache), false)
10 FCPATH\index.php(79): CodeIgniter\CodeIgniter->run()
CRITICAL - 2024-05-16 11:26:42 --> ErrorException: include(views/include/nav.php): Failed to open stream: No such file or directory
in APPPATH\Views\admin\admin_dashboard.php on line 12.
 1 APPPATH\Views\admin\admin_dashboard.php(12): CodeIgniter\Debug\Exceptions->errorHandler(2, 'include(views/include/nav.php): Failed to open stream: No such file or directory', 'C:\\xampp\\htdocs\\ci-4\\app\\Views\\admin\\admin_dashboard.php', 12)
 2 APPPATH\Views\admin\admin_dashboard.php(12): include()
 3 SYSTEMPATH\View\View.php(228): include('C:\\xampp\\htdocs\\ci-4\\app\\Views\\admin\\admin_dashboard.php')
 4 SYSTEMPATH\View\View.php(231): CodeIgniter\View\View->CodeIgniter\View\{closure}()
 5 SYSTEMPATH\Common.php(1178): CodeIgniter\View\View->render('admin/admin_dashboard', [], true)
 6 APPPATH\Controllers\Home.php(177): view('admin/admin_dashboard')
 7 SYSTEMPATH\CodeIgniter.php(943): App\Controllers\Home->admin_dashboard()
 8 SYSTEMPATH\CodeIgniter.php(503): CodeIgniter\CodeIgniter->runController(Object(App\Controllers\Home))
 9 SYSTEMPATH\CodeIgniter.php(361): CodeIgniter\CodeIgniter->handleRequest(null, Object(Config\Cache), false)
10 FCPATH\index.php(79): CodeIgniter\CodeIgniter->run()
CRITICAL - 2024-05-16 11:26:43 --> ErrorException: include(views/include/nav.php): Failed to open stream: No such file or directory
in APPPATH\Views\admin\admin_dashboard.php on line 12.
 1 APPPATH\Views\admin\admin_dashboard.php(12): CodeIgniter\Debug\Exceptions->errorHandler(2, 'include(views/include/nav.php): Failed to open stream: No such file or directory', 'C:\\xampp\\htdocs\\ci-4\\app\\Views\\admin\\admin_dashboard.php', 12)
 2 APPPATH\Views\admin\admin_dashboard.php(12): include()
 3 SYSTEMPATH\View\View.php(228): include('C:\\xampp\\htdocs\\ci-4\\app\\Views\\admin\\admin_dashboard.php')
 4 SYSTEMPATH\View\View.php(231): CodeIgniter\View\View->CodeIgniter\View\{closure}()
 5 SYSTEMPATH\Common.php(1178): CodeIgniter\View\View->render('admin/admin_dashboard', [], true)
 6 APPPATH\Controllers\Home.php(177): view('admin/admin_dashboard')
 7 SYSTEMPATH\CodeIgniter.php(943): App\Controllers\Home->admin_dashboard()
 8 SYSTEMPATH\CodeIgniter.php(503): CodeIgniter\CodeIgniter->runController(Object(App\Controllers\Home))
 9 SYSTEMPATH\CodeIgniter.php(361): CodeIgniter\CodeIgniter->handleRequest(null, Object(Config\Cache), false)
10 FCPATH\index.php(79): CodeIgniter\CodeIgniter->run()
CRITICAL - 2024-05-16 11:26:43 --> ErrorException: include(views/include/nav.php): Failed to open stream: No such file or directory
in APPPATH\Views\admin\admin_dashboard.php on line 12.
 1 APPPATH\Views\admin\admin_dashboard.php(12): CodeIgniter\Debug\Exceptions->errorHandler(2, 'include(views/include/nav.php): Failed to open stream: No such file or directory', 'C:\\xampp\\htdocs\\ci-4\\app\\Views\\admin\\admin_dashboard.php', 12)
 2 APPPATH\Views\admin\admin_dashboard.php(12): include()
 3 SYSTEMPATH\View\View.php(228): include('C:\\xampp\\htdocs\\ci-4\\app\\Views\\admin\\admin_dashboard.php')
 4 SYSTEMPATH\View\View.php(231): CodeIgniter\View\View->CodeIgniter\View\{closure}()
 5 SYSTEMPATH\Common.php(1178): CodeIgniter\View\View->render('admin/admin_dashboard', [], true)
 6 APPPATH\Controllers\Home.php(177): view('admin/admin_dashboard')
 7 SYSTEMPATH\CodeIgniter.php(943): App\Controllers\Home->admin_dashboard()
 8 SYSTEMPATH\CodeIgniter.php(503): CodeIgniter\CodeIgniter->runController(Object(App\Controllers\Home))
 9 SYSTEMPATH\CodeIgniter.php(361): CodeIgniter\CodeIgniter->handleRequest(null, Object(Config\Cache), false)
10 FCPATH\index.php(79): CodeIgniter\CodeIgniter->run()
CRITICAL - 2024-05-16 11:26:43 --> ErrorException: include(views/include/nav.php): Failed to open stream: No such file or directory
in APPPATH\Views\admin\admin_dashboard.php on line 12.
 1 APPPATH\Views\admin\admin_dashboard.php(12): CodeIgniter\Debug\Exceptions->errorHandler(2, 'include(views/include/nav.php): Failed to open stream: No such file or directory', 'C:\\xampp\\htdocs\\ci-4\\app\\Views\\admin\\admin_dashboard.php', 12)
 2 APPPATH\Views\admin\admin_dashboard.php(12): include()
 3 SYSTEMPATH\View\View.php(228): include('C:\\xampp\\htdocs\\ci-4\\app\\Views\\admin\\admin_dashboard.php')
 4 SYSTEMPATH\View\View.php(231): CodeIgniter\View\View->CodeIgniter\View\{closure}()
 5 SYSTEMPATH\Common.php(1178): CodeIgniter\View\View->render('admin/admin_dashboard', [], true)
 6 APPPATH\Controllers\Home.php(177): view('admin/admin_dashboard')
 7 SYSTEMPATH\CodeIgniter.php(943): App\Controllers\Home->admin_dashboard()
 8 SYSTEMPATH\CodeIgniter.php(503): CodeIgniter\CodeIgniter->runController(Object(App\Controllers\Home))
 9 SYSTEMPATH\CodeIgniter.php(361): CodeIgniter\CodeIgniter->handleRequest(null, Object(Config\Cache), false)
10 FCPATH\index.php(79): CodeIgniter\CodeIgniter->run()
CRITICAL - 2024-05-16 11:26:43 --> ErrorException: include(views/include/nav.php): Failed to open stream: No such file or directory
in APPPATH\Views\admin\admin_dashboard.php on line 12.
 1 APPPATH\Views\admin\admin_dashboard.php(12): CodeIgniter\Debug\Exceptions->errorHandler(2, 'include(views/include/nav.php): Failed to open stream: No such file or directory', 'C:\\xampp\\htdocs\\ci-4\\app\\Views\\admin\\admin_dashboard.php', 12)
 2 APPPATH\Views\admin\admin_dashboard.php(12): include()
 3 SYSTEMPATH\View\View.php(228): include('C:\\xampp\\htdocs\\ci-4\\app\\Views\\admin\\admin_dashboard.php')
 4 SYSTEMPATH\View\View.php(231): CodeIgniter\View\View->CodeIgniter\View\{closure}()
 5 SYSTEMPATH\Common.php(1178): CodeIgniter\View\View->render('admin/admin_dashboard', [], true)
 6 APPPATH\Controllers\Home.php(177): view('admin/admin_dashboard')
 7 SYSTEMPATH\CodeIgniter.php(943): App\Controllers\Home->admin_dashboard()
 8 SYSTEMPATH\CodeIgniter.php(503): CodeIgniter\CodeIgniter->runController(Object(App\Controllers\Home))
 9 SYSTEMPATH\CodeIgniter.php(361): CodeIgniter\CodeIgniter->handleRequest(null, Object(Config\Cache), false)
10 FCPATH\index.php(79): CodeIgniter\CodeIgniter->run()
CRITICAL - 2024-05-16 11:26:44 --> ErrorException: include(views/include/nav.php): Failed to open stream: No such file or directory
in APPPATH\Views\admin\admin_dashboard.php on line 12.
 1 APPPATH\Views\admin\admin_dashboard.php(12): CodeIgniter\Debug\Exceptions->errorHandler(2, 'include(views/include/nav.php): Failed to open stream: No such file or directory', 'C:\\xampp\\htdocs\\ci-4\\app\\Views\\admin\\admin_dashboard.php', 12)
 2 APPPATH\Views\admin\admin_dashboard.php(12): include()
 3 SYSTEMPATH\View\View.php(228): include('C:\\xampp\\htdocs\\ci-4\\app\\Views\\admin\\admin_dashboard.php')
 4 SYSTEMPATH\View\View.php(231): CodeIgniter\View\View->CodeIgniter\View\{closure}()
 5 SYSTEMPATH\Common.php(1178): CodeIgniter\View\View->render('admin/admin_dashboard', [], true)
 6 APPPATH\Controllers\Home.php(177): view('admin/admin_dashboard')
 7 SYSTEMPATH\CodeIgniter.php(943): App\Controllers\Home->admin_dashboard()
 8 SYSTEMPATH\CodeIgniter.php(503): CodeIgniter\CodeIgniter->runController(Object(App\Controllers\Home))
 9 SYSTEMPATH\CodeIgniter.php(361): CodeIgniter\CodeIgniter->handleRequest(null, Object(Config\Cache), false)
10 FCPATH\index.php(79): CodeIgniter\CodeIgniter->run()
CRITICAL - 2024-05-16 11:26:45 --> ErrorException: include(views/include/nav.php): Failed to open stream: No such file or directory
in APPPATH\Views\admin\admin_dashboard.php on line 12.
 1 APPPATH\Views\admin\admin_dashboard.php(12): CodeIgniter\Debug\Exceptions->errorHandler(2, 'include(views/include/nav.php): Failed to open stream: No such file or directory', 'C:\\xampp\\htdocs\\ci-4\\app\\Views\\admin\\admin_dashboard.php', 12)
 2 APPPATH\Views\admin\admin_dashboard.php(12): include()
 3 SYSTEMPATH\View\View.php(228): include('C:\\xampp\\htdocs\\ci-4\\app\\Views\\admin\\admin_dashboard.php')
 4 SYSTEMPATH\View\View.php(231): CodeIgniter\View\View->CodeIgniter\View\{closure}()
 5 SYSTEMPATH\Common.php(1178): CodeIgniter\View\View->render('admin/admin_dashboard', [], true)
 6 APPPATH\Controllers\Home.php(177): view('admin/admin_dashboard')
 7 SYSTEMPATH\CodeIgniter.php(943): App\Controllers\Home->admin_dashboard()
 8 SYSTEMPATH\CodeIgniter.php(503): CodeIgniter\CodeIgniter->runController(Object(App\Controllers\Home))
 9 SYSTEMPATH\CodeIgniter.php(361): CodeIgniter\CodeIgniter->handleRequest(null, Object(Config\Cache), false)
10 FCPATH\index.php(79): CodeIgniter\CodeIgniter->run()
CRITICAL - 2024-05-16 11:27:56 --> ErrorException: include_once(include/nav.php): Failed to open stream: No such file or directory
in APPPATH\Views\admin\admin_dashboard.php on line 12.
 1 APPPATH\Views\admin\admin_dashboard.php(12): CodeIgniter\Debug\Exceptions->errorHandler(2, 'include_once(include/nav.php): Failed to open stream: No such file or directory', 'C:\\xampp\\htdocs\\ci-4\\app\\Views\\admin\\admin_dashboard.php', 12)
 2 APPPATH\Views\admin\admin_dashboard.php(12): include_once()
 3 SYSTEMPATH\View\View.php(228): include('C:\\xampp\\htdocs\\ci-4\\app\\Views\\admin\\admin_dashboard.php')
 4 SYSTEMPATH\View\View.php(231): CodeIgniter\View\View->CodeIgniter\View\{closure}()
 5 SYSTEMPATH\Common.php(1178): CodeIgniter\View\View->render('admin/admin_dashboard', [], true)
 6 APPPATH\Controllers\Home.php(177): view('admin/admin_dashboard')
 7 SYSTEMPATH\CodeIgniter.php(943): App\Controllers\Home->admin_dashboard()
 8 SYSTEMPATH\CodeIgniter.php(503): CodeIgniter\CodeIgniter->runController(Object(App\Controllers\Home))
 9 SYSTEMPATH\CodeIgniter.php(361): CodeIgniter\CodeIgniter->handleRequest(null, Object(Config\Cache), false)
10 FCPATH\index.php(79): CodeIgniter\CodeIgniter->run()
CRITICAL - 2024-05-16 11:27:57 --> ErrorException: include_once(include/nav.php): Failed to open stream: No such file or directory
in APPPATH\Views\admin\admin_dashboard.php on line 12.
 1 APPPATH\Views\admin\admin_dashboard.php(12): CodeIgniter\Debug\Exceptions->errorHandler(2, 'include_once(include/nav.php): Failed to open stream: No such file or directory', 'C:\\xampp\\htdocs\\ci-4\\app\\Views\\admin\\admin_dashboard.php', 12)
 2 APPPATH\Views\admin\admin_dashboard.php(12): include_once()
 3 SYSTEMPATH\View\View.php(228): include('C:\\xampp\\htdocs\\ci-4\\app\\Views\\admin\\admin_dashboard.php')
 4 SYSTEMPATH\View\View.php(231): CodeIgniter\View\View->CodeIgniter\View\{closure}()
 5 SYSTEMPATH\Common.php(1178): CodeIgniter\View\View->render('admin/admin_dashboard', [], true)
 6 APPPATH\Controllers\Home.php(177): view('admin/admin_dashboard')
 7 SYSTEMPATH\CodeIgniter.php(943): App\Controllers\Home->admin_dashboard()
 8 SYSTEMPATH\CodeIgniter.php(503): CodeIgniter\CodeIgniter->runController(Object(App\Controllers\Home))
 9 SYSTEMPATH\CodeIgniter.php(361): CodeIgniter\CodeIgniter->handleRequest(null, Object(Config\Cache), false)
10 FCPATH\index.php(79): CodeIgniter\CodeIgniter->run()
CRITICAL - 2024-05-16 11:27:57 --> ErrorException: include_once(include/nav.php): Failed to open stream: No such file or directory
in APPPATH\Views\admin\admin_dashboard.php on line 12.
 1 APPPATH\Views\admin\admin_dashboard.php(12): CodeIgniter\Debug\Exceptions->errorHandler(2, 'include_once(include/nav.php): Failed to open stream: No such file or directory', 'C:\\xampp\\htdocs\\ci-4\\app\\Views\\admin\\admin_dashboard.php', 12)
 2 APPPATH\Views\admin\admin_dashboard.php(12): include_once()
 3 SYSTEMPATH\View\View.php(228): include('C:\\xampp\\htdocs\\ci-4\\app\\Views\\admin\\admin_dashboard.php')
 4 SYSTEMPATH\View\View.php(231): CodeIgniter\View\View->CodeIgniter\View\{closure}()
 5 SYSTEMPATH\Common.php(1178): CodeIgniter\View\View->render('admin/admin_dashboard', [], true)
 6 APPPATH\Controllers\Home.php(177): view('admin/admin_dashboard')
 7 SYSTEMPATH\CodeIgniter.php(943): App\Controllers\Home->admin_dashboard()
 8 SYSTEMPATH\CodeIgniter.php(503): CodeIgniter\CodeIgniter->runController(Object(App\Controllers\Home))
 9 SYSTEMPATH\CodeIgniter.php(361): CodeIgniter\CodeIgniter->handleRequest(null, Object(Config\Cache), false)
10 FCPATH\index.php(79): CodeIgniter\CodeIgniter->run()
CRITICAL - 2024-05-16 11:27:57 --> ErrorException: include_once(include/nav.php): Failed to open stream: No such file or directory
in APPPATH\Views\admin\admin_dashboard.php on line 12.
 1 APPPATH\Views\admin\admin_dashboard.php(12): CodeIgniter\Debug\Exceptions->errorHandler(2, 'include_once(include/nav.php): Failed to open stream: No such file or directory', 'C:\\xampp\\htdocs\\ci-4\\app\\Views\\admin\\admin_dashboard.php', 12)
 2 APPPATH\Views\admin\admin_dashboard.php(12): include_once()
 3 SYSTEMPATH\View\View.php(228): include('C:\\xampp\\htdocs\\ci-4\\app\\Views\\admin\\admin_dashboard.php')
 4 SYSTEMPATH\View\View.php(231): CodeIgniter\View\View->CodeIgniter\View\{closure}()
 5 SYSTEMPATH\Common.php(1178): CodeIgniter\View\View->render('admin/admin_dashboard', [], true)
 6 APPPATH\Controllers\Home.php(177): view('admin/admin_dashboard')
 7 SYSTEMPATH\CodeIgniter.php(943): App\Controllers\Home->admin_dashboard()
 8 SYSTEMPATH\CodeIgniter.php(503): CodeIgniter\CodeIgniter->runController(Object(App\Controllers\Home))
 9 SYSTEMPATH\CodeIgniter.php(361): CodeIgniter\CodeIgniter->handleRequest(null, Object(Config\Cache), false)
10 FCPATH\index.php(79): CodeIgniter\CodeIgniter->run()
CRITICAL - 2024-05-16 11:28:29 --> ErrorException: require(include/nav.php): Failed to open stream: No such file or directory
in APPPATH\Views\admin\admin_dashboard.php on line 12.
 1 APPPATH\Views\admin\admin_dashboard.php(12): CodeIgniter\Debug\Exceptions->errorHandler(2, 'require(include/nav.php): Failed to open stream: No such file or directory', 'C:\\xampp\\htdocs\\ci-4\\app\\Views\\admin\\admin_dashboard.php', 12)
 2 APPPATH\Views\admin\admin_dashboard.php(12): require()
 3 SYSTEMPATH\View\View.php(228): include('C:\\xampp\\htdocs\\ci-4\\app\\Views\\admin\\admin_dashboard.php')
 4 SYSTEMPATH\View\View.php(231): CodeIgniter\View\View->CodeIgniter\View\{closure}()
 5 SYSTEMPATH\Common.php(1178): CodeIgniter\View\View->render('admin/admin_dashboard', [], true)
 6 APPPATH\Controllers\Home.php(177): view('admin/admin_dashboard')
 7 SYSTEMPATH\CodeIgniter.php(943): App\Controllers\Home->admin_dashboard()
 8 SYSTEMPATH\CodeIgniter.php(503): CodeIgniter\CodeIgniter->runController(Object(App\Controllers\Home))
 9 SYSTEMPATH\CodeIgniter.php(361): CodeIgniter\CodeIgniter->handleRequest(null, Object(Config\Cache), false)
10 FCPATH\index.php(79): CodeIgniter\CodeIgniter->run()
CRITICAL - 2024-05-16 11:34:48 --> ParseError: syntax error, unexpected token "endif", expecting end of file
in APPPATH\Views\include\nav.php on line 96.
 1 SYSTEMPATH\View\View.php(228): include()
 2 SYSTEMPATH\View\View.php(231): CodeIgniter\View\View->CodeIgniter\View\{closure}()
 3 SYSTEMPATH\Common.php(1178): CodeIgniter\View\View->render('admin/admin_dashboard', [], true)
 4 APPPATH\Controllers\Home.php(177): view('admin/admin_dashboard')
 5 SYSTEMPATH\CodeIgniter.php(943): App\Controllers\Home->admin_dashboard()
 6 SYSTEMPATH\CodeIgniter.php(503): CodeIgniter\CodeIgniter->runController(Object(App\Controllers\Home))
 7 SYSTEMPATH\CodeIgniter.php(361): CodeIgniter\CodeIgniter->handleRequest(null, Object(Config\Cache), false)
 8 FCPATH\index.php(79): CodeIgniter\CodeIgniter->run()
CRITICAL - 2024-05-16 11:45:34 --> ParseError: syntax error, unexpected token "="
in APPPATH\Controllers\Home.php on line 174.
 1 SYSTEMPATH\Autoloader\Autoloader.php(290): CodeIgniter\Autoloader\Autoloader->includeFile('C:\\xampp\\htdocs\\ci-4\\app\\Controllers\\Home.php')
 2 SYSTEMPATH\Autoloader\Autoloader.php(266): CodeIgniter\Autoloader\Autoloader->loadInNamespace('App\\Controllers\\Home')
 3 [internal function]: CodeIgniter\Autoloader\Autoloader->loadClass('App\\Controllers\\Home')
 4 SYSTEMPATH\CodeIgniter.php(901): class_exists('\\App\\Controllers\\Home', true)
 5 SYSTEMPATH\CodeIgniter.php(490): CodeIgniter\CodeIgniter->startController()
 6 SYSTEMPATH\CodeIgniter.php(361): CodeIgniter\CodeIgniter->handleRequest(null, Object(Config\Cache), false)
 7 FCPATH\index.php(79): CodeIgniter\CodeIgniter->run()
CRITICAL - 2024-05-16 12:47:34 --> ErrorException: Undefined variable $session
in APPPATH\Views\include\nav.php on line 62.
 1 APPPATH\Views\include\nav.php(62): CodeIgniter\Debug\Exceptions->errorHandler(2, 'Undefined variable $session', 'C:\\xampp\\htdocs\\ci-4\\app\\Views\\include\\nav.php', 62)
 2 APPPATH\Views\home.php(54): include('C:\\xampp\\htdocs\\ci-4\\app\\Views\\include\\nav.php')
 3 SYSTEMPATH\View\View.php(228): include('C:\\xampp\\htdocs\\ci-4\\app\\Views\\home.php')
 4 SYSTEMPATH\View\View.php(231): CodeIgniter\View\View->CodeIgniter\View\{closure}()
 5 SYSTEMPATH\Common.php(1178): CodeIgniter\View\View->render('home', [], true)
 6 APPPATH\Controllers\Home.php(16): view('home', [...])
 7 SYSTEMPATH\CodeIgniter.php(943): App\Controllers\Home->index()
 8 SYSTEMPATH\CodeIgniter.php(503): CodeIgniter\CodeIgniter->runController(Object(App\Controllers\Home))
 9 SYSTEMPATH\CodeIgniter.php(361): CodeIgniter\CodeIgniter->handleRequest(null, Object(Config\Cache), false)
10 FCPATH\index.php(79): CodeIgniter\CodeIgniter->run()
CRITICAL - 2024-05-16 12:47:36 --> ErrorException: Undefined variable $session
in APPPATH\Views\include\nav.php on line 62.
 1 APPPATH\Views\include\nav.php(62): CodeIgniter\Debug\Exceptions->errorHandler(2, 'Undefined variable $session', 'C:\\xampp\\htdocs\\ci-4\\app\\Views\\include\\nav.php', 62)
 2 APPPATH\Views\home.php(54): include('C:\\xampp\\htdocs\\ci-4\\app\\Views\\include\\nav.php')
 3 SYSTEMPATH\View\View.php(228): include('C:\\xampp\\htdocs\\ci-4\\app\\Views\\home.php')
 4 SYSTEMPATH\View\View.php(231): CodeIgniter\View\View->CodeIgniter\View\{closure}()
 5 SYSTEMPATH\Common.php(1178): CodeIgniter\View\View->render('home', [], true)
 6 APPPATH\Controllers\Home.php(16): view('home', [...])
 7 SYSTEMPATH\CodeIgniter.php(943): App\Controllers\Home->index()
 8 SYSTEMPATH\CodeIgniter.php(503): CodeIgniter\CodeIgniter->runController(Object(App\Controllers\Home))
 9 SYSTEMPATH\CodeIgniter.php(361): CodeIgniter\CodeIgniter->handleRequest(null, Object(Config\Cache), false)
10 FCPATH\index.php(79): CodeIgniter\CodeIgniter->run()
CRITICAL - 2024-05-16 13:02:16 --> ParseError: syntax error, unexpected token ";"
in APPPATH\Views\include\nav.php on line 59.
 1 SYSTEMPATH\View\View.php(228): include()
 2 SYSTEMPATH\View\View.php(231): CodeIgniter\View\View->CodeIgniter\View\{closure}()
 3 SYSTEMPATH\Common.php(1178): CodeIgniter\View\View->render('dashboard', [], true)
 4 APPPATH\Controllers\Home.php(112): view('dashboard', [...])
 5 SYSTEMPATH\CodeIgniter.php(943): App\Controllers\Home->dashboard()
 6 SYSTEMPATH\CodeIgniter.php(503): CodeIgniter\CodeIgniter->runController(Object(App\Controllers\Home))
 7 SYSTEMPATH\CodeIgniter.php(361): CodeIgniter\CodeIgniter->handleRequest(null, Object(Config\Cache), false)
 8 FCPATH\index.php(79): CodeIgniter\CodeIgniter->run()
CRITICAL - 2024-05-16 13:02:17 --> ParseError: syntax error, unexpected token ";"
in APPPATH\Views\include\nav.php on line 59.
 1 SYSTEMPATH\View\View.php(228): include()
 2 SYSTEMPATH\View\View.php(231): CodeIgniter\View\View->CodeIgniter\View\{closure}()
 3 SYSTEMPATH\Common.php(1178): CodeIgniter\View\View->render('dashboard', [], true)
 4 APPPATH\Controllers\Home.php(112): view('dashboard', [...])
 5 SYSTEMPATH\CodeIgniter.php(943): App\Controllers\Home->dashboard()
 6 SYSTEMPATH\CodeIgniter.php(503): CodeIgniter\CodeIgniter->runController(Object(App\Controllers\Home))
 7 SYSTEMPATH\CodeIgniter.php(361): CodeIgniter\CodeIgniter->handleRequest(null, Object(Config\Cache), false)
 8 FCPATH\index.php(79): CodeIgniter\CodeIgniter->run()
